02/09/25 06:22:33.905 [134215062521408] DEBUG Ex -  Wait...
02/09/25 06:22:34.001 [134215062521408] DEBUG Ex -  Wake...
02/09/25 06:22:34.001 [134215062521408] DEBUG Ex -  Prepare...
02/09/25 06:22:34.001 [134215062521408] DEBUG Ex -  Process...
02/09/25 06:22:34.099 [134215062521408] DEBUG Ex -  Store...
02/09/25 06:22:34.099 [134215062521408] DEBUG Ex -  Done...


02/09/25 06:22:34.099 [134215062521408] DEBUG Ex -  Wait...
02/09/25 06:22:34.099 [134215062521408] DEBUG Ex -  Wake...
02/09/25 06:22:34.099 [134215062521408] DEBUG Ex -  Prepare...
02/09/25 06:22:34.099 [134215062521408] DEBUG Ex -  Process...
02/09/25 06:22:34.182 [134215062521408] DEBUG Ex -  Store...
02/09/25 06:22:34.182 [134215062521408] DEBUG Ex -  Done...


02/09/25 06:22:34.182 [134215062521408] DEBUG Ex -  Wait...
02/09/25 06:22:34.182 [134215062521408] DEBUG Ex -  Wake...
02/09/25 06:22:34.182 [134215062521408] DEBUG Ex -  Prepare...
02/09/25 06:22:34.182 [134215062521408] DEBUG Ex -  Process...
02/09/25 06:22:34.256 [134215062521408] DEBUG Ex -  Store...
02/09/25 06:22:34.256 [134215062521408] DEBUG Ex -  Done...


02/09/25 06:22:34.256 [134215062521408] DEBUG Ex -  Wait...
02/09/25 06:22:34.256 [134215062521408] DEBUG Ex -  Wake...
02/09/25 06:22:34.256 [134215062521408] DEBUG Ex -  Prepare...
02/09/25 06:22:34.256 [134215062521408] DEBUG Ex -  Process...
02/09/25 06:22:34.326 [134215062521408] DEBUG Ex -  Store...
02/09/25 06:22:34.326 [134215062521408] DEBUG Ex -  Done...


02/09/25 06:22:34.326 [134215062521408] DEBUG Ex -  Wait...
02/09/25 06:22:34.326 [134215062521408] DEBUG Ex -  Wake...
02/09/25 06:22:34.326 [134215062521408] DEBUG Ex -  Prepare...
02/09/25 06:22:34.326 [134215062521408] DEBUG Ex -  Process...
02/09/25 06:22:34.407 [134215062521408] DEBUG Ex -  Store...
02/09/25 06:22:34.407 [134215062521408] DEBUG Ex -  Done...


02/09/25 06:22:34.407 [134215062521408] DEBUG Ex -  Wait...
02/09/25 06:22:34.407 [134215062521408] DEBUG Ex -  Wake...
02/09/25 06:22:34.407 [134215062521408] DEBUG Ex -  Prepare...
02/09/25 06:22:34.407 [134215062521408] DEBUG Ex -  Process...
02/09/25 06:22:34.485 [134215062521408] DEBUG Ex -  Store...
02/09/25 06:22:34.485 [134215062521408] DEBUG Ex -  Done...


02/09/25 06:22:34.485 [134215062521408] DEBUG Ex -  Wait...
02/09/25 06:22:34.485 [134215062521408] DEBUG Ex -  Wake...
02/09/25 06:22:34.485 [134215062521408] DEBUG Ex -  Prepare...
02/09/25 06:22:34.485 [134215062521408] DEBUG Ex -  Process...
02/09/25 06:22:34.558 [134215062521408] DEBUG Ex -  Store...
02/09/25 06:22:34.558 [134215062521408] DEBUG Ex -  Done...


02/09/25 06:22:34.558 [134215062521408] DEBUG Ex -  Wait...
02/09/25 06:22:34.558 [134215062521408] DEBUG Ex -  Wake...
02/09/25 06:22:34.558 [134215062521408] DEBUG Ex -  Prepare...
02/09/25 06:22:34.558 [134215062521408] DEBUG Ex -  Process...
02/09/25 06:22:34.631 [134215062521408] DEBUG Ex -  Store...
02/09/25 06:22:34.631 [134215062521408] DEBUG Ex -  Done...


02/09/25 06:22:34.631 [134215062521408] DEBUG Ex -  Wait...
02/09/25 06:22:34.631 [134215062521408] DEBUG Ex -  Wake...
02/09/25 06:22:34.631 [134215062521408] DEBUG Ex -  Prepare...
02/09/25 06:22:34.631 [134215062521408] DEBUG Ex -  Process...
02/09/25 06:22:34.805 [134215062521408] DEBUG Ex -  Store...
02/09/25 06:22:34.805 [134215062521408] DEBUG Ex -  Done...


02/09/25 06:22:34.805 [134215062521408] DEBUG Ex -  Wait...
02/09/25 06:22:34.805 [134215062521408] DEBUG Ex -  Wake...
02/09/25 06:22:34.805 [134215062521408] DEBUG Ex -  Prepare...
02/09/25 06:22:34.805 [134215062521408] DEBUG Ex -  Process...
02/09/25 06:22:34.967 [134215062521408] DEBUG Ex -  Store...
02/09/25 06:22:34.967 [134215062521408] DEBUG Ex -  Done...


02/09/25 06:22:34.967 [134215062521408] DEBUG Ex -  Wait...
02/09/25 06:22:34.967 [134215062521408] DEBUG Ex -  Wake...
02/09/25 06:22:34.967 [134215062521408] DEBUG Ex -  Prepare...
02/09/25 06:22:34.968 [134215062521408] DEBUG Ex -  Process...
02/09/25 06:22:35.039 [134215062521408] DEBUG Ex -  Store...
02/09/25 06:22:35.039 [134215062521408] DEBUG Ex -  Done...


02/09/25 06:22:35.039 [134215062521408] DEBUG Ex -  Wait...
02/09/25 06:22:35.039 [134215062521408] DEBUG Ex -  Wake...
02/09/25 06:22:35.039 [134215062521408] DEBUG Ex -  Prepare...
02/09/25 06:22:35.039 [134215062521408] DEBUG Ex -  Process...
02/09/25 06:22:35.100 [134215062521408] DEBUG Ex -  Store...
02/09/25 06:22:35.100 [134215062521408] DEBUG Ex -  Done...


02/09/25 06:22:35.100 [134215062521408] DEBUG Ex -  Wait...
02/09/25 06:22:35.100 [134215062521408] DEBUG Ex -  Wake...
02/09/25 06:22:35.100 [134215062521408] DEBUG Ex -  Prepare...
02/09/25 06:22:35.100 [134215062521408] DEBUG Ex -  Process...
02/09/25 06:22:35.253 [134215062521408] DEBUG Ex -  Store...
02/09/25 06:22:35.254 [134215062521408] DEBUG Ex -  Done...


02/09/25 06:22:35.254 [134215062521408] DEBUG Ex -  Wait...
02/09/25 06:22:35.254 [134215062521408] DEBUG Ex -  Wake...
02/09/25 06:22:35.254 [134215062521408] DEBUG Ex -  Prepare...
02/09/25 06:22:35.254 [134215062521408] DEBUG Ex -  Process...
02/09/25 06:22:35.333 [134215062521408] DEBUG Ex -  Store...
02/09/25 06:22:35.333 [134215062521408] DEBUG Ex -  Done...


02/09/25 06:22:35.333 [134215062521408] DEBUG Ex -  Wait...
02/09/25 06:22:35.333 [134215062521408] DEBUG Ex -  Wake...
02/09/25 06:22:35.333 [134215062521408] DEBUG Ex -  Prepare...
02/09/25 06:22:35.333 [134215062521408] DEBUG Ex -  Process...
02/09/25 06:22:35.405 [134215062521408] DEBUG Ex -  Store...
02/09/25 06:22:35.405 [134215062521408] DEBUG Ex -  Done...


02/09/25 06:22:35.405 [134215062521408] DEBUG Ex -  Wait...
02/09/25 06:22:35.405 [134215062521408] DEBUG Ex -  Wake...
02/09/25 06:22:35.405 [134215062521408] DEBUG Ex -  Prepare...
02/09/25 06:22:35.405 [134215062521408] DEBUG Ex -  Process...
