02/09/25 06:22:33.799 [134215089784384] DEBUG Tran -  Wait...
02/09/25 06:22:33.799 [134215089784384] DEBUG Tran -  Wake...
02/09/25 06:22:33.799 [134215089784384] DEBUG Tran -  Prepare...
02/09/25 06:22:33.799 [134215089784384] DEBUG Tran -  Process...
02/09/25 06:22:33.904 [134215089784384] DEBUG Tran -  Store...
02/09/25 06:22:33.904 [134215089784384] DEBUG Tran -  Done...


02/09/25 06:22:33.905 [134215089784384] DEBUG Tran -  Wait...
02/09/25 06:22:33.905 [134215089784384] DEBUG Tran -  Wake...
02/09/25 06:22:33.905 [134215089784384] DEBUG Tran -  Prepare...
02/09/25 06:22:33.905 [134215089784384] DEBUG Tran -  Process...
02/09/25 06:22:34.001 [134215089784384] DEBUG Tran -  Store...
02/09/25 06:22:34.001 [134215089784384] DEBUG Tran -  Done...


02/09/25 06:22:34.001 [134215089784384] DEBUG Tran -  Wait...
02/09/25 06:22:34.001 [134215089784384] DEBUG Tran -  Wake...
02/09/25 06:22:34.001 [134215089784384] DEBUG Tran -  Prepare...
02/09/25 06:22:34.001 [134215089784384] DEBUG Tran -  Process...
02/09/25 06:22:34.074 [134215089784384] DEBUG Tran -  Store...
02/09/25 06:22:34.074 [134215089784384] DEBUG Tran -  Done...


02/09/25 06:22:34.074 [134215089784384] DEBUG Tran -  Wait...
02/09/25 06:22:34.074 [134215089784384] DEBUG Tran -  Wake...
02/09/25 06:22:34.074 [134215089784384] DEBUG Tran -  Prepare...
02/09/25 06:22:34.074 [134215089784384] DEBUG Tran -  Process...
02/09/25 06:22:34.143 [134215089784384] DEBUG Tran -  Store...
02/09/25 06:22:34.144 [134215089784384] DEBUG Tran -  Done...


02/09/25 06:22:34.144 [134215089784384] DEBUG Tran -  Wait...
02/09/25 06:22:34.144 [134215089784384] DEBUG Tran -  Wake...
02/09/25 06:22:34.144 [134215089784384] DEBUG Tran -  Prepare...
02/09/25 06:22:34.144 [134215089784384] DEBUG Tran -  Process...
02/09/25 06:22:34.217 [134215089784384] DEBUG Tran -  Store...
02/09/25 06:22:34.217 [134215089784384] DEBUG Tran -  Done...


02/09/25 06:22:34.217 [134215089784384] DEBUG Tran -  Wait...
02/09/25 06:22:34.217 [134215089784384] DEBUG Tran -  Wake...
02/09/25 06:22:34.217 [134215089784384] DEBUG Tran -  Prepare...
02/09/25 06:22:34.217 [134215089784384] DEBUG Tran -  Process...
02/09/25 06:22:34.290 [134215089784384] DEBUG Tran -  Store...
02/09/25 06:22:34.290 [134215089784384] DEBUG Tran -  Done...


02/09/25 06:22:34.290 [134215089784384] DEBUG Tran -  Wait...
02/09/25 06:22:34.290 [134215089784384] DEBUG Tran -  Wake...
02/09/25 06:22:34.290 [134215089784384] DEBUG Tran -  Prepare...
02/09/25 06:22:34.290 [134215089784384] DEBUG Tran -  Process...
02/09/25 06:22:34.367 [134215089784384] DEBUG Tran -  Store...
02/09/25 06:22:34.368 [134215089784384] DEBUG Tran -  Done...


02/09/25 06:22:34.368 [134215089784384] DEBUG Tran -  Wait...
02/09/25 06:22:34.368 [134215089784384] DEBUG Tran -  Wake...
02/09/25 06:22:34.368 [134215089784384] DEBUG Tran -  Prepare...
02/09/25 06:22:34.368 [134215089784384] DEBUG Tran -  Process...
02/09/25 06:22:34.441 [134215089784384] DEBUG Tran -  Store...
02/09/25 06:22:34.441 [134215089784384] DEBUG Tran -  Done...


02/09/25 06:22:34.441 [134215089784384] DEBUG Tran -  Wait...
02/09/25 06:22:34.441 [134215089784384] DEBUG Tran -  Wake...
02/09/25 06:22:34.441 [134215089784384] DEBUG Tran -  Prepare...
02/09/25 06:22:34.441 [134215089784384] DEBUG Tran -  Process...
02/09/25 06:22:34.512 [134215089784384] DEBUG Tran -  Store...
02/09/25 06:22:34.512 [134215089784384] DEBUG Tran -  Done...


02/09/25 06:22:34.512 [134215089784384] DEBUG Tran -  Wait...
02/09/25 06:22:34.512 [134215089784384] DEBUG Tran -  Wake...
02/09/25 06:22:34.512 [134215089784384] DEBUG Tran -  Prepare...
02/09/25 06:22:34.512 [134215089784384] DEBUG Tran -  Process...
02/09/25 06:22:34.587 [134215089784384] DEBUG Tran -  Store...
02/09/25 06:22:34.589 [134215089784384] DEBUG Tran -  Done...


02/09/25 06:22:34.590 [134215089784384] DEBUG Tran -  Wait...
02/09/25 06:22:34.590 [134215089784384] DEBUG Tran -  Wake...
02/09/25 06:22:34.590 [134215089784384] DEBUG Tran -  Prepare...
02/09/25 06:22:34.590 [134215089784384] DEBUG Tran -  Process...
02/09/25 06:22:34.741 [134215089784384] DEBUG Tran -  Store...
02/09/25 06:22:34.741 [134215089784384] DEBUG Tran -  Done...


02/09/25 06:22:34.741 [134215089784384] DEBUG Tran -  Wait...
02/09/25 06:22:34.741 [134215089784384] DEBUG Tran -  Wake...
02/09/25 06:22:34.741 [134215089784384] DEBUG Tran -  Prepare...
02/09/25 06:22:34.741 [134215089784384] DEBUG Tran -  Process...
02/09/25 06:22:34.815 [134215089784384] DEBUG Tran -  Store...
02/09/25 06:22:34.815 [134215089784384] DEBUG Tran -  Done...


02/09/25 06:22:34.815 [134215089784384] DEBUG Tran -  Wait...
02/09/25 06:22:34.815 [134215089784384] DEBUG Tran -  Wake...
02/09/25 06:22:34.815 [134215089784384] DEBUG Tran -  Prepare...
02/09/25 06:22:34.815 [134215089784384] DEBUG Tran -  Process...
02/09/25 06:22:34.918 [134215089784384] DEBUG Tran -  Store...
02/09/25 06:22:34.918 [134215089784384] DEBUG Tran -  Done...


02/09/25 06:22:34.918 [134215089784384] DEBUG Tran -  Wait...
02/09/25 06:22:34.918 [134215089784384] DEBUG Tran -  Wake...
02/09/25 06:22:34.918 [134215089784384] DEBUG Tran -  Prepare...
02/09/25 06:22:34.918 [134215089784384] DEBUG Tran -  Process...
02/09/25 06:22:34.998 [134215089784384] DEBUG Tran -  Store...
02/09/25 06:22:34.998 [134215089784384] DEBUG Tran -  Done...


02/09/25 06:22:34.998 [134215089784384] DEBUG Tran -  Wait...
02/09/25 06:22:34.998 [134215089784384] DEBUG Tran -  Wake...
02/09/25 06:22:34.998 [134215089784384] DEBUG Tran -  Prepare...
02/09/25 06:22:34.998 [134215089784384] DEBUG Tran -  Process...
02/09/25 06:22:35.099 [134215089784384] DEBUG Tran -  Store...
02/09/25 06:22:35.099 [134215089784384] DEBUG Tran -  Done...


02/09/25 06:22:35.099 [134215089784384] DEBUG Tran -  Wait...
02/09/25 06:22:35.099 [134215089784384] DEBUG Tran -  Wake...
02/09/25 06:22:35.099 [134215089784384] DEBUG Tran -  Prepare...
02/09/25 06:22:35.099 [134215089784384] DEBUG Tran -  Process...
02/09/25 06:22:35.196 [134215089784384] DEBUG Tran -  Store...
02/09/25 06:22:35.198 [134215089784384] DEBUG Tran -  Done...


02/09/25 06:22:35.198 [134215089784384] DEBUG Tran -  Wait...
02/09/25 06:22:35.198 [134215089784384] DEBUG Tran -  Wake...
02/09/25 06:22:35.198 [134215089784384] DEBUG Tran -  Prepare...
02/09/25 06:22:35.198 [134215089784384] DEBUG Tran -  Process...
02/09/25 06:22:35.287 [134215089784384] DEBUG Tran -  Store...
02/09/25 06:22:35.287 [134215089784384] DEBUG Tran -  Done...


02/09/25 06:22:35.287 [134215089784384] DEBUG Tran -  Wait...
02/09/25 06:22:35.287 [134215089784384] DEBUG Tran -  Wake...
02/09/25 06:22:35.287 [134215089784384] DEBUG Tran -  Prepare...
02/09/25 06:22:35.287 [134215089784384] DEBUG Tran -  Process...
02/09/25 06:22:35.362 [134215089784384] DEBUG Tran -  Store...
02/09/25 06:22:35.362 [134215089784384] DEBUG Tran -  Done...


02/09/25 06:22:35.362 [134215089784384] DEBUG Tran -  Wait...
02/09/25 06:22:35.362 [134215089784384] DEBUG Tran -  Wake...
02/09/25 06:22:35.362 [134215089784384] DEBUG Tran -  Prepare...
02/09/25 06:22:35.362 [134215089784384] DEBUG Tran -  Process...
02/09/25 06:22:35.436 [134215089784384] DEBUG Tran -  Store...
02/09/25 06:22:35.438 [134215089784384] DEBUG Tran -  Done...


02/09/25 06:22:35.438 [134215089784384] DEBUG Tran -  Wait...
02/09/25 06:22:35.438 [134215089784384] DEBUG Tran -  Wake...
02/09/25 06:22:35.438 [134215089784384] DEBUG Tran -  Prepare...
02/09/25 06:22:35.438 [134215089784384] DEBUG Tran -  Process...
