02/19/25 07:33:30.084 [125385895315008] DEBUG Color -  Wait...
02/19/25 07:33:30.084 [125385895315008] DEBUG Color -  Wake...
02/19/25 07:33:30.084 [125385895315008] DEBUG Color -  Prepare...
02/19/25 07:33:30.084 [125385895315008] DEBUG Color -  Process...
02/19/25 07:33:30.455 [125385895315008] ERROR Color - OpenCV(4.7.0) /home/fins/Kit/OpenCV/opencv-4.7.0/modules/imgcodecs/src/loadsave.cpp:783: error: (-215:Assertion failed) !_img.empty() in function 'imwrite'

02/19/25 07:33:30.455 [125385895315008] DEBUG Color -  Store...
02/19/25 07:33:30.456 [125385895315008] DEBUG Color -  Done...


02/19/25 07:33:30.456 [125385895315008] DEBUG Color -  Wait...
02/19/25 07:33:30.456 [125385895315008] DEBUG Color -  Wake...
02/19/25 07:33:30.456 [125385895315008] DEBUG Color -  Prepare...
02/19/25 07:33:30.456 [125385895315008] DEBUG Color -  Process...
02/19/25 07:33:30.531 [125385895315008] ERROR Color - OpenCV(4.7.0) /home/fins/Kit/OpenCV/opencv-4.7.0/modules/imgcodecs/src/loadsave.cpp:783: error: (-215:Assertion failed) !_img.empty() in function 'imwrite'

02/19/25 07:33:30.532 [125385895315008] DEBUG Color -  Store...
02/19/25 07:33:30.532 [125385895315008] DEBUG Color -  Done...


02/19/25 07:33:30.532 [125385895315008] DEBUG Color -  Wait...
02/19/25 07:33:30.532 [125385895315008] DEBUG Color -  Wake...
02/19/25 07:33:30.532 [125385895315008] DEBUG Color -  Prepare...
02/19/25 07:33:30.532 [125385895315008] DEBUG Color -  Process...
02/19/25 07:33:30.638 [125385895315008] ERROR Color - OpenCV(4.7.0) /home/fins/Kit/OpenCV/opencv-4.7.0/modules/imgcodecs/src/loadsave.cpp:783: error: (-215:Assertion failed) !_img.empty() in function 'imwrite'

02/19/25 07:33:30.638 [125385895315008] DEBUG Color -  Store...
02/19/25 07:33:30.638 [125385895315008] DEBUG Color -  Done...


02/19/25 07:33:30.638 [125385895315008] DEBUG Color -  Wait...
02/19/25 07:33:30.638 [125385895315008] DEBUG Color -  Wake...
02/19/25 07:33:30.638 [125385895315008] DEBUG Color -  Prepare...
02/19/25 07:33:30.638 [125385895315008] DEBUG Color -  Process...
02/19/25 07:33:30.753 [125385895315008] ERROR Color - OpenCV(4.7.0) /home/fins/Kit/OpenCV/opencv-4.7.0/modules/imgcodecs/src/loadsave.cpp:783: error: (-215:Assertion failed) !_img.empty() in function 'imwrite'

02/19/25 07:33:30.753 [125385895315008] DEBUG Color -  Store...
02/19/25 07:33:30.753 [125385895315008] DEBUG Color -  Done...


02/19/25 07:33:30.753 [125385895315008] DEBUG Color -  Wait...
02/19/25 07:33:30.753 [125385895315008] DEBUG Color -  Wake...
02/19/25 07:33:30.753 [125385895315008] DEBUG Color -  Prepare...
02/19/25 07:33:30.753 [125385895315008] DEBUG Color -  Process...
02/19/25 07:33:30.861 [125385895315008] ERROR Color - OpenCV(4.7.0) /home/fins/Kit/OpenCV/opencv-4.7.0/modules/imgcodecs/src/loadsave.cpp:783: error: (-215:Assertion failed) !_img.empty() in function 'imwrite'

02/19/25 07:33:30.861 [125385895315008] DEBUG Color -  Store...
02/19/25 07:33:30.861 [125385895315008] DEBUG Color -  Done...


02/19/25 07:33:30.861 [125385895315008] DEBUG Color -  Wait...
02/19/25 07:33:30.861 [125385895315008] DEBUG Color -  Wake...
02/19/25 07:33:30.861 [125385895315008] DEBUG Color -  Prepare...
02/19/25 07:33:30.861 [125385895315008] DEBUG Color -  Process...
02/19/25 07:33:30.977 [125385895315008] ERROR Color - OpenCV(4.7.0) /home/fins/Kit/OpenCV/opencv-4.7.0/modules/imgcodecs/src/loadsave.cpp:783: error: (-215:Assertion failed) !_img.empty() in function 'imwrite'

02/19/25 07:33:30.977 [125385895315008] DEBUG Color -  Store...
02/19/25 07:33:30.977 [125385895315008] DEBUG Color -  Done...


02/19/25 07:33:30.977 [125385895315008] DEBUG Color -  Wait...
02/19/25 07:33:30.977 [125385895315008] DEBUG Color -  Wake...
02/19/25 07:33:30.977 [125385895315008] DEBUG Color -  Prepare...
02/19/25 07:33:30.977 [125385895315008] DEBUG Color -  Process...
02/19/25 07:33:31.099 [125385895315008] ERROR Color - OpenCV(4.7.0) /home/fins/Kit/OpenCV/opencv-4.7.0/modules/imgcodecs/src/loadsave.cpp:783: error: (-215:Assertion failed) !_img.empty() in function 'imwrite'

02/19/25 07:33:31.099 [125385895315008] DEBUG Color -  Store...
02/19/25 07:33:31.099 [125385895315008] DEBUG Color -  Done...


02/19/25 07:33:31.099 [125385895315008] DEBUG Color -  Wait...
02/19/25 07:33:31.099 [125385895315008] DEBUG Color -  Wake...
02/19/25 07:33:31.099 [125385895315008] DEBUG Color -  Prepare...
02/19/25 07:33:31.099 [125385895315008] DEBUG Color -  Process...
02/19/25 07:33:31.207 [125385895315008] ERROR Color - OpenCV(4.7.0) /home/fins/Kit/OpenCV/opencv-4.7.0/modules/imgcodecs/src/loadsave.cpp:783: error: (-215:Assertion failed) !_img.empty() in function 'imwrite'

02/19/25 07:33:31.207 [125385895315008] DEBUG Color -  Store...
02/19/25 07:33:31.207 [125385895315008] DEBUG Color -  Done...


02/19/25 07:33:31.207 [125385895315008] DEBUG Color -  Wait...
02/19/25 07:33:31.207 [125385895315008] DEBUG Color -  Wake...
02/19/25 07:33:31.207 [125385895315008] DEBUG Color -  Prepare...
02/19/25 07:33:31.207 [125385895315008] DEBUG Color -  Process...
02/19/25 07:33:31.330 [125385895315008] ERROR Color - OpenCV(4.7.0) /home/fins/Kit/OpenCV/opencv-4.7.0/modules/imgcodecs/src/loadsave.cpp:783: error: (-215:Assertion failed) !_img.empty() in function 'imwrite'

02/19/25 07:33:31.330 [125385895315008] DEBUG Color -  Store...
02/19/25 07:33:31.330 [125385895315008] DEBUG Color -  Done...


02/19/25 07:33:31.330 [125385895315008] DEBUG Color -  Wait...
02/19/25 07:33:31.330 [125385895315008] DEBUG Color -  Wake...
02/19/25 07:33:31.330 [125385895315008] DEBUG Color -  Prepare...
02/19/25 07:33:31.330 [125385895315008] DEBUG Color -  Process...
02/19/25 07:33:31.443 [125385895315008] ERROR Color - OpenCV(4.7.0) /home/fins/Kit/OpenCV/opencv-4.7.0/modules/imgcodecs/src/loadsave.cpp:783: error: (-215:Assertion failed) !_img.empty() in function 'imwrite'

02/19/25 07:33:31.443 [125385895315008] DEBUG Color -  Store...
02/19/25 07:33:31.443 [125385895315008] DEBUG Color -  Done...


02/19/25 07:33:31.443 [125385895315008] DEBUG Color -  Wait...
02/19/25 07:33:31.443 [125385895315008] DEBUG Color -  Wake...
02/19/25 07:33:31.443 [125385895315008] DEBUG Color -  Prepare...
02/19/25 07:33:31.443 [125385895315008] DEBUG Color -  Process...
02/19/25 07:33:31.556 [125385895315008] ERROR Color - OpenCV(4.7.0) /home/fins/Kit/OpenCV/opencv-4.7.0/modules/imgcodecs/src/loadsave.cpp:783: error: (-215:Assertion failed) !_img.empty() in function 'imwrite'

02/19/25 07:33:31.556 [125385895315008] DEBUG Color -  Store...
02/19/25 07:33:31.556 [125385895315008] DEBUG Color -  Done...


02/19/25 07:33:31.556 [125385895315008] DEBUG Color -  Wait...
02/19/25 07:33:31.556 [125385895315008] DEBUG Color -  Wake...
02/19/25 07:33:31.556 [125385895315008] DEBUG Color -  Prepare...
02/19/25 07:33:31.556 [125385895315008] DEBUG Color -  Process...
02/19/25 07:33:31.665 [125385895315008] ERROR Color - OpenCV(4.7.0) /home/fins/Kit/OpenCV/opencv-4.7.0/modules/imgcodecs/src/loadsave.cpp:783: error: (-215:Assertion failed) !_img.empty() in function 'imwrite'

02/19/25 07:33:31.665 [125385895315008] DEBUG Color -  Store...
02/19/25 07:33:31.665 [125385895315008] DEBUG Color -  Done...


02/19/25 07:33:31.665 [125385895315008] DEBUG Color -  Wait...
02/19/25 07:33:31.665 [125385895315008] DEBUG Color -  Wake...
02/19/25 07:33:31.665 [125385895315008] DEBUG Color -  Prepare...
02/19/25 07:33:31.665 [125385895315008] DEBUG Color -  Process...
02/19/25 07:33:31.780 [125385895315008] ERROR Color - OpenCV(4.7.0) /home/fins/Kit/OpenCV/opencv-4.7.0/modules/imgcodecs/src/loadsave.cpp:783: error: (-215:Assertion failed) !_img.empty() in function 'imwrite'

02/19/25 07:33:31.780 [125385895315008] DEBUG Color -  Store...
02/19/25 07:33:31.780 [125385895315008] DEBUG Color -  Done...


02/19/25 07:33:31.780 [125385895315008] DEBUG Color -  Wait...
02/19/25 07:33:31.780 [125385895315008] DEBUG Color -  Wake...
02/19/25 07:33:31.780 [125385895315008] DEBUG Color -  Prepare...
02/19/25 07:33:31.780 [125385895315008] DEBUG Color -  Process...
02/19/25 07:33:31.893 [125385895315008] ERROR Color - OpenCV(4.7.0) /home/fins/Kit/OpenCV/opencv-4.7.0/modules/imgcodecs/src/loadsave.cpp:783: error: (-215:Assertion failed) !_img.empty() in function 'imwrite'

02/19/25 07:33:31.893 [125385895315008] DEBUG Color -  Store...
02/19/25 07:33:31.893 [125385895315008] DEBUG Color -  Done...


02/19/25 07:33:31.893 [125385895315008] DEBUG Color -  Wait...
02/19/25 07:33:31.893 [125385895315008] DEBUG Color -  Wake...
02/19/25 07:33:31.893 [125385895315008] DEBUG Color -  Prepare...
02/19/25 07:33:31.893 [125385895315008] DEBUG Color -  Process...
02/19/25 07:33:32.005 [125385895315008] ERROR Color - OpenCV(4.7.0) /home/fins/Kit/OpenCV/opencv-4.7.0/modules/imgcodecs/src/loadsave.cpp:783: error: (-215:Assertion failed) !_img.empty() in function 'imwrite'

02/19/25 07:33:32.005 [125385895315008] DEBUG Color -  Store...
02/19/25 07:33:32.005 [125385895315008] DEBUG Color -  Done...


02/19/25 07:33:32.005 [125385895315008] DEBUG Color -  Wait...
02/19/25 07:33:32.005 [125385895315008] DEBUG Color -  Wake...
02/19/25 07:33:32.005 [125385895315008] DEBUG Color -  Prepare...
02/19/25 07:33:32.005 [125385895315008] DEBUG Color -  Process...
02/19/25 07:33:32.121 [125385895315008] ERROR Color - OpenCV(4.7.0) /home/fins/Kit/OpenCV/opencv-4.7.0/modules/imgcodecs/src/loadsave.cpp:783: error: (-215:Assertion failed) !_img.empty() in function 'imwrite'

02/19/25 07:33:32.121 [125385895315008] DEBUG Color -  Store...
02/19/25 07:33:32.121 [125385895315008] DEBUG Color -  Done...


02/19/25 07:33:32.121 [125385895315008] DEBUG Color -  Wait...
02/19/25 07:33:32.121 [125385895315008] DEBUG Color -  Wake...
02/19/25 07:33:32.121 [125385895315008] DEBUG Color -  Prepare...
02/19/25 07:33:32.121 [125385895315008] DEBUG Color -  Process...
02/19/25 07:33:32.233 [125385895315008] ERROR Color - OpenCV(4.7.0) /home/fins/Kit/OpenCV/opencv-4.7.0/modules/imgcodecs/src/loadsave.cpp:783: error: (-215:Assertion failed) !_img.empty() in function 'imwrite'

02/19/25 07:33:32.233 [125385895315008] DEBUG Color -  Store...
02/19/25 07:33:32.233 [125385895315008] DEBUG Color -  Done...


02/19/25 07:33:32.233 [125385895315008] DEBUG Color -  Wait...
02/19/25 07:33:32.233 [125385895315008] DEBUG Color -  Wake...
02/19/25 07:33:32.233 [125385895315008] DEBUG Color -  Prepare...
02/19/25 07:33:32.233 [125385895315008] DEBUG Color -  Process...
02/19/25 07:33:32.351 [125385895315008] ERROR Color - OpenCV(4.7.0) /home/fins/Kit/OpenCV/opencv-4.7.0/modules/imgcodecs/src/loadsave.cpp:783: error: (-215:Assertion failed) !_img.empty() in function 'imwrite'

02/19/25 07:33:32.351 [125385895315008] DEBUG Color -  Store...
02/19/25 07:33:32.351 [125385895315008] DEBUG Color -  Done...


02/19/25 07:33:32.351 [125385895315008] DEBUG Color -  Wait...
02/19/25 07:33:32.351 [125385895315008] DEBUG Color -  Wake...
02/19/25 07:33:32.351 [125385895315008] DEBUG Color -  Prepare...
02/19/25 07:33:32.351 [125385895315008] DEBUG Color -  Process...
02/19/25 07:33:32.482 [125385895315008] ERROR Color - OpenCV(4.7.0) /home/fins/Kit/OpenCV/opencv-4.7.0/modules/imgcodecs/src/loadsave.cpp:783: error: (-215:Assertion failed) !_img.empty() in function 'imwrite'

02/19/25 07:33:32.482 [125385895315008] DEBUG Color -  Store...
02/19/25 07:33:32.482 [125385895315008] DEBUG Color -  Done...


02/19/25 07:33:32.482 [125385895315008] DEBUG Color -  Wait...
02/19/25 07:33:32.482 [125385895315008] DEBUG Color -  Wake...
02/19/25 07:33:32.482 [125385895315008] DEBUG Color -  Prepare...
02/19/25 07:33:32.482 [125385895315008] DEBUG Color -  Process...
02/19/25 07:33:32.604 [125385895315008] ERROR Color - OpenCV(4.7.0) /home/fins/Kit/OpenCV/opencv-4.7.0/modules/imgcodecs/src/loadsave.cpp:783: error: (-215:Assertion failed) !_img.empty() in function 'imwrite'

02/19/25 07:33:32.604 [125385895315008] DEBUG Color -  Store...
02/19/25 07:33:32.604 [125385895315008] DEBUG Color -  Done...


02/19/25 07:33:32.604 [125385895315008] DEBUG Color -  Wait...
02/19/25 07:33:32.604 [125385895315008] DEBUG Color -  Wake...
02/19/25 07:33:32.604 [125385895315008] DEBUG Color -  Prepare...
02/19/25 07:33:32.604 [125385895315008] DEBUG Color -  Process...
02/19/25 07:33:32.724 [125385895315008] ERROR Color - OpenCV(4.7.0) /home/fins/Kit/OpenCV/opencv-4.7.0/modules/imgcodecs/src/loadsave.cpp:783: error: (-215:Assertion failed) !_img.empty() in function 'imwrite'

02/19/25 07:33:32.724 [125385895315008] DEBUG Color -  Store...
02/19/25 07:33:32.724 [125385895315008] DEBUG Color -  Done...


02/19/25 07:33:32.724 [125385895315008] DEBUG Color -  Wait...
02/19/25 07:33:32.724 [125385895315008] DEBUG Color -  Wake...
02/19/25 07:33:32.724 [125385895315008] DEBUG Color -  Prepare...
02/19/25 07:33:32.724 [125385895315008] DEBUG Color -  Process...
02/19/25 07:33:32.833 [125385895315008] ERROR Color - OpenCV(4.7.0) /home/fins/Kit/OpenCV/opencv-4.7.0/modules/imgcodecs/src/loadsave.cpp:783: error: (-215:Assertion failed) !_img.empty() in function 'imwrite'

02/19/25 07:33:32.833 [125385895315008] DEBUG Color -  Store...
02/19/25 07:33:32.833 [125385895315008] DEBUG Color -  Done...


02/19/25 07:33:32.833 [125385895315008] DEBUG Color -  Wait...
02/19/25 07:33:32.833 [125385895315008] DEBUG Color -  Wake...
02/19/25 07:33:32.833 [125385895315008] DEBUG Color -  Prepare...
02/19/25 07:33:32.833 [125385895315008] DEBUG Color -  Process...
02/19/25 07:33:32.949 [125385895315008] ERROR Color - OpenCV(4.7.0) /home/fins/Kit/OpenCV/opencv-4.7.0/modules/imgcodecs/src/loadsave.cpp:783: error: (-215:Assertion failed) !_img.empty() in function 'imwrite'

02/19/25 07:33:32.949 [125385895315008] DEBUG Color -  Store...
02/19/25 07:33:32.949 [125385895315008] DEBUG Color -  Done...


02/19/25 07:33:32.949 [125385895315008] DEBUG Color -  Wait...
02/19/25 07:33:32.949 [125385895315008] DEBUG Color -  Wake...
02/19/25 07:33:32.949 [125385895315008] DEBUG Color -  Prepare...
02/19/25 07:33:32.949 [125385895315008] DEBUG Color -  Process...
02/19/25 07:33:33.059 [125385895315008] ERROR Color - OpenCV(4.7.0) /home/fins/Kit/OpenCV/opencv-4.7.0/modules/imgcodecs/src/loadsave.cpp:783: error: (-215:Assertion failed) !_img.empty() in function 'imwrite'

02/19/25 07:33:33.059 [125385895315008] DEBUG Color -  Store...
02/19/25 07:33:33.059 [125385895315008] DEBUG Color -  Done...


02/19/25 07:33:33.059 [125385895315008] DEBUG Color -  Wait...
02/19/25 07:33:33.059 [125385895315008] DEBUG Color -  Wake...
02/19/25 07:33:33.059 [125385895315008] DEBUG Color -  Prepare...
02/19/25 07:33:33.059 [125385895315008] DEBUG Color -  Process...
02/19/25 07:33:33.174 [125385895315008] ERROR Color - OpenCV(4.7.0) /home/fins/Kit/OpenCV/opencv-4.7.0/modules/imgcodecs/src/loadsave.cpp:783: error: (-215:Assertion failed) !_img.empty() in function 'imwrite'

02/19/25 07:33:33.174 [125385895315008] DEBUG Color -  Store...
02/19/25 07:33:33.174 [125385895315008] DEBUG Color -  Done...


02/19/25 07:33:33.174 [125385895315008] DEBUG Color -  Wait...
02/19/25 07:33:33.174 [125385895315008] DEBUG Color -  Wake...
02/19/25 07:33:33.174 [125385895315008] DEBUG Color -  Prepare...
02/19/25 07:33:33.174 [125385895315008] DEBUG Color -  Process...
02/19/25 07:33:33.290 [125385895315008] ERROR Color - OpenCV(4.7.0) /home/fins/Kit/OpenCV/opencv-4.7.0/modules/imgcodecs/src/loadsave.cpp:783: error: (-215:Assertion failed) !_img.empty() in function 'imwrite'

02/19/25 07:33:33.290 [125385895315008] DEBUG Color -  Store...
02/19/25 07:33:33.290 [125385895315008] DEBUG Color -  Done...


02/19/25 07:33:33.290 [125385895315008] DEBUG Color -  Wait...
02/19/25 07:33:33.290 [125385895315008] DEBUG Color -  Wake...
02/19/25 07:33:33.290 [125385895315008] DEBUG Color -  Prepare...
02/19/25 07:33:33.290 [125385895315008] DEBUG Color -  Process...
02/19/25 07:33:33.400 [125385895315008] ERROR Color - OpenCV(4.7.0) /home/fins/Kit/OpenCV/opencv-4.7.0/modules/imgcodecs/src/loadsave.cpp:783: error: (-215:Assertion failed) !_img.empty() in function 'imwrite'

02/19/25 07:33:33.400 [125385895315008] DEBUG Color -  Store...
02/19/25 07:33:33.400 [125385895315008] DEBUG Color -  Done...


02/19/25 07:33:33.400 [125385895315008] DEBUG Color -  Wait...
02/19/25 07:33:33.400 [125385895315008] DEBUG Color -  Wake...
02/19/25 07:33:33.400 [125385895315008] DEBUG Color -  Prepare...
02/19/25 07:33:33.400 [125385895315008] DEBUG Color -  Process...
