02/26/25 07:44:58.592 [139402596582976] DEBUG Ex -  Wait...
02/26/25 07:44:58.667 [139402596582976] DEBUG Ex -  Wake...
02/26/25 07:44:58.667 [139402596582976] DEBUG Ex -  Prepare...
02/26/25 07:44:58.667 [139402596582976] DEBUG Ex -  Process...
02/26/25 07:44:58.708 [139402596582976] DEBUG Ex -  Store...
02/26/25 07:44:58.708 [139402596582976] DEBUG Ex -  Done...


02/26/25 07:44:58.708 [139402596582976] DEBUG Ex -  Wait...
02/26/25 07:44:58.727 [139402596582976] DEBUG Ex -  Wake...
02/26/25 07:44:58.727 [139402596582976] DEBUG Ex -  Prepare...
02/26/25 07:44:58.727 [139402596582976] DEBUG Ex -  Process...
02/26/25 07:44:58.861 [139402596582976] DEBUG Ex -  Store...
02/26/25 07:44:58.861 [139402596582976] DEBUG Ex -  Done...


02/26/25 07:44:58.861 [139402596582976] DEBUG Ex -  Wait...
02/26/25 07:44:58.861 [139402596582976] DEBUG Ex -  Wake...
02/26/25 07:44:58.861 [139402596582976] DEBUG Ex -  Prepare...
02/26/25 07:44:58.861 [139402596582976] DEBUG Ex -  Process...
02/26/25 07:44:58.901 [139402596582976] DEBUG Ex -  Store...
02/26/25 07:44:58.901 [139402596582976] DEBUG Ex -  Done...


02/26/25 07:44:58.901 [139402596582976] DEBUG Ex -  Wait...
02/26/25 07:44:58.907 [139402596582976] DEBUG Ex -  Wake...
02/26/25 07:44:58.907 [139402596582976] DEBUG Ex -  Prepare...
02/26/25 07:44:58.907 [139402596582976] DEBUG Ex -  Process...
02/26/25 07:44:59.023 [139402596582976] DEBUG Ex -  Store...
02/26/25 07:44:59.023 [139402596582976] DEBUG Ex -  Done...


02/26/25 07:44:59.023 [139402596582976] DEBUG Ex -  Wait...
02/26/25 07:44:59.023 [139402596582976] DEBUG Ex -  Wake...
02/26/25 07:44:59.023 [139402596582976] DEBUG Ex -  Prepare...
02/26/25 07:44:59.023 [139402596582976] DEBUG Ex -  Process...
02/26/25 07:44:59.062 [139402596582976] DEBUG Ex -  Store...
02/26/25 07:44:59.062 [139402596582976] DEBUG Ex -  Done...


02/26/25 07:44:59.062 [139402596582976] DEBUG Ex -  Wait...
02/26/25 07:44:59.075 [139402596582976] DEBUG Ex -  Wake...
02/26/25 07:44:59.075 [139402596582976] DEBUG Ex -  Prepare...
02/26/25 07:44:59.075 [139402596582976] DEBUG Ex -  Process...
02/26/25 07:44:59.184 [139402596582976] DEBUG Ex -  Store...
02/26/25 07:44:59.184 [139402596582976] DEBUG Ex -  Done...


02/26/25 07:44:59.184 [139402596582976] DEBUG Ex -  Wait...
02/26/25 07:44:59.184 [139402596582976] DEBUG Ex -  Wake...
02/26/25 07:44:59.184 [139402596582976] DEBUG Ex -  Prepare...
02/26/25 07:44:59.184 [139402596582976] DEBUG Ex -  Process...
02/26/25 07:44:59.224 [139402596582976] DEBUG Ex -  Store...
02/26/25 07:44:59.224 [139402596582976] DEBUG Ex -  Done...


02/26/25 07:44:59.224 [139402596582976] DEBUG Ex -  Wait...
02/26/25 07:44:59.240 [139402596582976] DEBUG Ex -  Wake...
02/26/25 07:44:59.240 [139402596582976] DEBUG Ex -  Prepare...
02/26/25 07:44:59.240 [139402596582976] DEBUG Ex -  Process...
02/26/25 07:44:59.351 [139402596582976] DEBUG Ex -  Store...
02/26/25 07:44:59.351 [139402596582976] DEBUG Ex -  Done...


02/26/25 07:44:59.351 [139402596582976] DEBUG Ex -  Wait...
02/26/25 07:44:59.351 [139402596582976] DEBUG Ex -  Wake...
02/26/25 07:44:59.351 [139402596582976] DEBUG Ex -  Prepare...
02/26/25 07:44:59.351 [139402596582976] DEBUG Ex -  Process...
02/26/25 07:44:59.391 [139402596582976] DEBUG Ex -  Store...
02/26/25 07:44:59.391 [139402596582976] DEBUG Ex -  Done...


02/26/25 07:44:59.391 [139402596582976] DEBUG Ex -  Wait...
02/26/25 07:44:59.398 [139402596582976] DEBUG Ex -  Wake...
02/26/25 07:44:59.398 [139402596582976] DEBUG Ex -  Prepare...
02/26/25 07:44:59.398 [139402596582976] DEBUG Ex -  Process...
02/26/25 07:44:59.509 [139402596582976] DEBUG Ex -  Store...
02/26/25 07:44:59.509 [139402596582976] DEBUG Ex -  Done...


02/26/25 07:44:59.509 [139402596582976] DEBUG Ex -  Wait...
02/26/25 07:44:59.509 [139402596582976] DEBUG Ex -  Wake...
02/26/25 07:44:59.509 [139402596582976] DEBUG Ex -  Prepare...
02/26/25 07:44:59.509 [139402596582976] DEBUG Ex -  Process...
02/26/25 07:44:59.614 [139402596582976] DEBUG Ex -  Store...
02/26/25 07:44:59.614 [139402596582976] DEBUG Ex -  Done...


02/26/25 07:44:59.614 [139402596582976] DEBUG Ex -  Wait...
02/26/25 07:44:59.640 [139402596582976] DEBUG Ex -  Wake...
02/26/25 07:44:59.640 [139402596582976] DEBUG Ex -  Prepare...
02/26/25 07:44:59.640 [139402596582976] DEBUG Ex -  Process...
02/26/25 07:44:59.748 [139402596582976] DEBUG Ex -  Store...
02/26/25 07:44:59.748 [139402596582976] DEBUG Ex -  Done...


02/26/25 07:44:59.748 [139402596582976] DEBUG Ex -  Wait...
02/26/25 07:44:59.748 [139402596582976] DEBUG Ex -  Wake...
02/26/25 07:44:59.748 [139402596582976] DEBUG Ex -  Prepare...
02/26/25 07:44:59.749 [139402596582976] DEBUG Ex -  Process...
02/26/25 07:44:59.854 [139402596582976] DEBUG Ex -  Store...
02/26/25 07:44:59.854 [139402596582976] DEBUG Ex -  Done...


02/26/25 07:44:59.854 [139402596582976] DEBUG Ex -  Wait...
02/26/25 07:44:59.859 [139402596582976] DEBUG Ex -  Wake...
02/26/25 07:44:59.859 [139402596582976] DEBUG Ex -  Prepare...
02/26/25 07:44:59.859 [139402596582976] DEBUG Ex -  Process...
02/26/25 07:44:59.978 [139402596582976] DEBUG Ex -  Store...
02/26/25 07:44:59.978 [139402596582976] DEBUG Ex -  Done...


02/26/25 07:44:59.978 [139402596582976] DEBUG Ex -  Wait...
02/26/25 07:44:59.978 [139402596582976] DEBUG Ex -  Wake...
02/26/25 07:44:59.978 [139402596582976] DEBUG Ex -  Prepare...
02/26/25 07:44:59.978 [139402596582976] DEBUG Ex -  Process...
02/26/25 07:45:00.027 [139402596582976] DEBUG Ex -  Store...
02/26/25 07:45:00.027 [139402596582976] DEBUG Ex -  Done...


02/26/25 07:45:00.027 [139402596582976] DEBUG Ex -  Wait...
02/26/25 07:45:00.027 [139402596582976] DEBUG Ex -  Wake...
02/26/25 07:45:00.027 [139402596582976] DEBUG Ex -  Prepare...
02/26/25 07:45:00.027 [139402596582976] DEBUG Ex -  Process...
02/26/25 07:45:00.152 [139402596582976] DEBUG Ex -  Store...
02/26/25 07:45:00.152 [139402596582976] DEBUG Ex -  Done...


02/26/25 07:45:00.152 [139402596582976] DEBUG Ex -  Wait...
02/26/25 07:45:00.152 [139402596582976] DEBUG Ex -  Wake...
02/26/25 07:45:00.152 [139402596582976] DEBUG Ex -  Prepare...
02/26/25 07:45:00.152 [139402596582976] DEBUG Ex -  Process...
02/26/25 07:45:00.205 [139402596582976] DEBUG Ex -  Store...
02/26/25 07:45:00.205 [139402596582976] DEBUG Ex -  Done...


02/26/25 07:45:00.205 [139402596582976] DEBUG Ex -  Wait...
02/26/25 07:45:00.205 [139402596582976] DEBUG Ex -  Wake...
02/26/25 07:45:00.205 [139402596582976] DEBUG Ex -  Prepare...
02/26/25 07:45:00.205 [139402596582976] DEBUG Ex -  Process...
02/26/25 07:45:00.254 [139402596582976] DEBUG Ex -  Store...
02/26/25 07:45:00.254 [139402596582976] DEBUG Ex -  Done...


02/26/25 07:45:00.254 [139402596582976] DEBUG Ex -  Wait...
02/26/25 07:45:00.254 [139402596582976] DEBUG Ex -  Wake...
02/26/25 07:45:00.254 [139402596582976] DEBUG Ex -  Prepare...
02/26/25 07:45:00.254 [139402596582976] DEBUG Ex -  Process...
02/26/25 07:45:00.370 [139402596582976] DEBUG Ex -  Store...
02/26/25 07:45:00.370 [139402596582976] DEBUG Ex -  Done...


02/26/25 07:45:00.370 [139402596582976] DEBUG Ex -  Wait...
02/26/25 07:45:00.370 [139402596582976] DEBUG Ex -  Wake...
02/26/25 07:45:00.370 [139402596582976] DEBUG Ex -  Prepare...
02/26/25 07:45:00.370 [139402596582976] DEBUG Ex -  Process...
02/26/25 07:45:00.425 [139402596582976] DEBUG Ex -  Store...
02/26/25 07:45:00.425 [139402596582976] DEBUG Ex -  Done...


02/26/25 07:45:00.425 [139402596582976] DEBUG Ex -  Wait...
02/26/25 07:45:00.425 [139402596582976] DEBUG Ex -  Wake...
02/26/25 07:45:00.425 [139402596582976] DEBUG Ex -  Prepare...
02/26/25 07:45:00.425 [139402596582976] DEBUG Ex -  Process...
02/26/25 07:45:00.482 [139402596582976] DEBUG Ex -  Store...
02/26/25 07:45:00.482 [139402596582976] DEBUG Ex -  Done...


02/26/25 07:45:00.482 [139402596582976] DEBUG Ex -  Wait...
02/26/25 07:45:00.482 [139402596582976] DEBUG Ex -  Wake...
02/26/25 07:45:00.482 [139402596582976] DEBUG Ex -  Prepare...
02/26/25 07:45:00.482 [139402596582976] DEBUG Ex -  Process...
02/26/25 07:45:00.542 [139402596582976] DEBUG Ex -  Store...
02/26/25 07:45:00.542 [139402596582976] DEBUG Ex -  Done...


02/26/25 07:45:00.542 [139402596582976] DEBUG Ex -  Wait...
02/26/25 07:45:00.542 [139402596582976] DEBUG Ex -  Wake...
02/26/25 07:45:00.542 [139402596582976] DEBUG Ex -  Prepare...
02/26/25 07:45:00.542 [139402596582976] DEBUG Ex -  Process...
02/26/25 07:45:00.607 [139402596582976] DEBUG Ex -  Store...
02/26/25 07:45:00.607 [139402596582976] DEBUG Ex -  Done...


02/26/25 07:45:00.607 [139402596582976] DEBUG Ex -  Wait...
02/26/25 07:45:00.607 [139402596582976] DEBUG Ex -  Wake...
02/26/25 07:45:00.607 [139402596582976] DEBUG Ex -  Prepare...
02/26/25 07:45:00.607 [139402596582976] DEBUG Ex -  Process...
02/26/25 07:45:00.673 [139402596582976] DEBUG Ex -  Store...
02/26/25 07:45:00.673 [139402596582976] DEBUG Ex -  Done...


02/26/25 07:45:00.673 [139402596582976] DEBUG Ex -  Wait...
02/26/25 07:45:00.673 [139402596582976] DEBUG Ex -  Wake...
02/26/25 07:45:00.673 [139402596582976] DEBUG Ex -  Prepare...
02/26/25 07:45:00.673 [139402596582976] DEBUG Ex -  Process...
02/26/25 07:45:00.802 [139402596582976] DEBUG Ex -  Store...
02/26/25 07:45:00.802 [139402596582976] DEBUG Ex -  Done...


02/26/25 07:45:00.802 [139402596582976] DEBUG Ex -  Wait...
02/26/25 07:45:00.802 [139402596582976] DEBUG Ex -  Wake...
02/26/25 07:45:00.802 [139402596582976] DEBUG Ex -  Prepare...
02/26/25 07:45:00.802 [139402596582976] DEBUG Ex -  Process...
02/26/25 07:45:00.929 [139402596582976] DEBUG Ex -  Store...
02/26/25 07:45:00.929 [139402596582976] DEBUG Ex -  Done...


02/26/25 07:45:00.929 [139402596582976] DEBUG Ex -  Wait...
02/26/25 07:45:00.930 [139402596582976] DEBUG Ex -  Wake...
02/26/25 07:45:00.930 [139402596582976] DEBUG Ex -  Prepare...
02/26/25 07:45:00.930 [139402596582976] DEBUG Ex -  Process...
02/26/25 07:45:00.997 [139402596582976] DEBUG Ex -  Store...
02/26/25 07:45:00.997 [139402596582976] DEBUG Ex -  Done...


02/26/25 07:45:00.997 [139402596582976] DEBUG Ex -  Wait...
02/26/25 07:45:00.997 [139402596582976] DEBUG Ex -  Wake...
02/26/25 07:45:00.997 [139402596582976] DEBUG Ex -  Prepare...
02/26/25 07:45:00.997 [139402596582976] DEBUG Ex -  Process...
02/26/25 07:45:01.060 [139402596582976] DEBUG Ex -  Store...
02/26/25 07:45:01.060 [139402596582976] DEBUG Ex -  Done...


02/26/25 07:45:01.060 [139402596582976] DEBUG Ex -  Wait...
02/26/25 07:45:01.060 [139402596582976] DEBUG Ex -  Wake...
02/26/25 07:45:01.060 [139402596582976] DEBUG Ex -  Prepare...
02/26/25 07:45:01.060 [139402596582976] DEBUG Ex -  Process...
02/26/25 07:45:01.126 [139402596582976] DEBUG Ex -  Store...
02/26/25 07:45:01.126 [139402596582976] DEBUG Ex -  Done...


02/26/25 07:45:01.126 [139402596582976] DEBUG Ex -  Wait...
02/26/25 07:45:01.126 [139402596582976] DEBUG Ex -  Wake...
02/26/25 07:45:01.126 [139402596582976] DEBUG Ex -  Prepare...
02/26/25 07:45:01.126 [139402596582976] DEBUG Ex -  Process...
02/26/25 07:45:01.190 [139402596582976] DEBUG Ex -  Store...
02/26/25 07:45:01.190 [139402596582976] DEBUG Ex -  Done...


02/26/25 07:45:01.190 [139402596582976] DEBUG Ex -  Wait...
02/26/25 07:45:01.190 [139402596582976] DEBUG Ex -  Wake...
02/26/25 07:45:01.190 [139402596582976] DEBUG Ex -  Prepare...
02/26/25 07:45:01.190 [139402596582976] DEBUG Ex -  Process...
02/26/25 07:45:01.255 [139402596582976] DEBUG Ex -  Store...
02/26/25 07:45:01.255 [139402596582976] DEBUG Ex -  Done...


02/26/25 07:45:01.255 [139402596582976] DEBUG Ex -  Wait...
02/26/25 07:45:01.255 [139402596582976] DEBUG Ex -  Wake...
02/26/25 07:45:01.255 [139402596582976] DEBUG Ex -  Prepare...
02/26/25 07:45:01.255 [139402596582976] DEBUG Ex -  Process...
02/26/25 07:45:01.386 [139402596582976] DEBUG Ex -  Store...
02/26/25 07:45:01.386 [139402596582976] DEBUG Ex -  Done...


02/26/25 07:45:01.386 [139402596582976] DEBUG Ex -  Wait...
02/26/25 07:45:01.386 [139402596582976] DEBUG Ex -  Wake...
02/26/25 07:45:01.386 [139402596582976] DEBUG Ex -  Prepare...
02/26/25 07:45:01.386 [139402596582976] DEBUG Ex -  Process...
02/26/25 07:45:01.449 [139402596582976] DEBUG Ex -  Store...
02/26/25 07:45:01.449 [139402596582976] DEBUG Ex -  Done...


02/26/25 07:45:01.449 [139402596582976] DEBUG Ex -  Wait...
02/26/25 07:45:01.449 [139402596582976] DEBUG Ex -  Wake...
02/26/25 07:45:01.449 [139402596582976] DEBUG Ex -  Prepare...
02/26/25 07:45:01.449 [139402596582976] DEBUG Ex -  Process...
02/26/25 07:45:01.513 [139402596582976] DEBUG Ex -  Store...
02/26/25 07:45:01.513 [139402596582976] DEBUG Ex -  Done...


02/26/25 07:45:01.513 [139402596582976] DEBUG Ex -  Wait...
02/26/25 07:45:01.513 [139402596582976] DEBUG Ex -  Wake...
02/26/25 07:45:01.513 [139402596582976] DEBUG Ex -  Prepare...
02/26/25 07:45:01.513 [139402596582976] DEBUG Ex -  Process...
02/26/25 07:45:01.576 [139402596582976] DEBUG Ex -  Store...
02/26/25 07:45:01.576 [139402596582976] DEBUG Ex -  Done...


02/26/25 07:45:01.576 [139402596582976] DEBUG Ex -  Wait...
02/26/25 07:45:01.576 [139402596582976] DEBUG Ex -  Wake...
02/26/25 07:45:01.576 [139402596582976] DEBUG Ex -  Prepare...
02/26/25 07:45:01.576 [139402596582976] DEBUG Ex -  Process...
02/26/25 07:45:01.706 [139402596582976] DEBUG Ex -  Store...
02/26/25 07:45:01.706 [139402596582976] DEBUG Ex -  Done...


02/26/25 07:45:01.706 [139402596582976] DEBUG Ex -  Wait...
02/26/25 07:45:01.706 [139402596582976] DEBUG Ex -  Wake...
02/26/25 07:45:01.706 [139402596582976] DEBUG Ex -  Prepare...
02/26/25 07:45:01.706 [139402596582976] DEBUG Ex -  Process...
02/26/25 07:45:01.849 [139402596582976] DEBUG Ex -  Store...
02/26/25 07:45:01.849 [139402596582976] DEBUG Ex -  Done...


02/26/25 07:45:01.849 [139402596582976] DEBUG Ex -  Wait...
02/26/25 07:45:01.849 [139402596582976] DEBUG Ex -  Wake...
02/26/25 07:45:01.849 [139402596582976] DEBUG Ex -  Prepare...
02/26/25 07:45:01.851 [139402596582976] DEBUG Ex -  Process...
02/26/25 07:45:01.922 [139402596582976] DEBUG Ex -  Store...
02/26/25 07:45:01.922 [139402596582976] DEBUG Ex -  Done...


02/26/25 07:45:01.922 [139402596582976] DEBUG Ex -  Wait...
02/26/25 07:45:01.922 [139402596582976] DEBUG Ex -  Wake...
02/26/25 07:45:01.922 [139402596582976] DEBUG Ex -  Prepare...
02/26/25 07:45:01.922 [139402596582976] DEBUG Ex -  Process...
02/26/25 07:45:01.990 [139402596582976] DEBUG Ex -  Store...
02/26/25 07:45:01.990 [139402596582976] DEBUG Ex -  Done...


02/26/25 07:45:01.990 [139402596582976] DEBUG Ex -  Wait...
02/26/25 07:45:01.990 [139402596582976] DEBUG Ex -  Wake...
02/26/25 07:45:01.990 [139402596582976] DEBUG Ex -  Prepare...
02/26/25 07:45:01.990 [139402596582976] DEBUG Ex -  Process...
02/26/25 07:45:02.055 [139402596582976] DEBUG Ex -  Store...
02/26/25 07:45:02.055 [139402596582976] DEBUG Ex -  Done...


02/26/25 07:45:02.055 [139402596582976] DEBUG Ex -  Wait...
02/26/25 07:45:02.055 [139402596582976] DEBUG Ex -  Wake...
02/26/25 07:45:02.055 [139402596582976] DEBUG Ex -  Prepare...
02/26/25 07:45:02.055 [139402596582976] DEBUG Ex -  Process...
02/26/25 07:45:02.121 [139402596582976] DEBUG Ex -  Store...
02/26/25 07:45:02.121 [139402596582976] DEBUG Ex -  Done...


02/26/25 07:45:02.121 [139402596582976] DEBUG Ex -  Wait...
02/26/25 07:45:02.121 [139402596582976] DEBUG Ex -  Wake...
02/26/25 07:45:02.121 [139402596582976] DEBUG Ex -  Prepare...
02/26/25 07:45:02.121 [139402596582976] DEBUG Ex -  Process...
02/26/25 07:45:02.188 [139402596582976] DEBUG Ex -  Store...
02/26/25 07:45:02.188 [139402596582976] DEBUG Ex -  Done...


02/26/25 07:45:02.188 [139402596582976] DEBUG Ex -  Wait...
02/26/25 07:45:02.188 [139402596582976] DEBUG Ex -  Wake...
02/26/25 07:45:02.188 [139402596582976] DEBUG Ex -  Prepare...
02/26/25 07:45:02.188 [139402596582976] DEBUG Ex -  Process...
02/26/25 07:45:02.249 [139402596582976] DEBUG Ex -  Store...
02/26/25 07:45:02.249 [139402596582976] DEBUG Ex -  Done...


02/26/25 07:45:02.249 [139402596582976] DEBUG Ex -  Wait...
02/26/25 07:45:02.249 [139402596582976] DEBUG Ex -  Wake...
02/26/25 07:45:02.249 [139402596582976] DEBUG Ex -  Prepare...
02/26/25 07:45:02.249 [139402596582976] DEBUG Ex -  Process...
02/26/25 07:45:02.314 [139402596582976] DEBUG Ex -  Store...
02/26/25 07:45:02.314 [139402596582976] DEBUG Ex -  Done...


02/26/25 07:45:02.314 [139402596582976] DEBUG Ex -  Wait...
02/26/25 07:45:02.314 [139402596582976] DEBUG Ex -  Wake...
02/26/25 07:45:02.314 [139402596582976] DEBUG Ex -  Prepare...
02/26/25 07:45:02.314 [139402596582976] DEBUG Ex -  Process...
02/26/25 07:45:02.446 [139402596582976] DEBUG Ex -  Store...
02/26/25 07:45:02.446 [139402596582976] DEBUG Ex -  Done...


02/26/25 07:45:02.446 [139402596582976] DEBUG Ex -  Wait...
02/26/25 07:45:02.446 [139402596582976] DEBUG Ex -  Wake...
02/26/25 07:45:02.446 [139402596582976] DEBUG Ex -  Prepare...
02/26/25 07:45:02.446 [139402596582976] DEBUG Ex -  Process...
02/26/25 07:45:02.578 [139402596582976] DEBUG Ex -  Store...
02/26/25 07:45:02.578 [139402596582976] DEBUG Ex -  Done...


02/26/25 07:45:02.578 [139402596582976] DEBUG Ex -  Wait...
02/26/25 07:45:02.578 [139402596582976] DEBUG Ex -  Wake...
02/26/25 07:45:02.578 [139402596582976] DEBUG Ex -  Prepare...
02/26/25 07:45:02.578 [139402596582976] DEBUG Ex -  Process...
02/26/25 07:45:02.658 [139402596582976] DEBUG Ex -  Store...
02/26/25 07:45:02.658 [139402596582976] DEBUG Ex -  Done...


02/26/25 07:45:02.658 [139402596582976] DEBUG Ex -  Wait...
02/26/25 07:45:02.658 [139402596582976] DEBUG Ex -  Wake...
02/26/25 07:45:02.658 [139402596582976] DEBUG Ex -  Prepare...
02/26/25 07:45:02.658 [139402596582976] DEBUG Ex -  Process...
