02/26/25 07:44:23.868 [128158992959040] DEBUG ICP -  Wait...
02/26/25 07:44:23.925 [128158992959040] DEBUG ICP -  Wake...
02/26/25 07:44:23.926 [128158992959040] DEBUG ICP -  Prepare...
02/26/25 07:44:23.926 [128158992959040] DEBUG ICP -  Process...
02/26/25 07:44:23.926 [128158992959040] DEBUG ICP -  Store...
02/26/25 07:44:23.926 [128158992959040] DEBUG ICP -  Done...


02/26/25 07:44:23.926 [128158992959040] DEBUG ICP -  Wait...
02/26/25 07:44:24.071 [128158992959040] DEBUG ICP -  Wake...
02/26/25 07:44:24.071 [128158992959040] DEBUG ICP -  Prepare...
02/26/25 07:44:24.071 [128158992959040] DEBUG ICP -  Process...
02/26/25 07:44:24.071 [128158992959040] DEBUG ICP -  Store...
02/26/25 07:44:24.071 [128158992959040] DEBUG ICP -  Done...


02/26/25 07:44:24.071 [128158992959040] DEBUG ICP -  Wait...
02/26/25 07:44:24.100 [128158992959040] DEBUG ICP -  Wake...
02/26/25 07:44:24.100 [128158992959040] DEBUG ICP -  Prepare...
02/26/25 07:44:24.100 [128158992959040] DEBUG ICP -  Process...
02/26/25 07:44:24.100 [128158992959040] DEBUG ICP -  Store...
02/26/25 07:44:24.100 [128158992959040] DEBUG ICP -  Done...


02/26/25 07:44:24.100 [128158992959040] DEBUG ICP -  Wait...
02/26/25 07:44:24.229 [128158992959040] DEBUG ICP -  Wake...
02/26/25 07:44:24.229 [128158992959040] DEBUG ICP -  Prepare...
02/26/25 07:44:24.229 [128158992959040] DEBUG ICP -  Process...
02/26/25 07:44:24.229 [128158992959040] DEBUG ICP -  Store...
02/26/25 07:44:24.229 [128158992959040] DEBUG ICP -  Done...


02/26/25 07:44:24.229 [128158992959040] DEBUG ICP -  Wait...
02/26/25 07:44:24.261 [128158992959040] DEBUG ICP -  Wake...
02/26/25 07:44:24.261 [128158992959040] DEBUG ICP -  Prepare...
02/26/25 07:44:24.261 [128158992959040] DEBUG ICP -  Process...
02/26/25 07:44:24.261 [128158992959040] DEBUG ICP -  Store...
02/26/25 07:44:24.261 [128158992959040] DEBUG ICP -  Done...


02/26/25 07:44:24.261 [128158992959040] DEBUG ICP -  Wait...
02/26/25 07:44:24.385 [128158992959040] DEBUG ICP -  Wake...
02/26/25 07:44:24.385 [128158992959040] DEBUG ICP -  Prepare...
02/26/25 07:44:24.385 [128158992959040] DEBUG ICP -  Process...
02/26/25 07:44:24.385 [128158992959040] DEBUG ICP -  Store...
02/26/25 07:44:24.385 [128158992959040] DEBUG ICP -  Done...


02/26/25 07:44:24.385 [128158992959040] DEBUG ICP -  Wait...
02/26/25 07:44:24.484 [128158992959040] DEBUG ICP -  Wake...
02/26/25 07:44:24.484 [128158992959040] DEBUG ICP -  Prepare...
02/26/25 07:44:24.484 [128158992959040] DEBUG ICP -  Process...
02/26/25 07:44:24.484 [128158992959040] DEBUG ICP -  Store...
02/26/25 07:44:24.485 [128158992959040] DEBUG ICP -  Done...


02/26/25 07:44:24.485 [128158992959040] DEBUG ICP -  Wait...
02/26/25 07:44:24.589 [128158992959040] DEBUG ICP -  Wake...
02/26/25 07:44:24.589 [128158992959040] DEBUG ICP -  Prepare...
02/26/25 07:44:24.589 [128158992959040] DEBUG ICP -  Process...
02/26/25 07:44:24.589 [128158992959040] DEBUG ICP -  Store...
02/26/25 07:44:24.589 [128158992959040] DEBUG ICP -  Done...


02/26/25 07:44:24.589 [128158992959040] DEBUG ICP -  Wait...
02/26/25 07:44:24.686 [128158992959040] DEBUG ICP -  Wake...
02/26/25 07:44:24.686 [128158992959040] DEBUG ICP -  Prepare...
02/26/25 07:44:24.686 [128158992959040] DEBUG ICP -  Process...
02/26/25 07:44:24.686 [128158992959040] DEBUG ICP -  Store...
02/26/25 07:44:24.686 [128158992959040] DEBUG ICP -  Done...


02/26/25 07:44:24.686 [128158992959040] DEBUG ICP -  Wait...
02/26/25 07:44:24.784 [128158992959040] DEBUG ICP -  Wake...
02/26/25 07:44:24.785 [128158992959040] DEBUG ICP -  Prepare...
02/26/25 07:44:24.785 [128158992959040] DEBUG ICP -  Process...
02/26/25 07:44:24.785 [128158992959040] DEBUG ICP -  Store...
02/26/25 07:44:24.785 [128158992959040] DEBUG ICP -  Done...


02/26/25 07:44:24.785 [128158992959040] DEBUG ICP -  Wait...
02/26/25 07:44:24.815 [128158992959040] DEBUG ICP -  Wake...
02/26/25 07:44:24.815 [128158992959040] DEBUG ICP -  Prepare...
02/26/25 07:44:24.815 [128158992959040] DEBUG ICP -  Process...
02/26/25 07:44:24.815 [128158992959040] DEBUG ICP -  Store...
02/26/25 07:44:24.816 [128158992959040] DEBUG ICP -  Done...


02/26/25 07:44:24.816 [128158992959040] DEBUG ICP -  Wait...
02/26/25 07:44:24.938 [128158992959040] DEBUG ICP -  Wake...
02/26/25 07:44:24.938 [128158992959040] DEBUG ICP -  Prepare...
02/26/25 07:44:24.938 [128158992959040] DEBUG ICP -  Process...
02/26/25 07:44:24.938 [128158992959040] DEBUG ICP -  Store...
02/26/25 07:44:24.938 [128158992959040] DEBUG ICP -  Done...


02/26/25 07:44:24.938 [128158992959040] DEBUG ICP -  Wait...
02/26/25 07:44:25.036 [128158992959040] DEBUG ICP -  Wake...
02/26/25 07:44:25.036 [128158992959040] DEBUG ICP -  Prepare...
02/26/25 07:44:25.036 [128158992959040] DEBUG ICP -  Process...
02/26/25 07:44:25.036 [128158992959040] DEBUG ICP -  Store...
02/26/25 07:44:25.036 [128158992959040] DEBUG ICP -  Done...


02/26/25 07:44:25.036 [128158992959040] DEBUG ICP -  Wait...
02/26/25 07:44:25.134 [128158992959040] DEBUG ICP -  Wake...
02/26/25 07:44:25.134 [128158992959040] DEBUG ICP -  Prepare...
02/26/25 07:44:25.134 [128158992959040] DEBUG ICP -  Process...
02/26/25 07:44:25.134 [128158992959040] DEBUG ICP -  Store...
02/26/25 07:44:25.134 [128158992959040] DEBUG ICP -  Done...


02/26/25 07:44:25.134 [128158992959040] DEBUG ICP -  Wait...
02/26/25 07:44:25.166 [128158992959040] DEBUG ICP -  Wake...
02/26/25 07:44:25.166 [128158992959040] DEBUG ICP -  Prepare...
02/26/25 07:44:25.166 [128158992959040] DEBUG ICP -  Process...
02/26/25 07:44:25.166 [128158992959040] DEBUG ICP -  Store...
02/26/25 07:44:25.166 [128158992959040] DEBUG ICP -  Done...


02/26/25 07:44:25.166 [128158992959040] DEBUG ICP -  Wait...
02/26/25 07:44:25.290 [128158992959040] DEBUG ICP -  Wake...
02/26/25 07:44:25.290 [128158992959040] DEBUG ICP -  Prepare...
02/26/25 07:44:25.290 [128158992959040] DEBUG ICP -  Process...
02/26/25 07:44:25.290 [128158992959040] DEBUG ICP -  Store...
02/26/25 07:44:25.290 [128158992959040] DEBUG ICP -  Done...


02/26/25 07:44:25.291 [128158992959040] DEBUG ICP -  Wait...
02/26/25 07:44:25.318 [128158992959040] DEBUG ICP -  Wake...
02/26/25 07:44:25.318 [128158992959040] DEBUG ICP -  Prepare...
02/26/25 07:44:25.318 [128158992959040] DEBUG ICP -  Process...
02/26/25 07:44:25.318 [128158992959040] DEBUG ICP -  Store...
02/26/25 07:44:25.318 [128158992959040] DEBUG ICP -  Done...


02/26/25 07:44:25.318 [128158992959040] DEBUG ICP -  Wait...
02/26/25 07:44:25.442 [128158992959040] DEBUG ICP -  Wake...
02/26/25 07:44:25.442 [128158992959040] DEBUG ICP -  Prepare...
02/26/25 07:44:25.442 [128158992959040] DEBUG ICP -  Process...
02/26/25 07:44:25.442 [128158992959040] DEBUG ICP -  Store...
02/26/25 07:44:25.442 [128158992959040] DEBUG ICP -  Done...


02/26/25 07:44:25.442 [128158992959040] DEBUG ICP -  Wait...
02/26/25 07:44:25.537 [128158992959040] DEBUG ICP -  Wake...
02/26/25 07:44:25.538 [128158992959040] DEBUG ICP -  Prepare...
02/26/25 07:44:25.538 [128158992959040] DEBUG ICP -  Process...
02/26/25 07:44:25.538 [128158992959040] DEBUG ICP -  Store...
02/26/25 07:44:25.539 [128158992959040] DEBUG ICP -  Done...


02/26/25 07:44:25.539 [128158992959040] DEBUG ICP -  Wait...
02/26/25 07:44:25.641 [128158992959040] DEBUG ICP -  Wake...
02/26/25 07:44:25.641 [128158992959040] DEBUG ICP -  Prepare...
02/26/25 07:44:25.641 [128158992959040] DEBUG ICP -  Process...
02/26/25 07:44:25.641 [128158992959040] DEBUG ICP -  Store...
02/26/25 07:44:25.641 [128158992959040] DEBUG ICP -  Done...


02/26/25 07:44:25.641 [128158992959040] DEBUG ICP -  Wait...
02/26/25 07:44:25.670 [128158992959040] DEBUG ICP -  Wake...
02/26/25 07:44:25.670 [128158992959040] DEBUG ICP -  Prepare...
02/26/25 07:44:25.670 [128158992959040] DEBUG ICP -  Process...
02/26/25 07:44:25.670 [128158992959040] DEBUG ICP -  Store...
02/26/25 07:44:25.670 [128158992959040] DEBUG ICP -  Done...


02/26/25 07:44:25.670 [128158992959040] DEBUG ICP -  Wait...
02/26/25 07:44:25.790 [128158992959040] DEBUG ICP -  Wake...
02/26/25 07:44:25.790 [128158992959040] DEBUG ICP -  Prepare...
02/26/25 07:44:25.790 [128158992959040] DEBUG ICP -  Process...
02/26/25 07:44:25.790 [128158992959040] DEBUG ICP -  Store...
02/26/25 07:44:25.790 [128158992959040] DEBUG ICP -  Done...


02/26/25 07:44:25.790 [128158992959040] DEBUG ICP -  Wait...
02/26/25 07:44:25.891 [128158992959040] DEBUG ICP -  Wake...
02/26/25 07:44:25.891 [128158992959040] DEBUG ICP -  Prepare...
02/26/25 07:44:25.891 [128158992959040] DEBUG ICP -  Process...
02/26/25 07:44:25.891 [128158992959040] DEBUG ICP -  Store...
02/26/25 07:44:25.891 [128158992959040] DEBUG ICP -  Done...


02/26/25 07:44:25.891 [128158992959040] DEBUG ICP -  Wait...
02/26/25 07:44:25.920 [128158992959040] DEBUG ICP -  Wake...
02/26/25 07:44:25.920 [128158992959040] DEBUG ICP -  Prepare...
02/26/25 07:44:25.920 [128158992959040] DEBUG ICP -  Process...
02/26/25 07:44:25.920 [128158992959040] DEBUG ICP -  Store...
02/26/25 07:44:25.920 [128158992959040] DEBUG ICP -  Done...


02/26/25 07:44:25.920 [128158992959040] DEBUG ICP -  Wait...
02/26/25 07:44:26.048 [128158992959040] DEBUG ICP -  Wake...
02/26/25 07:44:26.048 [128158992959040] DEBUG ICP -  Prepare...
02/26/25 07:44:26.048 [128158992959040] DEBUG ICP -  Process...
02/26/25 07:44:26.048 [128158992959040] DEBUG ICP -  Store...
02/26/25 07:44:26.048 [128158992959040] DEBUG ICP -  Done...


02/26/25 07:44:26.048 [128158992959040] DEBUG ICP -  Wait...
02/26/25 07:44:26.144 [128158992959040] DEBUG ICP -  Wake...
02/26/25 07:44:26.144 [128158992959040] DEBUG ICP -  Prepare...
02/26/25 07:44:26.144 [128158992959040] DEBUG ICP -  Process...
02/26/25 07:44:26.144 [128158992959040] DEBUG ICP -  Store...
02/26/25 07:44:26.144 [128158992959040] DEBUG ICP -  Done...


02/26/25 07:44:26.144 [128158992959040] DEBUG ICP -  Wait...
02/26/25 07:44:26.240 [128158992959040] DEBUG ICP -  Wake...
02/26/25 07:44:26.240 [128158992959040] DEBUG ICP -  Prepare...
02/26/25 07:44:26.240 [128158992959040] DEBUG ICP -  Process...
02/26/25 07:44:26.240 [128158992959040] DEBUG ICP -  Store...
02/26/25 07:44:26.240 [128158992959040] DEBUG ICP -  Done...


02/26/25 07:44:26.240 [128158992959040] DEBUG ICP -  Wait...
02/26/25 07:44:26.347 [128158992959040] DEBUG ICP -  Wake...
02/26/25 07:44:26.347 [128158992959040] DEBUG ICP -  Prepare...
02/26/25 07:44:26.347 [128158992959040] DEBUG ICP -  Process...
02/26/25 07:44:26.347 [128158992959040] DEBUG ICP -  Store...
02/26/25 07:44:26.347 [128158992959040] DEBUG ICP -  Done...


02/26/25 07:44:26.347 [128158992959040] DEBUG ICP -  Wait...
02/26/25 07:44:26.444 [128158992959040] DEBUG ICP -  Wake...
02/26/25 07:44:26.444 [128158992959040] DEBUG ICP -  Prepare...
02/26/25 07:44:26.444 [128158992959040] DEBUG ICP -  Process...
02/26/25 07:44:26.444 [128158992959040] DEBUG ICP -  Store...
02/26/25 07:44:26.444 [128158992959040] DEBUG ICP -  Done...


02/26/25 07:44:26.444 [128158992959040] DEBUG ICP -  Wait...
02/26/25 07:44:26.545 [128158992959040] DEBUG ICP -  Wake...
02/26/25 07:44:26.545 [128158992959040] DEBUG ICP -  Prepare...
02/26/25 07:44:26.545 [128158992959040] DEBUG ICP -  Process...
02/26/25 07:44:26.545 [128158992959040] DEBUG ICP -  Store...
02/26/25 07:44:26.545 [128158992959040] DEBUG ICP -  Done...


02/26/25 07:44:26.545 [128158992959040] DEBUG ICP -  Wait...
02/26/25 07:44:26.576 [128158992959040] DEBUG ICP -  Wake...
02/26/25 07:44:26.576 [128158992959040] DEBUG ICP -  Prepare...
02/26/25 07:44:26.576 [128158992959040] DEBUG ICP -  Process...
02/26/25 07:44:26.576 [128158992959040] DEBUG ICP -  Store...
02/26/25 07:44:26.576 [128158992959040] DEBUG ICP -  Done...


02/26/25 07:44:26.576 [128158992959040] DEBUG ICP -  Wait...
02/26/25 07:44:26.701 [128158992959040] DEBUG ICP -  Wake...
02/26/25 07:44:26.701 [128158992959040] DEBUG ICP -  Prepare...
02/26/25 07:44:26.701 [128158992959040] DEBUG ICP -  Process...
02/26/25 07:44:26.701 [128158992959040] DEBUG ICP -  Store...
02/26/25 07:44:26.701 [128158992959040] DEBUG ICP -  Done...


02/26/25 07:44:26.701 [128158992959040] DEBUG ICP -  Wait...
02/26/25 07:44:26.811 [128158992959040] DEBUG ICP -  Wake...
02/26/25 07:44:26.811 [128158992959040] DEBUG ICP -  Prepare...
02/26/25 07:44:26.811 [128158992959040] DEBUG ICP -  Process...
02/26/25 07:44:26.811 [128158992959040] DEBUG ICP -  Store...
02/26/25 07:44:26.811 [128158992959040] DEBUG ICP -  Done...


02/26/25 07:44:26.811 [128158992959040] DEBUG ICP -  Wait...
02/26/25 07:44:26.856 [128158992959040] DEBUG ICP -  Wake...
02/26/25 07:44:26.856 [128158992959040] DEBUG ICP -  Prepare...
02/26/25 07:44:26.856 [128158992959040] DEBUG ICP -  Process...
02/26/25 07:44:26.856 [128158992959040] DEBUG ICP -  Store...
02/26/25 07:44:26.856 [128158992959040] DEBUG ICP -  Done...


02/26/25 07:44:26.856 [128158992959040] DEBUG ICP -  Wait...
02/26/25 07:44:26.976 [128158992959040] DEBUG ICP -  Wake...
02/26/25 07:44:26.976 [128158992959040] DEBUG ICP -  Prepare...
02/26/25 07:44:26.976 [128158992959040] DEBUG ICP -  Process...
02/26/25 07:44:26.976 [128158992959040] DEBUG ICP -  Store...
02/26/25 07:44:26.976 [128158992959040] DEBUG ICP -  Done...


02/26/25 07:44:26.976 [128158992959040] DEBUG ICP -  Wait...
02/26/25 07:44:27.102 [128158992959040] DEBUG ICP -  Wake...
02/26/25 07:44:27.102 [128158992959040] DEBUG ICP -  Prepare...
02/26/25 07:44:27.102 [128158992959040] DEBUG ICP -  Process...
02/26/25 07:44:27.103 [128158992959040] DEBUG ICP -  Store...
02/26/25 07:44:27.103 [128158992959040] DEBUG ICP -  Done...


02/26/25 07:44:27.103 [128158992959040] DEBUG ICP -  Wait...
02/26/25 07:44:27.227 [128158992959040] DEBUG ICP -  Wake...
02/26/25 07:44:27.227 [128158992959040] DEBUG ICP -  Prepare...
02/26/25 07:44:27.227 [128158992959040] DEBUG ICP -  Process...
02/26/25 07:44:27.227 [128158992959040] DEBUG ICP -  Store...
02/26/25 07:44:27.227 [128158992959040] DEBUG ICP -  Done...


02/26/25 07:44:27.227 [128158992959040] DEBUG ICP -  Wait...
02/26/25 07:44:27.280 [128158992959040] DEBUG ICP -  Wake...
02/26/25 07:44:27.280 [128158992959040] DEBUG ICP -  Prepare...
02/26/25 07:44:27.280 [128158992959040] DEBUG ICP -  Process...
02/26/25 07:44:27.281 [128158992959040] DEBUG ICP -  Store...
02/26/25 07:44:27.281 [128158992959040] DEBUG ICP -  Done...


02/26/25 07:44:27.281 [128158992959040] DEBUG ICP -  Wait...
02/26/25 07:44:27.337 [128158992959040] DEBUG ICP -  Wake...
02/26/25 07:44:27.337 [128158992959040] DEBUG ICP -  Prepare...
02/26/25 07:44:27.337 [128158992959040] DEBUG ICP -  Process...
02/26/25 07:44:27.338 [128158992959040] DEBUG ICP -  Store...
02/26/25 07:44:27.338 [128158992959040] DEBUG ICP -  Done...


02/26/25 07:44:27.339 [128158992959040] DEBUG ICP -  Wait...
02/26/25 07:44:27.391 [128158992959040] DEBUG ICP -  Wake...
02/26/25 07:44:27.391 [128158992959040] DEBUG ICP -  Prepare...
02/26/25 07:44:27.391 [128158992959040] DEBUG ICP -  Process...
02/26/25 07:44:27.391 [128158992959040] DEBUG ICP -  Store...
02/26/25 07:44:27.391 [128158992959040] DEBUG ICP -  Done...


02/26/25 07:44:27.391 [128158992959040] DEBUG ICP -  Wait...
02/26/25 07:44:27.508 [128158992959040] DEBUG ICP -  Wake...
02/26/25 07:44:27.508 [128158992959040] DEBUG ICP -  Prepare...
02/26/25 07:44:27.508 [128158992959040] DEBUG ICP -  Process...
02/26/25 07:44:27.508 [128158992959040] DEBUG ICP -  Store...
02/26/25 07:44:27.508 [128158992959040] DEBUG ICP -  Done...


02/26/25 07:44:27.508 [128158992959040] DEBUG ICP -  Wait...
02/26/25 07:44:27.567 [128158992959040] DEBUG ICP -  Wake...
02/26/25 07:44:27.567 [128158992959040] DEBUG ICP -  Prepare...
02/26/25 07:44:27.567 [128158992959040] DEBUG ICP -  Process...
02/26/25 07:44:27.567 [128158992959040] DEBUG ICP -  Store...
02/26/25 07:44:27.567 [128158992959040] DEBUG ICP -  Done...


02/26/25 07:44:27.567 [128158992959040] DEBUG ICP -  Wait...
02/26/25 07:44:27.626 [128158992959040] DEBUG ICP -  Wake...
02/26/25 07:44:27.626 [128158992959040] DEBUG ICP -  Prepare...
02/26/25 07:44:27.626 [128158992959040] DEBUG ICP -  Process...
02/26/25 07:44:27.626 [128158992959040] DEBUG ICP -  Store...
02/26/25 07:44:27.626 [128158992959040] DEBUG ICP -  Done...


02/26/25 07:44:27.626 [128158992959040] DEBUG ICP -  Wait...
02/26/25 07:44:27.684 [128158992959040] DEBUG ICP -  Wake...
02/26/25 07:44:27.684 [128158992959040] DEBUG ICP -  Prepare...
02/26/25 07:44:27.684 [128158992959040] DEBUG ICP -  Process...
02/26/25 07:44:27.684 [128158992959040] DEBUG ICP -  Store...
02/26/25 07:44:27.684 [128158992959040] DEBUG ICP -  Done...


02/26/25 07:44:27.684 [128158992959040] DEBUG ICP -  Wait...
02/26/25 07:44:27.741 [128158992959040] DEBUG ICP -  Wake...
02/26/25 07:44:27.741 [128158992959040] DEBUG ICP -  Prepare...
02/26/25 07:44:27.741 [128158992959040] DEBUG ICP -  Process...
02/26/25 07:44:27.741 [128158992959040] DEBUG ICP -  Store...
02/26/25 07:44:27.741 [128158992959040] DEBUG ICP -  Done...


02/26/25 07:44:27.741 [128158992959040] DEBUG ICP -  Wait...
02/26/25 07:44:27.803 [128158992959040] DEBUG ICP -  Wake...
02/26/25 07:44:27.803 [128158992959040] DEBUG ICP -  Prepare...
02/26/25 07:44:27.803 [128158992959040] DEBUG ICP -  Process...
02/26/25 07:44:27.803 [128158992959040] DEBUG ICP -  Store...
02/26/25 07:44:27.805 [128158992959040] DEBUG ICP -  Done...


02/26/25 07:44:27.805 [128158992959040] DEBUG ICP -  Wait...
02/26/25 07:44:27.863 [128158992959040] DEBUG ICP -  Wake...
02/26/25 07:44:27.863 [128158992959040] DEBUG ICP -  Prepare...
02/26/25 07:44:27.863 [128158992959040] DEBUG ICP -  Process...
02/26/25 07:44:27.863 [128158992959040] DEBUG ICP -  Store...
02/26/25 07:44:27.863 [128158992959040] DEBUG ICP -  Done...


02/26/25 07:44:27.863 [128158992959040] DEBUG ICP -  Wait...
02/26/25 07:44:27.922 [128158992959040] DEBUG ICP -  Wake...
02/26/25 07:44:27.922 [128158992959040] DEBUG ICP -  Prepare...
02/26/25 07:44:27.922 [128158992959040] DEBUG ICP -  Process...
02/26/25 07:44:27.922 [128158992959040] DEBUG ICP -  Store...
02/26/25 07:44:27.922 [128158992959040] DEBUG ICP -  Done...


02/26/25 07:44:27.922 [128158992959040] DEBUG ICP -  Wait...
02/26/25 07:44:28.046 [128158992959040] DEBUG ICP -  Wake...
02/26/25 07:44:28.046 [128158992959040] DEBUG ICP -  Prepare...
02/26/25 07:44:28.046 [128158992959040] DEBUG ICP -  Process...
02/26/25 07:44:28.046 [128158992959040] DEBUG ICP -  Store...
02/26/25 07:44:28.046 [128158992959040] DEBUG ICP -  Done...


02/26/25 07:44:28.046 [128158992959040] DEBUG ICP -  Wait...
02/26/25 07:44:28.177 [128158992959040] DEBUG ICP -  Wake...
02/26/25 07:44:28.177 [128158992959040] DEBUG ICP -  Prepare...
02/26/25 07:44:28.177 [128158992959040] DEBUG ICP -  Process...
02/26/25 07:44:28.177 [128158992959040] DEBUG ICP -  Store...
02/26/25 07:44:28.177 [128158992959040] DEBUG ICP -  Done...


02/26/25 07:44:28.177 [128158992959040] DEBUG ICP -  Wait...
02/26/25 07:44:28.311 [128158992959040] DEBUG ICP -  Wake...
02/26/25 07:44:28.311 [128158992959040] DEBUG ICP -  Prepare...
02/26/25 07:44:28.311 [128158992959040] DEBUG ICP -  Process...
02/26/25 07:44:28.312 [128158992959040] DEBUG ICP -  Store...
02/26/25 07:44:28.312 [128158992959040] DEBUG ICP -  Done...


02/26/25 07:44:28.312 [128158992959040] DEBUG ICP -  Wait...
02/26/25 07:44:28.442 [128158992959040] DEBUG ICP -  Wake...
02/26/25 07:44:28.442 [128158992959040] DEBUG ICP -  Prepare...
02/26/25 07:44:28.442 [128158992959040] DEBUG ICP -  Process...
02/26/25 07:44:28.442 [128158992959040] DEBUG ICP -  Store...
02/26/25 07:44:28.442 [128158992959040] DEBUG ICP -  Done...


02/26/25 07:44:28.442 [128158992959040] DEBUG ICP -  Wait...
02/26/25 07:44:28.554 [128158992959040] DEBUG ICP -  Wake...
02/26/25 07:44:28.554 [128158992959040] DEBUG ICP -  Prepare...
02/26/25 07:44:28.554 [128158992959040] DEBUG ICP -  Process...
02/26/25 07:44:28.554 [128158992959040] DEBUG ICP -  Store...
02/26/25 07:44:28.554 [128158992959040] DEBUG ICP -  Done...


02/26/25 07:44:28.554 [128158992959040] DEBUG ICP -  Wait...
02/26/25 07:44:28.612 [128158992959040] DEBUG ICP -  Wake...
02/26/25 07:44:28.612 [128158992959040] DEBUG ICP -  Prepare...
02/26/25 07:44:28.612 [128158992959040] DEBUG ICP -  Process...
02/26/25 07:44:28.612 [128158992959040] DEBUG ICP -  Store...
02/26/25 07:44:28.612 [128158992959040] DEBUG ICP -  Done...


02/26/25 07:44:28.612 [128158992959040] DEBUG ICP -  Wait...
02/26/25 07:44:28.672 [128158992959040] DEBUG ICP -  Wake...
02/26/25 07:44:28.672 [128158992959040] DEBUG ICP -  Prepare...
02/26/25 07:44:28.672 [128158992959040] DEBUG ICP -  Process...
02/26/25 07:44:28.672 [128158992959040] DEBUG ICP -  Store...
02/26/25 07:44:28.672 [128158992959040] DEBUG ICP -  Done...


02/26/25 07:44:28.672 [128158992959040] DEBUG ICP -  Wait...
