02/26/25 07:42:20.466 [138452412663360] DEBUG Qr -  Wait...
02/26/25 07:42:20.544 [138452412663360] DEBUG Qr -  Wake...
02/26/25 07:42:20.544 [138452412663360] DEBUG Qr -  Prepare...
02/26/25 07:42:20.544 [138452412663360] DEBUG Qr -  Process...
02/26/25 07:42:20.596 [138452412663360] DEBUG Qr -  Store...
02/26/25 07:42:20.596 [138452412663360] DEBUG Qr -  Done...


02/26/25 07:42:20.596 [138452412663360] DEBUG Qr -  Wait...
02/26/25 07:42:20.608 [138452412663360] DEBUG Qr -  Wake...
02/26/25 07:42:20.609 [138452412663360] DEBUG Qr -  Prepare...
02/26/25 07:42:20.609 [138452412663360] DEBUG Qr -  Process...
02/26/25 07:42:20.658 [138452412663360] DEBUG Qr -  Store...
02/26/25 07:42:20.658 [138452412663360] DEBUG Qr -  Done...


02/26/25 07:42:20.658 [138452412663360] DEBUG Qr -  Wait...
02/26/25 07:42:20.674 [138452412663360] DEBUG Qr -  Wake...
02/26/25 07:42:20.674 [138452412663360] DEBUG Qr -  Prepare...
02/26/25 07:42:20.674 [138452412663360] DEBUG Qr -  Process...
02/26/25 07:42:20.722 [138452412663360] DEBUG Qr -  Store...
02/26/25 07:42:20.722 [138452412663360] DEBUG Qr -  Done...


02/26/25 07:42:20.722 [138452412663360] DEBUG Qr -  Wait...
02/26/25 07:42:20.734 [138452412663360] DEBUG Qr -  Wake...
02/26/25 07:42:20.734 [138452412663360] DEBUG Qr -  Prepare...
02/26/25 07:42:20.734 [138452412663360] DEBUG Qr -  Process...
02/26/25 07:42:20.783 [138452412663360] DEBUG Qr -  Store...
02/26/25 07:42:20.783 [138452412663360] DEBUG Qr -  Done...


02/26/25 07:42:20.783 [138452412663360] DEBUG Qr -  Wait...
02/26/25 07:42:20.792 [138452412663360] DEBUG Qr -  Wake...
02/26/25 07:42:20.792 [138452412663360] DEBUG Qr -  Prepare...
02/26/25 07:42:20.792 [138452412663360] DEBUG Qr -  Process...
02/26/25 07:42:20.839 [138452412663360] DEBUG Qr -  Store...
02/26/25 07:42:20.839 [138452412663360] DEBUG Qr -  Done...


02/26/25 07:42:20.839 [138452412663360] DEBUG Qr -  Wait...
02/26/25 07:42:20.850 [138452412663360] DEBUG Qr -  Wake...
02/26/25 07:42:20.850 [138452412663360] DEBUG Qr -  Prepare...
02/26/25 07:42:20.850 [138452412663360] DEBUG Qr -  Process...
02/26/25 07:42:20.904 [138452412663360] DEBUG Qr -  Store...
02/26/25 07:42:20.904 [138452412663360] DEBUG Qr -  Done...


02/26/25 07:42:20.904 [138452412663360] DEBUG Qr -  Wait...
02/26/25 07:42:20.910 [138452412663360] DEBUG Qr -  Wake...
02/26/25 07:42:20.910 [138452412663360] DEBUG Qr -  Prepare...
02/26/25 07:42:20.910 [138452412663360] DEBUG Qr -  Process...
02/26/25 07:42:20.962 [138452412663360] DEBUG Qr -  Store...
02/26/25 07:42:20.962 [138452412663360] DEBUG Qr -  Done...


02/26/25 07:42:20.962 [138452412663360] DEBUG Qr -  Wait...
02/26/25 07:42:20.968 [138452412663360] DEBUG Qr -  Wake...
02/26/25 07:42:20.968 [138452412663360] DEBUG Qr -  Prepare...
02/26/25 07:42:20.968 [138452412663360] DEBUG Qr -  Process...
02/26/25 07:42:21.018 [138452412663360] DEBUG Qr -  Store...
02/26/25 07:42:21.018 [138452412663360] DEBUG Qr -  Done...


02/26/25 07:42:21.018 [138452412663360] DEBUG Qr -  Wait...
02/26/25 07:42:21.028 [138452412663360] DEBUG Qr -  Wake...
02/26/25 07:42:21.028 [138452412663360] DEBUG Qr -  Prepare...
02/26/25 07:42:21.028 [138452412663360] DEBUG Qr -  Process...
02/26/25 07:42:21.077 [138452412663360] DEBUG Qr -  Store...
02/26/25 07:42:21.077 [138452412663360] DEBUG Qr -  Done...


02/26/25 07:42:21.077 [138452412663360] DEBUG Qr -  Wait...
02/26/25 07:42:21.086 [138452412663360] DEBUG Qr -  Wake...
02/26/25 07:42:21.086 [138452412663360] DEBUG Qr -  Prepare...
02/26/25 07:42:21.086 [138452412663360] DEBUG Qr -  Process...
02/26/25 07:42:21.135 [138452412663360] DEBUG Qr -  Store...
02/26/25 07:42:21.135 [138452412663360] DEBUG Qr -  Done...


02/26/25 07:42:21.135 [138452412663360] DEBUG Qr -  Wait...
02/26/25 07:42:21.143 [138452412663360] DEBUG Qr -  Wake...
02/26/25 07:42:21.143 [138452412663360] DEBUG Qr -  Prepare...
02/26/25 07:42:21.143 [138452412663360] DEBUG Qr -  Process...
02/26/25 07:42:21.190 [138452412663360] DEBUG Qr -  Store...
02/26/25 07:42:21.191 [138452412663360] DEBUG Qr -  Done...


02/26/25 07:42:21.191 [138452412663360] DEBUG Qr -  Wait...
02/26/25 07:42:21.201 [138452412663360] DEBUG Qr -  Wake...
02/26/25 07:42:21.201 [138452412663360] DEBUG Qr -  Prepare...
02/26/25 07:42:21.201 [138452412663360] DEBUG Qr -  Process...
02/26/25 07:42:21.250 [138452412663360] DEBUG Qr -  Store...
02/26/25 07:42:21.250 [138452412663360] DEBUG Qr -  Done...


02/26/25 07:42:21.250 [138452412663360] DEBUG Qr -  Wait...
02/26/25 07:42:21.259 [138452412663360] DEBUG Qr -  Wake...
02/26/25 07:42:21.259 [138452412663360] DEBUG Qr -  Prepare...
02/26/25 07:42:21.259 [138452412663360] DEBUG Qr -  Process...
02/26/25 07:42:21.306 [138452412663360] DEBUG Qr -  Store...
02/26/25 07:42:21.306 [138452412663360] DEBUG Qr -  Done...


02/26/25 07:42:21.306 [138452412663360] DEBUG Qr -  Wait...
02/26/25 07:42:21.318 [138452412663360] DEBUG Qr -  Wake...
02/26/25 07:42:21.318 [138452412663360] DEBUG Qr -  Prepare...
02/26/25 07:42:21.318 [138452412663360] DEBUG Qr -  Process...
02/26/25 07:42:21.364 [138452412663360] DEBUG Qr -  Store...
02/26/25 07:42:21.364 [138452412663360] DEBUG Qr -  Done...


02/26/25 07:42:21.364 [138452412663360] DEBUG Qr -  Wait...
02/26/25 07:42:21.376 [138452412663360] DEBUG Qr -  Wake...
02/26/25 07:42:21.376 [138452412663360] DEBUG Qr -  Prepare...
02/26/25 07:42:21.376 [138452412663360] DEBUG Qr -  Process...
02/26/25 07:42:21.422 [138452412663360] DEBUG Qr -  Store...
02/26/25 07:42:21.422 [138452412663360] DEBUG Qr -  Done...


02/26/25 07:42:21.422 [138452412663360] DEBUG Qr -  Wait...
02/26/25 07:42:21.434 [138452412663360] DEBUG Qr -  Wake...
02/26/25 07:42:21.434 [138452412663360] DEBUG Qr -  Prepare...
02/26/25 07:42:21.434 [138452412663360] DEBUG Qr -  Process...
02/26/25 07:42:21.482 [138452412663360] DEBUG Qr -  Store...
02/26/25 07:42:21.482 [138452412663360] DEBUG Qr -  Done...


02/26/25 07:42:21.482 [138452412663360] DEBUG Qr -  Wait...
02/26/25 07:42:21.494 [138452412663360] DEBUG Qr -  Wake...
02/26/25 07:42:21.494 [138452412663360] DEBUG Qr -  Prepare...
02/26/25 07:42:21.494 [138452412663360] DEBUG Qr -  Process...
02/26/25 07:42:21.542 [138452412663360] DEBUG Qr -  Store...
02/26/25 07:42:21.542 [138452412663360] DEBUG Qr -  Done...


02/26/25 07:42:21.542 [138452412663360] DEBUG Qr -  Wait...
02/26/25 07:42:21.551 [138452412663360] DEBUG Qr -  Wake...
02/26/25 07:42:21.551 [138452412663360] DEBUG Qr -  Prepare...
02/26/25 07:42:21.551 [138452412663360] DEBUG Qr -  Process...
02/26/25 07:42:21.602 [138452412663360] DEBUG Qr -  Store...
02/26/25 07:42:21.602 [138452412663360] DEBUG Qr -  Done...


02/26/25 07:42:21.602 [138452412663360] DEBUG Qr -  Wait...
02/26/25 07:42:21.611 [138452412663360] DEBUG Qr -  Wake...
02/26/25 07:42:21.611 [138452412663360] DEBUG Qr -  Prepare...
02/26/25 07:42:21.611 [138452412663360] DEBUG Qr -  Process...
02/26/25 07:42:21.661 [138452412663360] DEBUG Qr -  Store...
02/26/25 07:42:21.661 [138452412663360] DEBUG Qr -  Done...


02/26/25 07:42:21.661 [138452412663360] DEBUG Qr -  Wait...
02/26/25 07:42:21.671 [138452412663360] DEBUG Qr -  Wake...
02/26/25 07:42:21.671 [138452412663360] DEBUG Qr -  Prepare...
02/26/25 07:42:21.671 [138452412663360] DEBUG Qr -  Process...
02/26/25 07:42:21.718 [138452412663360] DEBUG Qr -  Store...
02/26/25 07:42:21.718 [138452412663360] DEBUG Qr -  Done...


02/26/25 07:42:21.718 [138452412663360] DEBUG Qr -  Wait...
02/26/25 07:42:21.727 [138452412663360] DEBUG Qr -  Wake...
02/26/25 07:42:21.727 [138452412663360] DEBUG Qr -  Prepare...
02/26/25 07:42:21.727 [138452412663360] DEBUG Qr -  Process...
02/26/25 07:42:21.781 [138452412663360] DEBUG Qr -  Store...
02/26/25 07:42:21.781 [138452412663360] DEBUG Qr -  Done...


02/26/25 07:42:21.781 [138452412663360] DEBUG Qr -  Wait...
02/26/25 07:42:21.786 [138452412663360] DEBUG Qr -  Wake...
02/26/25 07:42:21.786 [138452412663360] DEBUG Qr -  Prepare...
02/26/25 07:42:21.786 [138452412663360] DEBUG Qr -  Process...
02/26/25 07:42:21.831 [138452412663360] DEBUG Qr -  Store...
02/26/25 07:42:21.831 [138452412663360] DEBUG Qr -  Done...


02/26/25 07:42:21.831 [138452412663360] DEBUG Qr -  Wait...
02/26/25 07:42:21.842 [138452412663360] DEBUG Qr -  Wake...
02/26/25 07:42:21.842 [138452412663360] DEBUG Qr -  Prepare...
02/26/25 07:42:21.842 [138452412663360] DEBUG Qr -  Process...
02/26/25 07:42:21.892 [138452412663360] DEBUG Qr -  Store...
02/26/25 07:42:21.892 [138452412663360] DEBUG Qr -  Done...


02/26/25 07:42:21.892 [138452412663360] DEBUG Qr -  Wait...
02/26/25 07:42:21.901 [138452412663360] DEBUG Qr -  Wake...
02/26/25 07:42:21.901 [138452412663360] DEBUG Qr -  Prepare...
02/26/25 07:42:21.901 [138452412663360] DEBUG Qr -  Process...
02/26/25 07:42:21.952 [138452412663360] DEBUG Qr -  Store...
02/26/25 07:42:21.952 [138452412663360] DEBUG Qr -  Done...


02/26/25 07:42:21.952 [138452412663360] DEBUG Qr -  Wait...
02/26/25 07:42:21.962 [138452412663360] DEBUG Qr -  Wake...
02/26/25 07:42:21.962 [138452412663360] DEBUG Qr -  Prepare...
02/26/25 07:42:21.962 [138452412663360] DEBUG Qr -  Process...
02/26/25 07:42:22.013 [138452412663360] DEBUG Qr -  Store...
02/26/25 07:42:22.013 [138452412663360] DEBUG Qr -  Done...


02/26/25 07:42:22.013 [138452412663360] DEBUG Qr -  Wait...
02/26/25 07:42:22.023 [138452412663360] DEBUG Qr -  Wake...
02/26/25 07:42:22.023 [138452412663360] DEBUG Qr -  Prepare...
02/26/25 07:42:22.023 [138452412663360] DEBUG Qr -  Process...
02/26/25 07:42:22.067 [138452412663360] DEBUG Qr -  Store...
02/26/25 07:42:22.067 [138452412663360] DEBUG Qr -  Done...


02/26/25 07:42:22.067 [138452412663360] DEBUG Qr -  Wait...
02/26/25 07:42:22.082 [138452412663360] DEBUG Qr -  Wake...
02/26/25 07:42:22.082 [138452412663360] DEBUG Qr -  Prepare...
02/26/25 07:42:22.082 [138452412663360] DEBUG Qr -  Process...
02/26/25 07:42:22.131 [138452412663360] DEBUG Qr -  Store...
02/26/25 07:42:22.131 [138452412663360] DEBUG Qr -  Done...


02/26/25 07:42:22.131 [138452412663360] DEBUG Qr -  Wait...
02/26/25 07:42:22.141 [138452412663360] DEBUG Qr -  Wake...
02/26/25 07:42:22.141 [138452412663360] DEBUG Qr -  Prepare...
02/26/25 07:42:22.141 [138452412663360] DEBUG Qr -  Process...
02/26/25 07:42:22.188 [138452412663360] DEBUG Qr -  Store...
02/26/25 07:42:22.188 [138452412663360] DEBUG Qr -  Done...


02/26/25 07:42:22.188 [138452412663360] DEBUG Qr -  Wait...
02/26/25 07:42:22.197 [138452412663360] DEBUG Qr -  Wake...
02/26/25 07:42:22.197 [138452412663360] DEBUG Qr -  Prepare...
02/26/25 07:42:22.197 [138452412663360] DEBUG Qr -  Process...
02/26/25 07:42:22.247 [138452412663360] DEBUG Qr -  Store...
02/26/25 07:42:22.247 [138452412663360] DEBUG Qr -  Done...


02/26/25 07:42:22.247 [138452412663360] DEBUG Qr -  Wait...
02/26/25 07:42:22.259 [138452412663360] DEBUG Qr -  Wake...
02/26/25 07:42:22.259 [138452412663360] DEBUG Qr -  Prepare...
02/26/25 07:42:22.259 [138452412663360] DEBUG Qr -  Process...
02/26/25 07:42:22.306 [138452412663360] DEBUG Qr -  Store...
02/26/25 07:42:22.306 [138452412663360] DEBUG Qr -  Done...


02/26/25 07:42:22.306 [138452412663360] DEBUG Qr -  Wait...
02/26/25 07:42:22.317 [138452412663360] DEBUG Qr -  Wake...
02/26/25 07:42:22.317 [138452412663360] DEBUG Qr -  Prepare...
02/26/25 07:42:22.317 [138452412663360] DEBUG Qr -  Process...
02/26/25 07:42:22.365 [138452412663360] DEBUG Qr -  Store...
02/26/25 07:42:22.365 [138452412663360] DEBUG Qr -  Done...


02/26/25 07:42:22.365 [138452412663360] DEBUG Qr -  Wait...
02/26/25 07:42:22.376 [138452412663360] DEBUG Qr -  Wake...
02/26/25 07:42:22.376 [138452412663360] DEBUG Qr -  Prepare...
02/26/25 07:42:22.376 [138452412663360] DEBUG Qr -  Process...
02/26/25 07:42:22.422 [138452412663360] DEBUG Qr -  Store...
02/26/25 07:42:22.422 [138452412663360] DEBUG Qr -  Done...


02/26/25 07:42:22.422 [138452412663360] DEBUG Qr -  Wait...
02/26/25 07:42:22.432 [138452412663360] DEBUG Qr -  Wake...
02/26/25 07:42:22.432 [138452412663360] DEBUG Qr -  Prepare...
02/26/25 07:42:22.433 [138452412663360] DEBUG Qr -  Process...
02/26/25 07:42:22.480 [138452412663360] DEBUG Qr -  Store...
02/26/25 07:42:22.480 [138452412663360] DEBUG Qr -  Done...


02/26/25 07:42:22.480 [138452412663360] DEBUG Qr -  Wait...
02/26/25 07:42:22.491 [138452412663360] DEBUG Qr -  Wake...
02/26/25 07:42:22.491 [138452412663360] DEBUG Qr -  Prepare...
02/26/25 07:42:22.491 [138452412663360] DEBUG Qr -  Process...
02/26/25 07:42:22.540 [138452412663360] DEBUG Qr -  Store...
02/26/25 07:42:22.540 [138452412663360] DEBUG Qr -  Done...


02/26/25 07:42:22.540 [138452412663360] DEBUG Qr -  Wait...
02/26/25 07:42:22.550 [138452412663360] DEBUG Qr -  Wake...
02/26/25 07:42:22.550 [138452412663360] DEBUG Qr -  Prepare...
02/26/25 07:42:22.550 [138452412663360] DEBUG Qr -  Process...
02/26/25 07:42:22.599 [138452412663360] DEBUG Qr -  Store...
02/26/25 07:42:22.599 [138452412663360] DEBUG Qr -  Done...


02/26/25 07:42:22.599 [138452412663360] DEBUG Qr -  Wait...
02/26/25 07:42:22.608 [138452412663360] DEBUG Qr -  Wake...
02/26/25 07:42:22.608 [138452412663360] DEBUG Qr -  Prepare...
02/26/25 07:42:22.608 [138452412663360] DEBUG Qr -  Process...
02/26/25 07:42:22.656 [138452412663360] DEBUG Qr -  Store...
02/26/25 07:42:22.656 [138452412663360] DEBUG Qr -  Done...


02/26/25 07:42:22.656 [138452412663360] DEBUG Qr -  Wait...
02/26/25 07:42:22.666 [138452412663360] DEBUG Qr -  Wake...
02/26/25 07:42:22.666 [138452412663360] DEBUG Qr -  Prepare...
02/26/25 07:42:22.666 [138452412663360] DEBUG Qr -  Process...
02/26/25 07:42:22.716 [138452412663360] DEBUG Qr -  Store...
02/26/25 07:42:22.716 [138452412663360] DEBUG Qr -  Done...


02/26/25 07:42:22.716 [138452412663360] DEBUG Qr -  Wait...
02/26/25 07:42:22.726 [138452412663360] DEBUG Qr -  Wake...
02/26/25 07:42:22.726 [138452412663360] DEBUG Qr -  Prepare...
02/26/25 07:42:22.726 [138452412663360] DEBUG Qr -  Process...
02/26/25 07:42:22.775 [138452412663360] DEBUG Qr -  Store...
02/26/25 07:42:22.775 [138452412663360] DEBUG Qr -  Done...


02/26/25 07:42:22.775 [138452412663360] DEBUG Qr -  Wait...
02/26/25 07:42:22.785 [138452412663360] DEBUG Qr -  Wake...
02/26/25 07:42:22.785 [138452412663360] DEBUG Qr -  Prepare...
02/26/25 07:42:22.785 [138452412663360] DEBUG Qr -  Process...
02/26/25 07:42:22.834 [138452412663360] DEBUG Qr -  Store...
02/26/25 07:42:22.834 [138452412663360] DEBUG Qr -  Done...


02/26/25 07:42:22.834 [138452412663360] DEBUG Qr -  Wait...
02/26/25 07:42:22.845 [138452412663360] DEBUG Qr -  Wake...
02/26/25 07:42:22.845 [138452412663360] DEBUG Qr -  Prepare...
02/26/25 07:42:22.845 [138452412663360] DEBUG Qr -  Process...
02/26/25 07:42:22.893 [138452412663360] DEBUG Qr -  Store...
02/26/25 07:42:22.893 [138452412663360] DEBUG Qr -  Done...


02/26/25 07:42:22.893 [138452412663360] DEBUG Qr -  Wait...
02/26/25 07:42:22.904 [138452412663360] DEBUG Qr -  Wake...
02/26/25 07:42:22.904 [138452412663360] DEBUG Qr -  Prepare...
02/26/25 07:42:22.904 [138452412663360] DEBUG Qr -  Process...
02/26/25 07:42:22.955 [138452412663360] DEBUG Qr -  Store...
02/26/25 07:42:22.955 [138452412663360] DEBUG Qr -  Done...


02/26/25 07:42:22.955 [138452412663360] DEBUG Qr -  Wait...
02/26/25 07:42:22.972 [138452412663360] DEBUG Qr -  Wake...
02/26/25 07:42:22.972 [138452412663360] DEBUG Qr -  Prepare...
02/26/25 07:42:22.972 [138452412663360] DEBUG Qr -  Process...
02/26/25 07:42:23.033 [138452412663360] DEBUG Qr -  Store...
02/26/25 07:42:23.033 [138452412663360] DEBUG Qr -  Done...


02/26/25 07:42:23.033 [138452412663360] DEBUG Qr -  Wait...
02/26/25 07:42:23.069 [138452412663360] DEBUG Qr -  Wake...
02/26/25 07:42:23.070 [138452412663360] DEBUG Qr -  Prepare...
02/26/25 07:42:23.070 [138452412663360] DEBUG Qr -  Process...
02/26/25 07:42:23.127 [138452412663360] DEBUG Qr -  Store...
02/26/25 07:42:23.128 [138452412663360] DEBUG Qr -  Done...


02/26/25 07:42:23.128 [138452412663360] DEBUG Qr -  Wait...
02/26/25 07:42:23.156 [138452412663360] DEBUG Qr -  Wake...
02/26/25 07:42:23.156 [138452412663360] DEBUG Qr -  Prepare...
02/26/25 07:42:23.156 [138452412663360] DEBUG Qr -  Process...
02/26/25 07:42:23.212 [138452412663360] DEBUG Qr -  Store...
02/26/25 07:42:23.212 [138452412663360] DEBUG Qr -  Done...


02/26/25 07:42:23.212 [138452412663360] DEBUG Qr -  Wait...
02/26/25 07:42:23.246 [138452412663360] DEBUG Qr -  Wake...
02/26/25 07:42:23.246 [138452412663360] DEBUG Qr -  Prepare...
02/26/25 07:42:23.246 [138452412663360] DEBUG Qr -  Process...
02/26/25 07:42:23.304 [138452412663360] DEBUG Qr -  Store...
02/26/25 07:42:23.304 [138452412663360] DEBUG Qr -  Done...


02/26/25 07:42:23.304 [138452412663360] DEBUG Qr -  Wait...
02/26/25 07:42:23.315 [138452412663360] DEBUG Qr -  Wake...
02/26/25 07:42:23.315 [138452412663360] DEBUG Qr -  Prepare...
02/26/25 07:42:23.315 [138452412663360] DEBUG Qr -  Process...
02/26/25 07:42:23.373 [138452412663360] DEBUG Qr -  Store...
02/26/25 07:42:23.373 [138452412663360] DEBUG Qr -  Done...


02/26/25 07:42:23.373 [138452412663360] DEBUG Qr -  Wait...
02/26/25 07:42:23.378 [138452412663360] DEBUG Qr -  Wake...
02/26/25 07:42:23.378 [138452412663360] DEBUG Qr -  Prepare...
02/26/25 07:42:23.378 [138452412663360] DEBUG Qr -  Process...
02/26/25 07:42:23.430 [138452412663360] DEBUG Qr -  Store...
02/26/25 07:42:23.430 [138452412663360] DEBUG Qr -  Done...


02/26/25 07:42:23.430 [138452412663360] DEBUG Qr -  Wait...
02/26/25 07:42:23.441 [138452412663360] DEBUG Qr -  Wake...
02/26/25 07:42:23.441 [138452412663360] DEBUG Qr -  Prepare...
02/26/25 07:42:23.441 [138452412663360] DEBUG Qr -  Process...
02/26/25 07:42:23.491 [138452412663360] DEBUG Qr -  Store...
02/26/25 07:42:23.491 [138452412663360] DEBUG Qr -  Done...


02/26/25 07:42:23.491 [138452412663360] DEBUG Qr -  Wait...
02/26/25 07:42:23.500 [138452412663360] DEBUG Qr -  Wake...
02/26/25 07:42:23.501 [138452412663360] DEBUG Qr -  Prepare...
02/26/25 07:42:23.501 [138452412663360] DEBUG Qr -  Process...
02/26/25 07:42:23.552 [138452412663360] DEBUG Qr -  Store...
02/26/25 07:42:23.552 [138452412663360] DEBUG Qr -  Done...


02/26/25 07:42:23.552 [138452412663360] DEBUG Qr -  Wait...
02/26/25 07:42:23.560 [138452412663360] DEBUG Qr -  Wake...
02/26/25 07:42:23.560 [138452412663360] DEBUG Qr -  Prepare...
02/26/25 07:42:23.560 [138452412663360] DEBUG Qr -  Process...
02/26/25 07:42:23.623 [138452412663360] DEBUG Qr -  Store...
02/26/25 07:42:23.624 [138452412663360] DEBUG Qr -  Done...


02/26/25 07:42:23.624 [138452412663360] DEBUG Qr -  Wait...
02/26/25 07:42:23.656 [138452412663360] DEBUG Qr -  Wake...
02/26/25 07:42:23.656 [138452412663360] DEBUG Qr -  Prepare...
02/26/25 07:42:23.656 [138452412663360] DEBUG Qr -  Process...
02/26/25 07:42:23.708 [138452412663360] DEBUG Qr -  Store...
02/26/25 07:42:23.708 [138452412663360] DEBUG Qr -  Done...


02/26/25 07:42:23.708 [138452412663360] DEBUG Qr -  Wait...
02/26/25 07:42:23.717 [138452412663360] DEBUG Qr -  Wake...
02/26/25 07:42:23.717 [138452412663360] DEBUG Qr -  Prepare...
02/26/25 07:42:23.717 [138452412663360] DEBUG Qr -  Process...
02/26/25 07:42:23.770 [138452412663360] DEBUG Qr -  Store...
02/26/25 07:42:23.770 [138452412663360] DEBUG Qr -  Done...


02/26/25 07:42:23.770 [138452412663360] DEBUG Qr -  Wait...
02/26/25 07:42:23.781 [138452412663360] DEBUG Qr -  Wake...
02/26/25 07:42:23.781 [138452412663360] DEBUG Qr -  Prepare...
02/26/25 07:42:23.781 [138452412663360] DEBUG Qr -  Process...
02/26/25 07:42:23.833 [138452412663360] DEBUG Qr -  Store...
02/26/25 07:42:23.833 [138452412663360] DEBUG Qr -  Done...


02/26/25 07:42:23.833 [138452412663360] DEBUG Qr -  Wait...
02/26/25 07:42:23.843 [138452412663360] DEBUG Qr -  Wake...
02/26/25 07:42:23.843 [138452412663360] DEBUG Qr -  Prepare...
02/26/25 07:42:23.843 [138452412663360] DEBUG Qr -  Process...
02/26/25 07:42:23.898 [138452412663360] DEBUG Qr -  Store...
02/26/25 07:42:23.898 [138452412663360] DEBUG Qr -  Done...


02/26/25 07:42:23.898 [138452412663360] DEBUG Qr -  Wait...
02/26/25 07:42:23.907 [138452412663360] DEBUG Qr -  Wake...
02/26/25 07:42:23.907 [138452412663360] DEBUG Qr -  Prepare...
02/26/25 07:42:23.907 [138452412663360] DEBUG Qr -  Process...
02/26/25 07:42:23.959 [138452412663360] DEBUG Qr -  Store...
02/26/25 07:42:23.959 [138452412663360] DEBUG Qr -  Done...


02/26/25 07:42:23.959 [138452412663360] DEBUG Qr -  Wait...
02/26/25 07:42:23.969 [138452412663360] DEBUG Qr -  Wake...
02/26/25 07:42:23.969 [138452412663360] DEBUG Qr -  Prepare...
02/26/25 07:42:23.969 [138452412663360] DEBUG Qr -  Process...
02/26/25 07:42:24.017 [138452412663360] DEBUG Qr -  Store...
02/26/25 07:42:24.017 [138452412663360] DEBUG Qr -  Done...


02/26/25 07:42:24.017 [138452412663360] DEBUG Qr -  Wait...
02/26/25 07:42:24.030 [138452412663360] DEBUG Qr -  Wake...
02/26/25 07:42:24.030 [138452412663360] DEBUG Qr -  Prepare...
02/26/25 07:42:24.030 [138452412663360] DEBUG Qr -  Process...
02/26/25 07:42:24.088 [138452412663360] DEBUG Qr -  Store...
02/26/25 07:42:24.088 [138452412663360] DEBUG Qr -  Done...


02/26/25 07:42:24.088 [138452412663360] DEBUG Qr -  Wait...
02/26/25 07:42:24.096 [138452412663360] DEBUG Qr -  Wake...
02/26/25 07:42:24.096 [138452412663360] DEBUG Qr -  Prepare...
02/26/25 07:42:24.096 [138452412663360] DEBUG Qr -  Process...
02/26/25 07:42:24.147 [138452412663360] DEBUG Qr -  Store...
02/26/25 07:42:24.147 [138452412663360] DEBUG Qr -  Done...


02/26/25 07:42:24.147 [138452412663360] DEBUG Qr -  Wait...
02/26/25 07:42:24.156 [138452412663360] DEBUG Qr -  Wake...
02/26/25 07:42:24.156 [138452412663360] DEBUG Qr -  Prepare...
02/26/25 07:42:24.156 [138452412663360] DEBUG Qr -  Process...
02/26/25 07:42:24.203 [138452412663360] DEBUG Qr -  Store...
02/26/25 07:42:24.203 [138452412663360] DEBUG Qr -  Done...


02/26/25 07:42:24.203 [138452412663360] DEBUG Qr -  Wait...
02/26/25 07:42:24.214 [138452412663360] DEBUG Qr -  Wake...
02/26/25 07:42:24.214 [138452412663360] DEBUG Qr -  Prepare...
02/26/25 07:42:24.214 [138452412663360] DEBUG Qr -  Process...
02/26/25 07:42:24.261 [138452412663360] DEBUG Qr -  Store...
02/26/25 07:42:24.261 [138452412663360] DEBUG Qr -  Done...


02/26/25 07:42:24.261 [138452412663360] DEBUG Qr -  Wait...
02/26/25 07:42:24.271 [138452412663360] DEBUG Qr -  Wake...
02/26/25 07:42:24.271 [138452412663360] DEBUG Qr -  Prepare...
02/26/25 07:42:24.271 [138452412663360] DEBUG Qr -  Process...
02/26/25 07:42:24.317 [138452412663360] DEBUG Qr -  Store...
02/26/25 07:42:24.317 [138452412663360] DEBUG Qr -  Done...


02/26/25 07:42:24.317 [138452412663360] DEBUG Qr -  Wait...
02/26/25 07:42:24.328 [138452412663360] DEBUG Qr -  Wake...
02/26/25 07:42:24.328 [138452412663360] DEBUG Qr -  Prepare...
02/26/25 07:42:24.328 [138452412663360] DEBUG Qr -  Process...
02/26/25 07:42:24.375 [138452412663360] DEBUG Qr -  Store...
02/26/25 07:42:24.375 [138452412663360] DEBUG Qr -  Done...


02/26/25 07:42:24.375 [138452412663360] DEBUG Qr -  Wait...
02/26/25 07:42:24.387 [138452412663360] DEBUG Qr -  Wake...
02/26/25 07:42:24.387 [138452412663360] DEBUG Qr -  Prepare...
02/26/25 07:42:24.387 [138452412663360] DEBUG Qr -  Process...
02/26/25 07:42:24.440 [138452412663360] DEBUG Qr -  Store...
02/26/25 07:42:24.440 [138452412663360] DEBUG Qr -  Done...


02/26/25 07:42:24.440 [138452412663360] DEBUG Qr -  Wait...
02/26/25 07:42:24.451 [138452412663360] DEBUG Qr -  Wake...
02/26/25 07:42:24.451 [138452412663360] DEBUG Qr -  Prepare...
02/26/25 07:42:24.451 [138452412663360] DEBUG Qr -  Process...
02/26/25 07:42:24.505 [138452412663360] DEBUG Qr -  Store...
02/26/25 07:42:24.505 [138452412663360] DEBUG Qr -  Done...


02/26/25 07:42:24.505 [138452412663360] DEBUG Qr -  Wait...
02/26/25 07:42:24.514 [138452412663360] DEBUG Qr -  Wake...
02/26/25 07:42:24.514 [138452412663360] DEBUG Qr -  Prepare...
02/26/25 07:42:24.514 [138452412663360] DEBUG Qr -  Process...
02/26/25 07:42:24.567 [138452412663360] DEBUG Qr -  Store...
02/26/25 07:42:24.567 [138452412663360] DEBUG Qr -  Done...


02/26/25 07:42:24.567 [138452412663360] DEBUG Qr -  Wait...
02/26/25 07:42:24.580 [138452412663360] DEBUG Qr -  Wake...
02/26/25 07:42:24.580 [138452412663360] DEBUG Qr -  Prepare...
02/26/25 07:42:24.580 [138452412663360] DEBUG Qr -  Process...
02/26/25 07:42:24.635 [138452412663360] DEBUG Qr -  Store...
02/26/25 07:42:24.635 [138452412663360] DEBUG Qr -  Done...


02/26/25 07:42:24.635 [138452412663360] DEBUG Qr -  Wait...
02/26/25 07:42:24.648 [138452412663360] DEBUG Qr -  Wake...
02/26/25 07:42:24.648 [138452412663360] DEBUG Qr -  Prepare...
02/26/25 07:42:24.648 [138452412663360] DEBUG Qr -  Process...
02/26/25 07:42:24.705 [138452412663360] DEBUG Qr -  Store...
02/26/25 07:42:24.705 [138452412663360] DEBUG Qr -  Done...


02/26/25 07:42:24.705 [138452412663360] DEBUG Qr -  Wait...
02/26/25 07:42:24.716 [138452412663360] DEBUG Qr -  Wake...
02/26/25 07:42:24.716 [138452412663360] DEBUG Qr -  Prepare...
02/26/25 07:42:24.716 [138452412663360] DEBUG Qr -  Process...
02/26/25 07:42:24.774 [138452412663360] DEBUG Qr -  Store...
02/26/25 07:42:24.774 [138452412663360] DEBUG Qr -  Done...


02/26/25 07:42:24.774 [138452412663360] DEBUG Qr -  Wait...
02/26/25 07:42:24.784 [138452412663360] DEBUG Qr -  Wake...
02/26/25 07:42:24.785 [138452412663360] DEBUG Qr -  Prepare...
02/26/25 07:42:24.785 [138452412663360] DEBUG Qr -  Process...
02/26/25 07:42:24.846 [138452412663360] DEBUG Qr -  Store...
02/26/25 07:42:24.846 [138452412663360] DEBUG Qr -  Done...


02/26/25 07:42:24.846 [138452412663360] DEBUG Qr -  Wait...
02/26/25 07:42:24.856 [138452412663360] DEBUG Qr -  Wake...
02/26/25 07:42:24.856 [138452412663360] DEBUG Qr -  Prepare...
02/26/25 07:42:24.856 [138452412663360] DEBUG Qr -  Process...
02/26/25 07:42:24.908 [138452412663360] DEBUG Qr -  Store...
02/26/25 07:42:24.908 [138452412663360] DEBUG Qr -  Done...


02/26/25 07:42:24.908 [138452412663360] DEBUG Qr -  Wait...
02/26/25 07:42:24.917 [138452412663360] DEBUG Qr -  Wake...
02/26/25 07:42:24.917 [138452412663360] DEBUG Qr -  Prepare...
02/26/25 07:42:24.917 [138452412663360] DEBUG Qr -  Process...
02/26/25 07:42:24.965 [138452412663360] DEBUG Qr -  Store...
02/26/25 07:42:24.965 [138452412663360] DEBUG Qr -  Done...


02/26/25 07:42:24.965 [138452412663360] DEBUG Qr -  Wait...
02/26/25 07:42:24.975 [138452412663360] DEBUG Qr -  Wake...
02/26/25 07:42:24.975 [138452412663360] DEBUG Qr -  Prepare...
02/26/25 07:42:24.975 [138452412663360] DEBUG Qr -  Process...
02/26/25 07:42:25.022 [138452412663360] DEBUG Qr -  Store...
02/26/25 07:42:25.022 [138452412663360] DEBUG Qr -  Done...


02/26/25 07:42:25.022 [138452412663360] DEBUG Qr -  Wait...
02/26/25 07:42:25.039 [138452412663360] DEBUG Qr -  Wake...
02/26/25 07:42:25.039 [138452412663360] DEBUG Qr -  Prepare...
02/26/25 07:42:25.039 [138452412663360] DEBUG Qr -  Process...
02/26/25 07:42:25.096 [138452412663360] DEBUG Qr -  Store...
02/26/25 07:42:25.096 [138452412663360] DEBUG Qr -  Done...


02/26/25 07:42:25.096 [138452412663360] DEBUG Qr -  Wait...
02/26/25 07:42:25.104 [138452412663360] DEBUG Qr -  Wake...
02/26/25 07:42:25.104 [138452412663360] DEBUG Qr -  Prepare...
02/26/25 07:42:25.104 [138452412663360] DEBUG Qr -  Process...
02/26/25 07:42:25.152 [138452412663360] DEBUG Qr -  Store...
02/26/25 07:42:25.152 [138452412663360] DEBUG Qr -  Done...


02/26/25 07:42:25.152 [138452412663360] DEBUG Qr -  Wait...
02/26/25 07:42:25.162 [138452412663360] DEBUG Qr -  Wake...
02/26/25 07:42:25.162 [138452412663360] DEBUG Qr -  Prepare...
02/26/25 07:42:25.162 [138452412663360] DEBUG Qr -  Process...
02/26/25 07:42:25.223 [138452412663360] DEBUG Qr -  Store...
02/26/25 07:42:25.223 [138452412663360] DEBUG Qr -  Done...


02/26/25 07:42:25.223 [138452412663360] DEBUG Qr -  Wait...
02/26/25 07:42:25.259 [138452412663360] DEBUG Qr -  Wake...
02/26/25 07:42:25.259 [138452412663360] DEBUG Qr -  Prepare...
02/26/25 07:42:25.259 [138452412663360] DEBUG Qr -  Process...
02/26/25 07:42:25.307 [138452412663360] DEBUG Qr -  Store...
02/26/25 07:42:25.307 [138452412663360] DEBUG Qr -  Done...


02/26/25 07:42:25.308 [138452412663360] DEBUG Qr -  Wait...
02/26/25 07:42:25.321 [138452412663360] DEBUG Qr -  Wake...
02/26/25 07:42:25.321 [138452412663360] DEBUG Qr -  Prepare...
02/26/25 07:42:25.321 [138452412663360] DEBUG Qr -  Process...
02/26/25 07:42:25.372 [138452412663360] DEBUG Qr -  Store...
02/26/25 07:42:25.372 [138452412663360] DEBUG Qr -  Done...


02/26/25 07:42:25.372 [138452412663360] DEBUG Qr -  Wait...
02/26/25 07:42:25.383 [138452412663360] DEBUG Qr -  Wake...
02/26/25 07:42:25.383 [138452412663360] DEBUG Qr -  Prepare...
02/26/25 07:42:25.383 [138452412663360] DEBUG Qr -  Process...
02/26/25 07:42:25.432 [138452412663360] DEBUG Qr -  Store...
02/26/25 07:42:25.433 [138452412663360] DEBUG Qr -  Done...


02/26/25 07:42:25.433 [138452412663360] DEBUG Qr -  Wait...
02/26/25 07:42:25.447 [138452412663360] DEBUG Qr -  Wake...
02/26/25 07:42:25.447 [138452412663360] DEBUG Qr -  Prepare...
02/26/25 07:42:25.447 [138452412663360] DEBUG Qr -  Process...
02/26/25 07:42:25.495 [138452412663360] DEBUG Qr -  Store...
02/26/25 07:42:25.495 [138452412663360] DEBUG Qr -  Done...


02/26/25 07:42:25.495 [138452412663360] DEBUG Qr -  Wait...
02/26/25 07:42:25.507 [138452412663360] DEBUG Qr -  Wake...
02/26/25 07:42:25.507 [138452412663360] DEBUG Qr -  Prepare...
02/26/25 07:42:25.507 [138452412663360] DEBUG Qr -  Process...
02/26/25 07:42:25.555 [138452412663360] DEBUG Qr -  Store...
02/26/25 07:42:25.555 [138452412663360] DEBUG Qr -  Done...


02/26/25 07:42:25.555 [138452412663360] DEBUG Qr -  Wait...
02/26/25 07:42:25.568 [138452412663360] DEBUG Qr -  Wake...
02/26/25 07:42:25.568 [138452412663360] DEBUG Qr -  Prepare...
02/26/25 07:42:25.568 [138452412663360] DEBUG Qr -  Process...
02/26/25 07:42:25.620 [138452412663360] DEBUG Qr -  Store...
02/26/25 07:42:25.620 [138452412663360] DEBUG Qr -  Done...


02/26/25 07:42:25.620 [138452412663360] DEBUG Qr -  Wait...
02/26/25 07:42:25.632 [138452412663360] DEBUG Qr -  Wake...
02/26/25 07:42:25.632 [138452412663360] DEBUG Qr -  Prepare...
02/26/25 07:42:25.632 [138452412663360] DEBUG Qr -  Process...
02/26/25 07:42:25.683 [138452412663360] DEBUG Qr -  Store...
02/26/25 07:42:25.683 [138452412663360] DEBUG Qr -  Done...


02/26/25 07:42:25.683 [138452412663360] DEBUG Qr -  Wait...
02/26/25 07:42:25.693 [138452412663360] DEBUG Qr -  Wake...
02/26/25 07:42:25.693 [138452412663360] DEBUG Qr -  Prepare...
02/26/25 07:42:25.693 [138452412663360] DEBUG Qr -  Process...
02/26/25 07:42:25.747 [138452412663360] DEBUG Qr -  Store...
02/26/25 07:42:25.747 [138452412663360] DEBUG Qr -  Done...


02/26/25 07:42:25.747 [138452412663360] DEBUG Qr -  Wait...
02/26/25 07:42:25.756 [138452412663360] DEBUG Qr -  Wake...
02/26/25 07:42:25.757 [138452412663360] DEBUG Qr -  Prepare...
02/26/25 07:42:25.757 [138452412663360] DEBUG Qr -  Process...
02/26/25 07:42:25.808 [138452412663360] DEBUG Qr -  Store...
02/26/25 07:42:25.808 [138452412663360] DEBUG Qr -  Done...


02/26/25 07:42:25.808 [138452412663360] DEBUG Qr -  Wait...
02/26/25 07:42:25.819 [138452412663360] DEBUG Qr -  Wake...
02/26/25 07:42:25.819 [138452412663360] DEBUG Qr -  Prepare...
02/26/25 07:42:25.819 [138452412663360] DEBUG Qr -  Process...
02/26/25 07:42:25.870 [138452412663360] DEBUG Qr -  Store...
02/26/25 07:42:25.870 [138452412663360] DEBUG Qr -  Done...


02/26/25 07:42:25.870 [138452412663360] DEBUG Qr -  Wait...
02/26/25 07:42:25.883 [138452412663360] DEBUG Qr -  Wake...
02/26/25 07:42:25.883 [138452412663360] DEBUG Qr -  Prepare...
02/26/25 07:42:25.883 [138452412663360] DEBUG Qr -  Process...
02/26/25 07:42:25.933 [138452412663360] DEBUG Qr -  Store...
02/26/25 07:42:25.933 [138452412663360] DEBUG Qr -  Done...


02/26/25 07:42:25.933 [138452412663360] DEBUG Qr -  Wait...
02/26/25 07:42:25.945 [138452412663360] DEBUG Qr -  Wake...
02/26/25 07:42:25.945 [138452412663360] DEBUG Qr -  Prepare...
02/26/25 07:42:25.945 [138452412663360] DEBUG Qr -  Process...
02/26/25 07:42:25.998 [138452412663360] DEBUG Qr -  Store...
02/26/25 07:42:25.998 [138452412663360] DEBUG Qr -  Done...


02/26/25 07:42:25.998 [138452412663360] DEBUG Qr -  Wait...
02/26/25 07:42:26.005 [138452412663360] DEBUG Qr -  Wake...
02/26/25 07:42:26.005 [138452412663360] DEBUG Qr -  Prepare...
02/26/25 07:42:26.005 [138452412663360] DEBUG Qr -  Process...
02/26/25 07:42:26.056 [138452412663360] DEBUG Qr -  Store...
02/26/25 07:42:26.056 [138452412663360] DEBUG Qr -  Done...


02/26/25 07:42:26.056 [138452412663360] DEBUG Qr -  Wait...
02/26/25 07:42:26.068 [138452412663360] DEBUG Qr -  Wake...
02/26/25 07:42:26.069 [138452412663360] DEBUG Qr -  Prepare...
02/26/25 07:42:26.069 [138452412663360] DEBUG Qr -  Process...
02/26/25 07:42:26.119 [138452412663360] DEBUG Qr -  Store...
02/26/25 07:42:26.119 [138452412663360] DEBUG Qr -  Done...


02/26/25 07:42:26.119 [138452412663360] DEBUG Qr -  Wait...
02/26/25 07:42:26.130 [138452412663360] DEBUG Qr -  Wake...
02/26/25 07:42:26.130 [138452412663360] DEBUG Qr -  Prepare...
02/26/25 07:42:26.130 [138452412663360] DEBUG Qr -  Process...
02/26/25 07:42:26.183 [138452412663360] DEBUG Qr -  Store...
02/26/25 07:42:26.183 [138452412663360] DEBUG Qr -  Done...


02/26/25 07:42:26.183 [138452412663360] DEBUG Qr -  Wait...
02/26/25 07:42:26.193 [138452412663360] DEBUG Qr -  Wake...
02/26/25 07:42:26.193 [138452412663360] DEBUG Qr -  Prepare...
02/26/25 07:42:26.193 [138452412663360] DEBUG Qr -  Process...
02/26/25 07:42:26.261 [138452412663360] DEBUG Qr -  Store...
02/26/25 07:42:26.262 [138452412663360] DEBUG Qr -  Done...


02/26/25 07:42:26.262 [138452412663360] DEBUG Qr -  Wait...
02/26/25 07:42:26.272 [138452412663360] DEBUG Qr -  Wake...
02/26/25 07:42:26.272 [138452412663360] DEBUG Qr -  Prepare...
02/26/25 07:42:26.272 [138452412663360] DEBUG Qr -  Process...
02/26/25 07:42:26.333 [138452412663360] DEBUG Qr -  Store...
02/26/25 07:42:26.333 [138452412663360] DEBUG Qr -  Done...


02/26/25 07:42:26.333 [138452412663360] DEBUG Qr -  Wait...
02/26/25 07:42:26.346 [138452412663360] DEBUG Qr -  Wake...
02/26/25 07:42:26.346 [138452412663360] DEBUG Qr -  Prepare...
02/26/25 07:42:26.346 [138452412663360] DEBUG Qr -  Process...
02/26/25 07:42:26.396 [138452412663360] DEBUG Qr -  Store...
02/26/25 07:42:26.396 [138452412663360] DEBUG Qr -  Done...


02/26/25 07:42:26.396 [138452412663360] DEBUG Qr -  Wait...
02/26/25 07:42:26.406 [138452412663360] DEBUG Qr -  Wake...
02/26/25 07:42:26.406 [138452412663360] DEBUG Qr -  Prepare...
02/26/25 07:42:26.406 [138452412663360] DEBUG Qr -  Process...
02/26/25 07:42:26.456 [138452412663360] DEBUG Qr -  Store...
02/26/25 07:42:26.456 [138452412663360] DEBUG Qr -  Done...


02/26/25 07:42:26.456 [138452412663360] DEBUG Qr -  Wait...
02/26/25 07:42:26.467 [138452412663360] DEBUG Qr -  Wake...
02/26/25 07:42:26.467 [138452412663360] DEBUG Qr -  Prepare...
02/26/25 07:42:26.467 [138452412663360] DEBUG Qr -  Process...
02/26/25 07:42:26.517 [138452412663360] DEBUG Qr -  Store...
02/26/25 07:42:26.517 [138452412663360] DEBUG Qr -  Done...


02/26/25 07:42:26.517 [138452412663360] DEBUG Qr -  Wait...
02/26/25 07:42:26.524 [138452412663360] DEBUG Qr -  Wake...
02/26/25 07:42:26.524 [138452412663360] DEBUG Qr -  Prepare...
02/26/25 07:42:26.524 [138452412663360] DEBUG Qr -  Process...
02/26/25 07:42:26.579 [138452412663360] DEBUG Qr -  Store...
02/26/25 07:42:26.579 [138452412663360] DEBUG Qr -  Done...


02/26/25 07:42:26.579 [138452412663360] DEBUG Qr -  Wait...
02/26/25 07:42:26.588 [138452412663360] DEBUG Qr -  Wake...
02/26/25 07:42:26.588 [138452412663360] DEBUG Qr -  Prepare...
02/26/25 07:42:26.588 [138452412663360] DEBUG Qr -  Process...
02/26/25 07:42:26.642 [138452412663360] DEBUG Qr -  Store...
02/26/25 07:42:26.642 [138452412663360] DEBUG Qr -  Done...


02/26/25 07:42:26.642 [138452412663360] DEBUG Qr -  Wait...
02/26/25 07:42:26.651 [138452412663360] DEBUG Qr -  Wake...
02/26/25 07:42:26.651 [138452412663360] DEBUG Qr -  Prepare...
02/26/25 07:42:26.651 [138452412663360] DEBUG Qr -  Process...
02/26/25 07:42:26.703 [138452412663360] DEBUG Qr -  Store...
02/26/25 07:42:26.703 [138452412663360] DEBUG Qr -  Done...


02/26/25 07:42:26.703 [138452412663360] DEBUG Qr -  Wait...
02/26/25 07:42:26.714 [138452412663360] DEBUG Qr -  Wake...
02/26/25 07:42:26.714 [138452412663360] DEBUG Qr -  Prepare...
02/26/25 07:42:26.714 [138452412663360] DEBUG Qr -  Process...
02/26/25 07:42:26.765 [138452412663360] DEBUG Qr -  Store...
02/26/25 07:42:26.765 [138452412663360] DEBUG Qr -  Done...


02/26/25 07:42:26.765 [138452412663360] DEBUG Qr -  Wait...
02/26/25 07:42:26.780 [138452412663360] DEBUG Qr -  Wake...
02/26/25 07:42:26.780 [138452412663360] DEBUG Qr -  Prepare...
02/26/25 07:42:26.780 [138452412663360] DEBUG Qr -  Process...
02/26/25 07:42:26.831 [138452412663360] DEBUG Qr -  Store...
02/26/25 07:42:26.831 [138452412663360] DEBUG Qr -  Done...


02/26/25 07:42:26.831 [138452412663360] DEBUG Qr -  Wait...
02/26/25 07:42:26.841 [138452412663360] DEBUG Qr -  Wake...
02/26/25 07:42:26.841 [138452412663360] DEBUG Qr -  Prepare...
02/26/25 07:42:26.841 [138452412663360] DEBUG Qr -  Process...
02/26/25 07:42:26.893 [138452412663360] DEBUG Qr -  Store...
02/26/25 07:42:26.894 [138452412663360] DEBUG Qr -  Done...


02/26/25 07:42:26.894 [138452412663360] DEBUG Qr -  Wait...
02/26/25 07:42:26.903 [138452412663360] DEBUG Qr -  Wake...
02/26/25 07:42:26.903 [138452412663360] DEBUG Qr -  Prepare...
02/26/25 07:42:26.903 [138452412663360] DEBUG Qr -  Process...
02/26/25 07:42:26.951 [138452412663360] DEBUG Qr -  Store...
02/26/25 07:42:26.951 [138452412663360] DEBUG Qr -  Done...


02/26/25 07:42:26.951 [138452412663360] DEBUG Qr -  Wait...
02/26/25 07:42:26.964 [138452412663360] DEBUG Qr -  Wake...
02/26/25 07:42:26.964 [138452412663360] DEBUG Qr -  Prepare...
02/26/25 07:42:26.964 [138452412663360] DEBUG Qr -  Process...
02/26/25 07:42:27.015 [138452412663360] DEBUG Qr -  Store...
02/26/25 07:42:27.015 [138452412663360] DEBUG Qr -  Done...


02/26/25 07:42:27.015 [138452412663360] DEBUG Qr -  Wait...
02/26/25 07:42:27.027 [138452412663360] DEBUG Qr -  Wake...
02/26/25 07:42:27.027 [138452412663360] DEBUG Qr -  Prepare...
02/26/25 07:42:27.027 [138452412663360] DEBUG Qr -  Process...
02/26/25 07:42:27.082 [138452412663360] DEBUG Qr -  Store...
02/26/25 07:42:27.082 [138452412663360] DEBUG Qr -  Done...


02/26/25 07:42:27.082 [138452412663360] DEBUG Qr -  Wait...
02/26/25 07:42:27.090 [138452412663360] DEBUG Qr -  Wake...
02/26/25 07:42:27.090 [138452412663360] DEBUG Qr -  Prepare...
02/26/25 07:42:27.090 [138452412663360] DEBUG Qr -  Process...
02/26/25 07:42:27.143 [138452412663360] DEBUG Qr -  Store...
02/26/25 07:42:27.143 [138452412663360] DEBUG Qr -  Done...


02/26/25 07:42:27.143 [138452412663360] DEBUG Qr -  Wait...
02/26/25 07:42:27.151 [138452412663360] DEBUG Qr -  Wake...
02/26/25 07:42:27.151 [138452412663360] DEBUG Qr -  Prepare...
02/26/25 07:42:27.151 [138452412663360] DEBUG Qr -  Process...
02/26/25 07:42:27.204 [138452412663360] DEBUG Qr -  Store...
02/26/25 07:42:27.204 [138452412663360] DEBUG Qr -  Done...


02/26/25 07:42:27.204 [138452412663360] DEBUG Qr -  Wait...
02/26/25 07:42:27.215 [138452412663360] DEBUG Qr -  Wake...
02/26/25 07:42:27.215 [138452412663360] DEBUG Qr -  Prepare...
02/26/25 07:42:27.215 [138452412663360] DEBUG Qr -  Process...
02/26/25 07:42:27.266 [138452412663360] DEBUG Qr -  Store...
02/26/25 07:42:27.266 [138452412663360] DEBUG Qr -  Done...


02/26/25 07:42:27.266 [138452412663360] DEBUG Qr -  Wait...
02/26/25 07:42:27.274 [138452412663360] DEBUG Qr -  Wake...
02/26/25 07:42:27.274 [138452412663360] DEBUG Qr -  Prepare...
02/26/25 07:42:27.274 [138452412663360] DEBUG Qr -  Process...
02/26/25 07:42:27.325 [138452412663360] DEBUG Qr -  Store...
02/26/25 07:42:27.325 [138452412663360] DEBUG Qr -  Done...


02/26/25 07:42:27.325 [138452412663360] DEBUG Qr -  Wait...
02/26/25 07:42:27.336 [138452412663360] DEBUG Qr -  Wake...
02/26/25 07:42:27.336 [138452412663360] DEBUG Qr -  Prepare...
02/26/25 07:42:27.336 [138452412663360] DEBUG Qr -  Process...
02/26/25 07:42:27.386 [138452412663360] DEBUG Qr -  Store...
02/26/25 07:42:27.386 [138452412663360] DEBUG Qr -  Done...


02/26/25 07:42:27.386 [138452412663360] DEBUG Qr -  Wait...
02/26/25 07:42:27.398 [138452412663360] DEBUG Qr -  Wake...
02/26/25 07:42:27.399 [138452412663360] DEBUG Qr -  Prepare...
02/26/25 07:42:27.399 [138452412663360] DEBUG Qr -  Process...
02/26/25 07:42:27.448 [138452412663360] DEBUG Qr -  Store...
02/26/25 07:42:27.449 [138452412663360] DEBUG Qr -  Done...


02/26/25 07:42:27.449 [138452412663360] DEBUG Qr -  Wait...
02/26/25 07:42:27.457 [138452412663360] DEBUG Qr -  Wake...
02/26/25 07:42:27.457 [138452412663360] DEBUG Qr -  Prepare...
02/26/25 07:42:27.457 [138452412663360] DEBUG Qr -  Process...
02/26/25 07:42:27.509 [138452412663360] DEBUG Qr -  Store...
02/26/25 07:42:27.509 [138452412663360] DEBUG Qr -  Done...


02/26/25 07:42:27.509 [138452412663360] DEBUG Qr -  Wait...
02/26/25 07:42:27.521 [138452412663360] DEBUG Qr -  Wake...
02/26/25 07:42:27.521 [138452412663360] DEBUG Qr -  Prepare...
02/26/25 07:42:27.521 [138452412663360] DEBUG Qr -  Process...
02/26/25 07:42:27.573 [138452412663360] DEBUG Qr -  Store...
02/26/25 07:42:27.573 [138452412663360] DEBUG Qr -  Done...


02/26/25 07:42:27.573 [138452412663360] DEBUG Qr -  Wait...
02/26/25 07:42:27.582 [138452412663360] DEBUG Qr -  Wake...
02/26/25 07:42:27.582 [138452412663360] DEBUG Qr -  Prepare...
02/26/25 07:42:27.582 [138452412663360] DEBUG Qr -  Process...
02/26/25 07:42:27.637 [138452412663360] DEBUG Qr -  Store...
02/26/25 07:42:27.637 [138452412663360] DEBUG Qr -  Done...


02/26/25 07:42:27.637 [138452412663360] DEBUG Qr -  Wait...
02/26/25 07:42:27.644 [138452412663360] DEBUG Qr -  Wake...
02/26/25 07:42:27.644 [138452412663360] DEBUG Qr -  Prepare...
02/26/25 07:42:27.644 [138452412663360] DEBUG Qr -  Process...
02/26/25 07:42:27.696 [138452412663360] DEBUG Qr -  Store...
02/26/25 07:42:27.696 [138452412663360] DEBUG Qr -  Done...


02/26/25 07:42:27.696 [138452412663360] DEBUG Qr -  Wait...
02/26/25 07:42:27.707 [138452412663360] DEBUG Qr -  Wake...
02/26/25 07:42:27.707 [138452412663360] DEBUG Qr -  Prepare...
02/26/25 07:42:27.707 [138452412663360] DEBUG Qr -  Process...
02/26/25 07:42:27.758 [138452412663360] DEBUG Qr -  Store...
02/26/25 07:42:27.758 [138452412663360] DEBUG Qr -  Done...


02/26/25 07:42:27.758 [138452412663360] DEBUG Qr -  Wait...
02/26/25 07:42:27.769 [138452412663360] DEBUG Qr -  Wake...
02/26/25 07:42:27.769 [138452412663360] DEBUG Qr -  Prepare...
02/26/25 07:42:27.769 [138452412663360] DEBUG Qr -  Process...
02/26/25 07:42:27.823 [138452412663360] DEBUG Qr -  Store...
02/26/25 07:42:27.823 [138452412663360] DEBUG Qr -  Done...


02/26/25 07:42:27.823 [138452412663360] DEBUG Qr -  Wait...
02/26/25 07:42:27.830 [138452412663360] DEBUG Qr -  Wake...
02/26/25 07:42:27.830 [138452412663360] DEBUG Qr -  Prepare...
02/26/25 07:42:27.830 [138452412663360] DEBUG Qr -  Process...
02/26/25 07:42:27.886 [138452412663360] DEBUG Qr -  Store...
02/26/25 07:42:27.886 [138452412663360] DEBUG Qr -  Done...


02/26/25 07:42:27.886 [138452412663360] DEBUG Qr -  Wait...
02/26/25 07:42:27.898 [138452412663360] DEBUG Qr -  Wake...
02/26/25 07:42:27.898 [138452412663360] DEBUG Qr -  Prepare...
02/26/25 07:42:27.898 [138452412663360] DEBUG Qr -  Process...
02/26/25 07:42:27.951 [138452412663360] DEBUG Qr -  Store...
02/26/25 07:42:27.952 [138452412663360] DEBUG Qr -  Done...


02/26/25 07:42:27.952 [138452412663360] DEBUG Qr -  Wait...
02/26/25 07:42:27.964 [138452412663360] DEBUG Qr -  Wake...
02/26/25 07:42:27.964 [138452412663360] DEBUG Qr -  Prepare...
02/26/25 07:42:27.964 [138452412663360] DEBUG Qr -  Process...
02/26/25 07:42:28.014 [138452412663360] DEBUG Qr -  Store...
02/26/25 07:42:28.014 [138452412663360] DEBUG Qr -  Done...


02/26/25 07:42:28.014 [138452412663360] DEBUG Qr -  Wait...
02/26/25 07:42:28.027 [138452412663360] DEBUG Qr -  Wake...
02/26/25 07:42:28.027 [138452412663360] DEBUG Qr -  Prepare...
02/26/25 07:42:28.027 [138452412663360] DEBUG Qr -  Process...
02/26/25 07:42:28.082 [138452412663360] DEBUG Qr -  Store...
02/26/25 07:42:28.082 [138452412663360] DEBUG Qr -  Done...


02/26/25 07:42:28.082 [138452412663360] DEBUG Qr -  Wait...
02/26/25 07:42:28.093 [138452412663360] DEBUG Qr -  Wake...
02/26/25 07:42:28.093 [138452412663360] DEBUG Qr -  Prepare...
02/26/25 07:42:28.093 [138452412663360] DEBUG Qr -  Process...
02/26/25 07:42:28.146 [138452412663360] DEBUG Qr -  Store...
02/26/25 07:42:28.146 [138452412663360] DEBUG Qr -  Done...


02/26/25 07:42:28.146 [138452412663360] DEBUG Qr -  Wait...
02/26/25 07:42:28.155 [138452412663360] DEBUG Qr -  Wake...
02/26/25 07:42:28.155 [138452412663360] DEBUG Qr -  Prepare...
02/26/25 07:42:28.156 [138452412663360] DEBUG Qr -  Process...
02/26/25 07:42:28.217 [138452412663360] DEBUG Qr -  Store...
02/26/25 07:42:28.217 [138452412663360] DEBUG Qr -  Done...


02/26/25 07:42:28.217 [138452412663360] DEBUG Qr -  Wait...
02/26/25 07:42:28.251 [138452412663360] DEBUG Qr -  Wake...
02/26/25 07:42:28.251 [138452412663360] DEBUG Qr -  Prepare...
02/26/25 07:42:28.251 [138452412663360] DEBUG Qr -  Process...
02/26/25 07:42:28.312 [138452412663360] DEBUG Qr -  Store...
02/26/25 07:42:28.312 [138452412663360] DEBUG Qr -  Done...


02/26/25 07:42:28.312 [138452412663360] DEBUG Qr -  Wait...
02/26/25 07:42:28.315 [138452412663360] DEBUG Qr -  Wake...
02/26/25 07:42:28.315 [138452412663360] DEBUG Qr -  Prepare...
02/26/25 07:42:28.315 [138452412663360] DEBUG Qr -  Process...
02/26/25 07:42:28.366 [138452412663360] DEBUG Qr -  Store...
02/26/25 07:42:28.366 [138452412663360] DEBUG Qr -  Done...


02/26/25 07:42:28.366 [138452412663360] DEBUG Qr -  Wait...
02/26/25 07:42:28.379 [138452412663360] DEBUG Qr -  Wake...
02/26/25 07:42:28.379 [138452412663360] DEBUG Qr -  Prepare...
02/26/25 07:42:28.379 [138452412663360] DEBUG Qr -  Process...
02/26/25 07:42:28.432 [138452412663360] DEBUG Qr -  Store...
02/26/25 07:42:28.432 [138452412663360] DEBUG Qr -  Done...


02/26/25 07:42:28.432 [138452412663360] DEBUG Qr -  Wait...
02/26/25 07:42:28.446 [138452412663360] DEBUG Qr -  Wake...
02/26/25 07:42:28.446 [138452412663360] DEBUG Qr -  Prepare...
02/26/25 07:42:28.446 [138452412663360] DEBUG Qr -  Process...
02/26/25 07:42:28.498 [138452412663360] DEBUG Qr -  Store...
02/26/25 07:42:28.498 [138452412663360] DEBUG Qr -  Done...


02/26/25 07:42:28.498 [138452412663360] DEBUG Qr -  Wait...
02/26/25 07:42:28.510 [138452412663360] DEBUG Qr -  Wake...
02/26/25 07:42:28.511 [138452412663360] DEBUG Qr -  Prepare...
02/26/25 07:42:28.511 [138452412663360] DEBUG Qr -  Process...
02/26/25 07:42:28.562 [138452412663360] DEBUG Qr -  Store...
02/26/25 07:42:28.562 [138452412663360] DEBUG Qr -  Done...


02/26/25 07:42:28.562 [138452412663360] DEBUG Qr -  Wait...
02/26/25 07:42:28.571 [138452412663360] DEBUG Qr -  Wake...
02/26/25 07:42:28.571 [138452412663360] DEBUG Qr -  Prepare...
02/26/25 07:42:28.571 [138452412663360] DEBUG Qr -  Process...
02/26/25 07:42:28.626 [138452412663360] DEBUG Qr -  Store...
02/26/25 07:42:28.627 [138452412663360] DEBUG Qr -  Done...


02/26/25 07:42:28.627 [138452412663360] DEBUG Qr -  Wait...
02/26/25 07:42:28.636 [138452412663360] DEBUG Qr -  Wake...
02/26/25 07:42:28.636 [138452412663360] DEBUG Qr -  Prepare...
02/26/25 07:42:28.636 [138452412663360] DEBUG Qr -  Process...
02/26/25 07:42:28.687 [138452412663360] DEBUG Qr -  Store...
02/26/25 07:42:28.687 [138452412663360] DEBUG Qr -  Done...


02/26/25 07:42:28.687 [138452412663360] DEBUG Qr -  Wait...
02/26/25 07:42:28.700 [138452412663360] DEBUG Qr -  Wake...
02/26/25 07:42:28.700 [138452412663360] DEBUG Qr -  Prepare...
02/26/25 07:42:28.700 [138452412663360] DEBUG Qr -  Process...
02/26/25 07:42:28.752 [138452412663360] DEBUG Qr -  Store...
02/26/25 07:42:28.752 [138452412663360] DEBUG Qr -  Done...


02/26/25 07:42:28.752 [138452412663360] DEBUG Qr -  Wait...
02/26/25 07:42:28.760 [138452412663360] DEBUG Qr -  Wake...
02/26/25 07:42:28.760 [138452412663360] DEBUG Qr -  Prepare...
02/26/25 07:42:28.761 [138452412663360] DEBUG Qr -  Process...
02/26/25 07:42:28.814 [138452412663360] DEBUG Qr -  Store...
02/26/25 07:42:28.814 [138452412663360] DEBUG Qr -  Done...


02/26/25 07:42:28.814 [138452412663360] DEBUG Qr -  Wait...
02/26/25 07:42:28.825 [138452412663360] DEBUG Qr -  Wake...
02/26/25 07:42:28.825 [138452412663360] DEBUG Qr -  Prepare...
02/26/25 07:42:28.825 [138452412663360] DEBUG Qr -  Process...
02/26/25 07:42:28.880 [138452412663360] DEBUG Qr -  Store...
02/26/25 07:42:28.880 [138452412663360] DEBUG Qr -  Done...


02/26/25 07:42:28.880 [138452412663360] DEBUG Qr -  Wait...
02/26/25 07:42:28.899 [138452412663360] DEBUG Qr -  Wake...
02/26/25 07:42:28.899 [138452412663360] DEBUG Qr -  Prepare...
02/26/25 07:42:28.899 [138452412663360] DEBUG Qr -  Process...
02/26/25 07:42:28.948 [138452412663360] DEBUG Qr -  Store...
02/26/25 07:42:28.948 [138452412663360] DEBUG Qr -  Done...


02/26/25 07:42:28.948 [138452412663360] DEBUG Qr -  Wait...
02/26/25 07:42:28.961 [138452412663360] DEBUG Qr -  Wake...
02/26/25 07:42:28.961 [138452412663360] DEBUG Qr -  Prepare...
02/26/25 07:42:28.961 [138452412663360] DEBUG Qr -  Process...
02/26/25 07:42:29.014 [138452412663360] DEBUG Qr -  Store...
02/26/25 07:42:29.014 [138452412663360] DEBUG Qr -  Done...


02/26/25 07:42:29.014 [138452412663360] DEBUG Qr -  Wait...
02/26/25 07:42:29.026 [138452412663360] DEBUG Qr -  Wake...
02/26/25 07:42:29.026 [138452412663360] DEBUG Qr -  Prepare...
02/26/25 07:42:29.026 [138452412663360] DEBUG Qr -  Process...
02/26/25 07:42:29.078 [138452412663360] DEBUG Qr -  Store...
02/26/25 07:42:29.078 [138452412663360] DEBUG Qr -  Done...


02/26/25 07:42:29.078 [138452412663360] DEBUG Qr -  Wait...
02/26/25 07:42:29.088 [138452412663360] DEBUG Qr -  Wake...
02/26/25 07:42:29.088 [138452412663360] DEBUG Qr -  Prepare...
02/26/25 07:42:29.088 [138452412663360] DEBUG Qr -  Process...
02/26/25 07:42:29.139 [138452412663360] DEBUG Qr -  Store...
02/26/25 07:42:29.139 [138452412663360] DEBUG Qr -  Done...


02/26/25 07:42:29.139 [138452412663360] DEBUG Qr -  Wait...
02/26/25 07:42:29.151 [138452412663360] DEBUG Qr -  Wake...
02/26/25 07:42:29.151 [138452412663360] DEBUG Qr -  Prepare...
02/26/25 07:42:29.151 [138452412663360] DEBUG Qr -  Process...
02/26/25 07:42:29.202 [138452412663360] DEBUG Qr -  Store...
02/26/25 07:42:29.202 [138452412663360] DEBUG Qr -  Done...


02/26/25 07:42:29.202 [138452412663360] DEBUG Qr -  Wait...
02/26/25 07:42:29.213 [138452412663360] DEBUG Qr -  Wake...
02/26/25 07:42:29.213 [138452412663360] DEBUG Qr -  Prepare...
02/26/25 07:42:29.213 [138452412663360] DEBUG Qr -  Process...
02/26/25 07:42:29.264 [138452412663360] DEBUG Qr -  Store...
02/26/25 07:42:29.264 [138452412663360] DEBUG Qr -  Done...


02/26/25 07:42:29.264 [138452412663360] DEBUG Qr -  Wait...
02/26/25 07:42:29.281 [138452412663360] DEBUG Qr -  Wake...
02/26/25 07:42:29.281 [138452412663360] DEBUG Qr -  Prepare...
02/26/25 07:42:29.281 [138452412663360] DEBUG Qr -  Process...
02/26/25 07:42:29.335 [138452412663360] DEBUG Qr -  Store...
02/26/25 07:42:29.335 [138452412663360] DEBUG Qr -  Done...


02/26/25 07:42:29.335 [138452412663360] DEBUG Qr -  Wait...
02/26/25 07:42:29.344 [138452412663360] DEBUG Qr -  Wake...
02/26/25 07:42:29.344 [138452412663360] DEBUG Qr -  Prepare...
02/26/25 07:42:29.344 [138452412663360] DEBUG Qr -  Process...
02/26/25 07:42:29.399 [138452412663360] DEBUG Qr -  Store...
02/26/25 07:42:29.399 [138452412663360] DEBUG Qr -  Done...


02/26/25 07:42:29.399 [138452412663360] DEBUG Qr -  Wait...
02/26/25 07:42:29.409 [138452412663360] DEBUG Qr -  Wake...
02/26/25 07:42:29.409 [138452412663360] DEBUG Qr -  Prepare...
02/26/25 07:42:29.409 [138452412663360] DEBUG Qr -  Process...
02/26/25 07:42:29.459 [138452412663360] DEBUG Qr -  Store...
02/26/25 07:42:29.459 [138452412663360] DEBUG Qr -  Done...


02/26/25 07:42:29.459 [138452412663360] DEBUG Qr -  Wait...
02/26/25 07:42:29.473 [138452412663360] DEBUG Qr -  Wake...
02/26/25 07:42:29.473 [138452412663360] DEBUG Qr -  Prepare...
02/26/25 07:42:29.473 [138452412663360] DEBUG Qr -  Process...
02/26/25 07:42:29.526 [138452412663360] DEBUG Qr -  Store...
02/26/25 07:42:29.526 [138452412663360] DEBUG Qr -  Done...


02/26/25 07:42:29.526 [138452412663360] DEBUG Qr -  Wait...
02/26/25 07:42:29.538 [138452412663360] DEBUG Qr -  Wake...
02/26/25 07:42:29.538 [138452412663360] DEBUG Qr -  Prepare...
02/26/25 07:42:29.538 [138452412663360] DEBUG Qr -  Process...
02/26/25 07:42:29.586 [138452412663360] DEBUG Qr -  Store...
02/26/25 07:42:29.586 [138452412663360] DEBUG Qr -  Done...


02/26/25 07:42:29.586 [138452412663360] DEBUG Qr -  Wait...
02/26/25 07:42:29.602 [138452412663360] DEBUG Qr -  Wake...
02/26/25 07:42:29.602 [138452412663360] DEBUG Qr -  Prepare...
02/26/25 07:42:29.602 [138452412663360] DEBUG Qr -  Process...
02/26/25 07:42:29.652 [138452412663360] DEBUG Qr -  Store...
02/26/25 07:42:29.652 [138452412663360] DEBUG Qr -  Done...


02/26/25 07:42:29.652 [138452412663360] DEBUG Qr -  Wait...
02/26/25 07:42:29.666 [138452412663360] DEBUG Qr -  Wake...
02/26/25 07:42:29.666 [138452412663360] DEBUG Qr -  Prepare...
02/26/25 07:42:29.666 [138452412663360] DEBUG Qr -  Process...
02/26/25 07:42:29.718 [138452412663360] DEBUG Qr -  Store...
02/26/25 07:42:29.718 [138452412663360] DEBUG Qr -  Done...


02/26/25 07:42:29.718 [138452412663360] DEBUG Qr -  Wait...
02/26/25 07:42:29.728 [138452412663360] DEBUG Qr -  Wake...
02/26/25 07:42:29.728 [138452412663360] DEBUG Qr -  Prepare...
02/26/25 07:42:29.728 [138452412663360] DEBUG Qr -  Process...
02/26/25 07:42:29.779 [138452412663360] DEBUG Qr -  Store...
02/26/25 07:42:29.779 [138452412663360] DEBUG Qr -  Done...


02/26/25 07:42:29.779 [138452412663360] DEBUG Qr -  Wait...
02/26/25 07:42:29.793 [138452412663360] DEBUG Qr -  Wake...
02/26/25 07:42:29.793 [138452412663360] DEBUG Qr -  Prepare...
02/26/25 07:42:29.793 [138452412663360] DEBUG Qr -  Process...
02/26/25 07:42:29.843 [138452412663360] DEBUG Qr -  Store...
02/26/25 07:42:29.843 [138452412663360] DEBUG Qr -  Done...


02/26/25 07:42:29.843 [138452412663360] DEBUG Qr -  Wait...
02/26/25 07:42:29.853 [138452412663360] DEBUG Qr -  Wake...
02/26/25 07:42:29.853 [138452412663360] DEBUG Qr -  Prepare...
02/26/25 07:42:29.853 [138452412663360] DEBUG Qr -  Process...
02/26/25 07:42:29.906 [138452412663360] DEBUG Qr -  Store...
02/26/25 07:42:29.906 [138452412663360] DEBUG Qr -  Done...


02/26/25 07:42:29.906 [138452412663360] DEBUG Qr -  Wait...
02/26/25 07:42:29.916 [138452412663360] DEBUG Qr -  Wake...
02/26/25 07:42:29.916 [138452412663360] DEBUG Qr -  Prepare...
02/26/25 07:42:29.916 [138452412663360] DEBUG Qr -  Process...
02/26/25 07:42:29.968 [138452412663360] DEBUG Qr -  Store...
02/26/25 07:42:29.968 [138452412663360] DEBUG Qr -  Done...


02/26/25 07:42:29.968 [138452412663360] DEBUG Qr -  Wait...
02/26/25 07:42:29.980 [138452412663360] DEBUG Qr -  Wake...
02/26/25 07:42:29.980 [138452412663360] DEBUG Qr -  Prepare...
02/26/25 07:42:29.980 [138452412663360] DEBUG Qr -  Process...
02/26/25 07:42:30.031 [138452412663360] DEBUG Qr -  Store...
02/26/25 07:42:30.031 [138452412663360] DEBUG Qr -  Done...


02/26/25 07:42:30.031 [138452412663360] DEBUG Qr -  Wait...
02/26/25 07:42:30.040 [138452412663360] DEBUG Qr -  Wake...
02/26/25 07:42:30.040 [138452412663360] DEBUG Qr -  Prepare...
02/26/25 07:42:30.040 [138452412663360] DEBUG Qr -  Process...
02/26/25 07:42:30.094 [138452412663360] DEBUG Qr -  Store...
02/26/25 07:42:30.094 [138452412663360] DEBUG Qr -  Done...


02/26/25 07:42:30.094 [138452412663360] DEBUG Qr -  Wait...
02/26/25 07:42:30.104 [138452412663360] DEBUG Qr -  Wake...
02/26/25 07:42:30.104 [138452412663360] DEBUG Qr -  Prepare...
02/26/25 07:42:30.104 [138452412663360] DEBUG Qr -  Process...
02/26/25 07:42:30.158 [138452412663360] DEBUG Qr -  Store...
02/26/25 07:42:30.158 [138452412663360] DEBUG Qr -  Done...


02/26/25 07:42:30.158 [138452412663360] DEBUG Qr -  Wait...
02/26/25 07:42:30.169 [138452412663360] DEBUG Qr -  Wake...
02/26/25 07:42:30.169 [138452412663360] DEBUG Qr -  Prepare...
02/26/25 07:42:30.169 [138452412663360] DEBUG Qr -  Process...
02/26/25 07:42:30.223 [138452412663360] DEBUG Qr -  Store...
02/26/25 07:42:30.223 [138452412663360] DEBUG Qr -  Done...


02/26/25 07:42:30.223 [138452412663360] DEBUG Qr -  Wait...
02/26/25 07:42:30.236 [138452412663360] DEBUG Qr -  Wake...
02/26/25 07:42:30.236 [138452412663360] DEBUG Qr -  Prepare...
02/26/25 07:42:30.236 [138452412663360] DEBUG Qr -  Process...
02/26/25 07:42:30.287 [138452412663360] DEBUG Qr -  Store...
02/26/25 07:42:30.287 [138452412663360] DEBUG Qr -  Done...


02/26/25 07:42:30.287 [138452412663360] DEBUG Qr -  Wait...
02/26/25 07:42:30.298 [138452412663360] DEBUG Qr -  Wake...
02/26/25 07:42:30.298 [138452412663360] DEBUG Qr -  Prepare...
02/26/25 07:42:30.298 [138452412663360] DEBUG Qr -  Process...
02/26/25 07:42:30.349 [138452412663360] DEBUG Qr -  Store...
02/26/25 07:42:30.349 [138452412663360] DEBUG Qr -  Done...


02/26/25 07:42:30.349 [138452412663360] DEBUG Qr -  Wait...
02/26/25 07:42:30.363 [138452412663360] DEBUG Qr -  Wake...
02/26/25 07:42:30.363 [138452412663360] DEBUG Qr -  Prepare...
02/26/25 07:42:30.363 [138452412663360] DEBUG Qr -  Process...
02/26/25 07:42:30.414 [138452412663360] DEBUG Qr -  Store...
02/26/25 07:42:30.414 [138452412663360] DEBUG Qr -  Done...


02/26/25 07:42:30.414 [138452412663360] DEBUG Qr -  Wait...
02/26/25 07:42:30.425 [138452412663360] DEBUG Qr -  Wake...
02/26/25 07:42:30.425 [138452412663360] DEBUG Qr -  Prepare...
02/26/25 07:42:30.425 [138452412663360] DEBUG Qr -  Process...
02/26/25 07:42:30.478 [138452412663360] DEBUG Qr -  Store...
02/26/25 07:42:30.478 [138452412663360] DEBUG Qr -  Done...


02/26/25 07:42:30.478 [138452412663360] DEBUG Qr -  Wait...
02/26/25 07:42:30.489 [138452412663360] DEBUG Qr -  Wake...
02/26/25 07:42:30.489 [138452412663360] DEBUG Qr -  Prepare...
02/26/25 07:42:30.489 [138452412663360] DEBUG Qr -  Process...
02/26/25 07:42:30.558 [138452412663360] DEBUG Qr -  Store...
02/26/25 07:42:30.558 [138452412663360] DEBUG Qr -  Done...


02/26/25 07:42:30.558 [138452412663360] DEBUG Qr -  Wait...
02/26/25 07:42:30.558 [138452412663360] DEBUG Qr -  Wake...
02/26/25 07:42:30.558 [138452412663360] DEBUG Qr -  Prepare...
02/26/25 07:42:30.558 [138452412663360] DEBUG Qr -  Process...
02/26/25 07:42:30.635 [138452412663360] DEBUG Qr -  Store...
02/26/25 07:42:30.635 [138452412663360] DEBUG Qr -  Done...


02/26/25 07:42:30.635 [138452412663360] DEBUG Qr -  Wait...
02/26/25 07:42:30.635 [138452412663360] DEBUG Qr -  Wake...
02/26/25 07:42:30.635 [138452412663360] DEBUG Qr -  Prepare...
02/26/25 07:42:30.635 [138452412663360] DEBUG Qr -  Process...
02/26/25 07:42:30.685 [138452412663360] DEBUG Qr -  Store...
02/26/25 07:42:30.685 [138452412663360] DEBUG Qr -  Done...


02/26/25 07:42:30.685 [138452412663360] DEBUG Qr -  Wait...
