02/26/25 07:44:58.504 [139402623845952] DEBUG Tran -  Wait...
02/26/25 07:44:58.504 [139402623845952] DEBUG Tran -  Wake...
02/26/25 07:44:58.504 [139402623845952] DEBUG Tran -  Prepare...
02/26/25 07:44:58.504 [139402623845952] DEBUG Tran -  Process...
02/26/25 07:44:58.591 [139402623845952] DEBUG Tran -  Store...
02/26/25 07:44:58.592 [139402623845952] DEBUG Tran -  Done...


02/26/25 07:44:58.592 [139402623845952] DEBUG Tran -  Wait...
02/26/25 07:44:58.592 [139402623845952] DEBUG Tran -  Wake...
02/26/25 07:44:58.592 [139402623845952] DEBUG Tran -  Prepare...
02/26/25 07:44:58.592 [139402623845952] DEBUG Tran -  Process...
02/26/25 07:44:58.667 [139402623845952] DEBUG Tran -  Store...
02/26/25 07:44:58.667 [139402623845952] DEBUG Tran -  Done...


02/26/25 07:44:58.667 [139402623845952] DEBUG Tran -  Wait...
02/26/25 07:44:58.667 [139402623845952] DEBUG Tran -  Wake...
02/26/25 07:44:58.667 [139402623845952] DEBUG Tran -  Prepare...
02/26/25 07:44:58.667 [139402623845952] DEBUG Tran -  Process...
02/26/25 07:44:58.727 [139402623845952] DEBUG Tran -  Store...
02/26/25 07:44:58.727 [139402623845952] DEBUG Tran -  Done...


02/26/25 07:44:58.727 [139402623845952] DEBUG Tran -  Wait...
02/26/25 07:44:58.727 [139402623845952] DEBUG Tran -  Wake...
02/26/25 07:44:58.727 [139402623845952] DEBUG Tran -  Prepare...
02/26/25 07:44:58.727 [139402623845952] DEBUG Tran -  Process...
02/26/25 07:44:58.840 [139402623845952] DEBUG Tran -  Store...
02/26/25 07:44:58.841 [139402623845952] DEBUG Tran -  Done...


02/26/25 07:44:58.841 [139402623845952] DEBUG Tran -  Wait...
02/26/25 07:44:58.841 [139402623845952] DEBUG Tran -  Wake...
02/26/25 07:44:58.841 [139402623845952] DEBUG Tran -  Prepare...
02/26/25 07:44:58.841 [139402623845952] DEBUG Tran -  Process...
02/26/25 07:44:58.907 [139402623845952] DEBUG Tran -  Store...
02/26/25 07:44:58.907 [139402623845952] DEBUG Tran -  Done...


02/26/25 07:44:58.907 [139402623845952] DEBUG Tran -  Wait...
02/26/25 07:44:58.907 [139402623845952] DEBUG Tran -  Wake...
02/26/25 07:44:58.907 [139402623845952] DEBUG Tran -  Prepare...
02/26/25 07:44:58.907 [139402623845952] DEBUG Tran -  Process...
02/26/25 07:44:59.011 [139402623845952] DEBUG Tran -  Store...
02/26/25 07:44:59.011 [139402623845952] DEBUG Tran -  Done...


02/26/25 07:44:59.011 [139402623845952] DEBUG Tran -  Wait...
02/26/25 07:44:59.011 [139402623845952] DEBUG Tran -  Wake...
02/26/25 07:44:59.011 [139402623845952] DEBUG Tran -  Prepare...
02/26/25 07:44:59.011 [139402623845952] DEBUG Tran -  Process...
02/26/25 07:44:59.074 [139402623845952] DEBUG Tran -  Store...
02/26/25 07:44:59.075 [139402623845952] DEBUG Tran -  Done...


02/26/25 07:44:59.075 [139402623845952] DEBUG Tran -  Wait...
02/26/25 07:44:59.075 [139402623845952] DEBUG Tran -  Wake...
02/26/25 07:44:59.075 [139402623845952] DEBUG Tran -  Prepare...
02/26/25 07:44:59.075 [139402623845952] DEBUG Tran -  Process...
02/26/25 07:44:59.175 [139402623845952] DEBUG Tran -  Store...
02/26/25 07:44:59.175 [139402623845952] DEBUG Tran -  Done...


02/26/25 07:44:59.175 [139402623845952] DEBUG Tran -  Wait...
02/26/25 07:44:59.175 [139402623845952] DEBUG Tran -  Wake...
02/26/25 07:44:59.175 [139402623845952] DEBUG Tran -  Prepare...
02/26/25 07:44:59.175 [139402623845952] DEBUG Tran -  Process...
02/26/25 07:44:59.240 [139402623845952] DEBUG Tran -  Store...
02/26/25 07:44:59.240 [139402623845952] DEBUG Tran -  Done...


02/26/25 07:44:59.240 [139402623845952] DEBUG Tran -  Wait...
02/26/25 07:44:59.240 [139402623845952] DEBUG Tran -  Wake...
02/26/25 07:44:59.240 [139402623845952] DEBUG Tran -  Prepare...
02/26/25 07:44:59.240 [139402623845952] DEBUG Tran -  Process...
02/26/25 07:44:59.336 [139402623845952] DEBUG Tran -  Store...
02/26/25 07:44:59.337 [139402623845952] DEBUG Tran -  Done...


02/26/25 07:44:59.337 [139402623845952] DEBUG Tran -  Wait...
02/26/25 07:44:59.337 [139402623845952] DEBUG Tran -  Wake...
02/26/25 07:44:59.337 [139402623845952] DEBUG Tran -  Prepare...
02/26/25 07:44:59.337 [139402623845952] DEBUG Tran -  Process...
02/26/25 07:44:59.398 [139402623845952] DEBUG Tran -  Store...
02/26/25 07:44:59.398 [139402623845952] DEBUG Tran -  Done...


02/26/25 07:44:59.398 [139402623845952] DEBUG Tran -  Wait...
02/26/25 07:44:59.398 [139402623845952] DEBUG Tran -  Wake...
02/26/25 07:44:59.398 [139402623845952] DEBUG Tran -  Prepare...
02/26/25 07:44:59.398 [139402623845952] DEBUG Tran -  Process...
02/26/25 07:44:59.506 [139402623845952] DEBUG Tran -  Store...
02/26/25 07:44:59.506 [139402623845952] DEBUG Tran -  Done...


02/26/25 07:44:59.506 [139402623845952] DEBUG Tran -  Wait...
02/26/25 07:44:59.506 [139402623845952] DEBUG Tran -  Wake...
02/26/25 07:44:59.506 [139402623845952] DEBUG Tran -  Prepare...
02/26/25 07:44:59.506 [139402623845952] DEBUG Tran -  Process...
02/26/25 07:44:59.639 [139402623845952] DEBUG Tran -  Store...
02/26/25 07:44:59.640 [139402623845952] DEBUG Tran -  Done...


02/26/25 07:44:59.640 [139402623845952] DEBUG Tran -  Wait...
02/26/25 07:44:59.640 [139402623845952] DEBUG Tran -  Wake...
02/26/25 07:44:59.640 [139402623845952] DEBUG Tran -  Prepare...
02/26/25 07:44:59.640 [139402623845952] DEBUG Tran -  Process...
02/26/25 07:44:59.746 [139402623845952] DEBUG Tran -  Store...
02/26/25 07:44:59.746 [139402623845952] DEBUG Tran -  Done...


02/26/25 07:44:59.746 [139402623845952] DEBUG Tran -  Wait...
02/26/25 07:44:59.746 [139402623845952] DEBUG Tran -  Wake...
02/26/25 07:44:59.746 [139402623845952] DEBUG Tran -  Prepare...
02/26/25 07:44:59.746 [139402623845952] DEBUG Tran -  Process...
02/26/25 07:44:59.859 [139402623845952] DEBUG Tran -  Store...
02/26/25 07:44:59.859 [139402623845952] DEBUG Tran -  Done...


02/26/25 07:44:59.859 [139402623845952] DEBUG Tran -  Wait...
02/26/25 07:44:59.859 [139402623845952] DEBUG Tran -  Wake...
02/26/25 07:44:59.859 [139402623845952] DEBUG Tran -  Prepare...
02/26/25 07:44:59.859 [139402623845952] DEBUG Tran -  Process...
02/26/25 07:44:59.957 [139402623845952] DEBUG Tran -  Store...
02/26/25 07:44:59.958 [139402623845952] DEBUG Tran -  Done...


02/26/25 07:44:59.958 [139402623845952] DEBUG Tran -  Wait...
02/26/25 07:44:59.958 [139402623845952] DEBUG Tran -  Wake...
02/26/25 07:44:59.958 [139402623845952] DEBUG Tran -  Prepare...
02/26/25 07:44:59.958 [139402623845952] DEBUG Tran -  Process...
02/26/25 07:45:00.020 [139402623845952] DEBUG Tran -  Store...
02/26/25 07:45:00.020 [139402623845952] DEBUG Tran -  Done...


02/26/25 07:45:00.020 [139402623845952] DEBUG Tran -  Wait...
02/26/25 07:45:00.020 [139402623845952] DEBUG Tran -  Wake...
02/26/25 07:45:00.020 [139402623845952] DEBUG Tran -  Prepare...
02/26/25 07:45:00.020 [139402623845952] DEBUG Tran -  Process...
02/26/25 07:45:00.127 [139402623845952] DEBUG Tran -  Store...
02/26/25 07:45:00.127 [139402623845952] DEBUG Tran -  Done...


02/26/25 07:45:00.127 [139402623845952] DEBUG Tran -  Wait...
02/26/25 07:45:00.127 [139402623845952] DEBUG Tran -  Wake...
02/26/25 07:45:00.127 [139402623845952] DEBUG Tran -  Prepare...
02/26/25 07:45:00.127 [139402623845952] DEBUG Tran -  Process...
02/26/25 07:45:00.189 [139402623845952] DEBUG Tran -  Store...
02/26/25 07:45:00.191 [139402623845952] DEBUG Tran -  Done...


02/26/25 07:45:00.191 [139402623845952] DEBUG Tran -  Wait...
02/26/25 07:45:00.191 [139402623845952] DEBUG Tran -  Wake...
02/26/25 07:45:00.191 [139402623845952] DEBUG Tran -  Prepare...
02/26/25 07:45:00.191 [139402623845952] DEBUG Tran -  Process...
02/26/25 07:45:00.253 [139402623845952] DEBUG Tran -  Store...
02/26/25 07:45:00.253 [139402623845952] DEBUG Tran -  Done...


02/26/25 07:45:00.253 [139402623845952] DEBUG Tran -  Wait...
02/26/25 07:45:00.253 [139402623845952] DEBUG Tran -  Wake...
02/26/25 07:45:00.253 [139402623845952] DEBUG Tran -  Prepare...
02/26/25 07:45:00.253 [139402623845952] DEBUG Tran -  Process...
02/26/25 07:45:00.349 [139402623845952] DEBUG Tran -  Store...
02/26/25 07:45:00.349 [139402623845952] DEBUG Tran -  Done...


02/26/25 07:45:00.349 [139402623845952] DEBUG Tran -  Wait...
02/26/25 07:45:00.349 [139402623845952] DEBUG Tran -  Wake...
02/26/25 07:45:00.349 [139402623845952] DEBUG Tran -  Prepare...
02/26/25 07:45:00.349 [139402623845952] DEBUG Tran -  Process...
02/26/25 07:45:00.409 [139402623845952] DEBUG Tran -  Store...
02/26/25 07:45:00.410 [139402623845952] DEBUG Tran -  Done...


02/26/25 07:45:00.410 [139402623845952] DEBUG Tran -  Wait...
02/26/25 07:45:00.410 [139402623845952] DEBUG Tran -  Wake...
02/26/25 07:45:00.410 [139402623845952] DEBUG Tran -  Prepare...
02/26/25 07:45:00.410 [139402623845952] DEBUG Tran -  Process...
02/26/25 07:45:00.474 [139402623845952] DEBUG Tran -  Store...
02/26/25 07:45:00.474 [139402623845952] DEBUG Tran -  Done...


02/26/25 07:45:00.474 [139402623845952] DEBUG Tran -  Wait...
02/26/25 07:45:00.474 [139402623845952] DEBUG Tran -  Wake...
02/26/25 07:45:00.474 [139402623845952] DEBUG Tran -  Prepare...
02/26/25 07:45:00.474 [139402623845952] DEBUG Tran -  Process...
02/26/25 07:45:00.536 [139402623845952] DEBUG Tran -  Store...
02/26/25 07:45:00.536 [139402623845952] DEBUG Tran -  Done...


02/26/25 07:45:00.536 [139402623845952] DEBUG Tran -  Wait...
02/26/25 07:45:00.536 [139402623845952] DEBUG Tran -  Wake...
02/26/25 07:45:00.536 [139402623845952] DEBUG Tran -  Prepare...
02/26/25 07:45:00.536 [139402623845952] DEBUG Tran -  Process...
02/26/25 07:45:00.600 [139402623845952] DEBUG Tran -  Store...
02/26/25 07:45:00.600 [139402623845952] DEBUG Tran -  Done...


02/26/25 07:45:00.601 [139402623845952] DEBUG Tran -  Wait...
02/26/25 07:45:00.601 [139402623845952] DEBUG Tran -  Wake...
02/26/25 07:45:00.601 [139402623845952] DEBUG Tran -  Prepare...
02/26/25 07:45:00.601 [139402623845952] DEBUG Tran -  Process...
02/26/25 07:45:00.667 [139402623845952] DEBUG Tran -  Store...
02/26/25 07:45:00.667 [139402623845952] DEBUG Tran -  Done...


02/26/25 07:45:00.667 [139402623845952] DEBUG Tran -  Wait...
02/26/25 07:45:00.667 [139402623845952] DEBUG Tran -  Wake...
02/26/25 07:45:00.667 [139402623845952] DEBUG Tran -  Prepare...
02/26/25 07:45:00.667 [139402623845952] DEBUG Tran -  Process...
02/26/25 07:45:00.769 [139402623845952] DEBUG Tran -  Store...
02/26/25 07:45:00.769 [139402623845952] DEBUG Tran -  Done...


02/26/25 07:45:00.769 [139402623845952] DEBUG Tran -  Wait...
02/26/25 07:45:00.769 [139402623845952] DEBUG Tran -  Wake...
02/26/25 07:45:00.769 [139402623845952] DEBUG Tran -  Prepare...
02/26/25 07:45:00.769 [139402623845952] DEBUG Tran -  Process...
02/26/25 07:45:00.905 [139402623845952] DEBUG Tran -  Store...
02/26/25 07:45:00.906 [139402623845952] DEBUG Tran -  Done...


02/26/25 07:45:00.906 [139402623845952] DEBUG Tran -  Wait...
02/26/25 07:45:00.906 [139402623845952] DEBUG Tran -  Wake...
02/26/25 07:45:00.906 [139402623845952] DEBUG Tran -  Prepare...
02/26/25 07:45:00.906 [139402623845952] DEBUG Tran -  Process...
02/26/25 07:45:00.968 [139402623845952] DEBUG Tran -  Store...
02/26/25 07:45:00.968 [139402623845952] DEBUG Tran -  Done...


02/26/25 07:45:00.968 [139402623845952] DEBUG Tran -  Wait...
02/26/25 07:45:00.968 [139402623845952] DEBUG Tran -  Wake...
02/26/25 07:45:00.968 [139402623845952] DEBUG Tran -  Prepare...
02/26/25 07:45:00.968 [139402623845952] DEBUG Tran -  Process...
02/26/25 07:45:01.028 [139402623845952] DEBUG Tran -  Store...
02/26/25 07:45:01.028 [139402623845952] DEBUG Tran -  Done...


02/26/25 07:45:01.028 [139402623845952] DEBUG Tran -  Wait...
02/26/25 07:45:01.028 [139402623845952] DEBUG Tran -  Wake...
02/26/25 07:45:01.028 [139402623845952] DEBUG Tran -  Prepare...
02/26/25 07:45:01.028 [139402623845952] DEBUG Tran -  Process...
02/26/25 07:45:01.088 [139402623845952] DEBUG Tran -  Store...
02/26/25 07:45:01.090 [139402623845952] DEBUG Tran -  Done...


02/26/25 07:45:01.090 [139402623845952] DEBUG Tran -  Wait...
02/26/25 07:45:01.090 [139402623845952] DEBUG Tran -  Wake...
02/26/25 07:45:01.090 [139402623845952] DEBUG Tran -  Prepare...
02/26/25 07:45:01.090 [139402623845952] DEBUG Tran -  Process...
02/26/25 07:45:01.156 [139402623845952] DEBUG Tran -  Store...
02/26/25 07:45:01.156 [139402623845952] DEBUG Tran -  Done...


02/26/25 07:45:01.156 [139402623845952] DEBUG Tran -  Wait...
02/26/25 07:45:01.156 [139402623845952] DEBUG Tran -  Wake...
02/26/25 07:45:01.156 [139402623845952] DEBUG Tran -  Prepare...
02/26/25 07:45:01.156 [139402623845952] DEBUG Tran -  Process...
02/26/25 07:45:01.216 [139402623845952] DEBUG Tran -  Store...
02/26/25 07:45:01.216 [139402623845952] DEBUG Tran -  Done...


02/26/25 07:45:01.216 [139402623845952] DEBUG Tran -  Wait...
02/26/25 07:45:01.216 [139402623845952] DEBUG Tran -  Wake...
02/26/25 07:45:01.216 [139402623845952] DEBUG Tran -  Prepare...
02/26/25 07:45:01.216 [139402623845952] DEBUG Tran -  Process...
02/26/25 07:45:01.355 [139402623845952] DEBUG Tran -  Store...
02/26/25 07:45:01.356 [139402623845952] DEBUG Tran -  Done...


02/26/25 07:45:01.356 [139402623845952] DEBUG Tran -  Wait...
02/26/25 07:45:01.356 [139402623845952] DEBUG Tran -  Wake...
02/26/25 07:45:01.356 [139402623845952] DEBUG Tran -  Prepare...
02/26/25 07:45:01.356 [139402623845952] DEBUG Tran -  Process...
02/26/25 07:45:01.418 [139402623845952] DEBUG Tran -  Store...
02/26/25 07:45:01.418 [139402623845952] DEBUG Tran -  Done...


02/26/25 07:45:01.418 [139402623845952] DEBUG Tran -  Wait...
02/26/25 07:45:01.418 [139402623845952] DEBUG Tran -  Wake...
02/26/25 07:45:01.418 [139402623845952] DEBUG Tran -  Prepare...
02/26/25 07:45:01.418 [139402623845952] DEBUG Tran -  Process...
02/26/25 07:45:01.477 [139402623845952] DEBUG Tran -  Store...
02/26/25 07:45:01.477 [139402623845952] DEBUG Tran -  Done...


02/26/25 07:45:01.477 [139402623845952] DEBUG Tran -  Wait...
02/26/25 07:45:01.477 [139402623845952] DEBUG Tran -  Wake...
02/26/25 07:45:01.477 [139402623845952] DEBUG Tran -  Prepare...
02/26/25 07:45:01.477 [139402623845952] DEBUG Tran -  Process...
02/26/25 07:45:01.538 [139402623845952] DEBUG Tran -  Store...
02/26/25 07:45:01.539 [139402623845952] DEBUG Tran -  Done...


02/26/25 07:45:01.539 [139402623845952] DEBUG Tran -  Wait...
02/26/25 07:45:01.539 [139402623845952] DEBUG Tran -  Wake...
02/26/25 07:45:01.539 [139402623845952] DEBUG Tran -  Prepare...
02/26/25 07:45:01.539 [139402623845952] DEBUG Tran -  Process...
02/26/25 07:45:01.685 [139402623845952] DEBUG Tran -  Store...
02/26/25 07:45:01.685 [139402623845952] DEBUG Tran -  Done...


02/26/25 07:45:01.685 [139402623845952] DEBUG Tran -  Wait...
02/26/25 07:45:01.685 [139402623845952] DEBUG Tran -  Wake...
02/26/25 07:45:01.685 [139402623845952] DEBUG Tran -  Prepare...
02/26/25 07:45:01.685 [139402623845952] DEBUG Tran -  Process...
02/26/25 07:45:01.768 [139402623845952] DEBUG Tran -  Store...
02/26/25 07:45:01.769 [139402623845952] DEBUG Tran -  Done...


02/26/25 07:45:01.769 [139402623845952] DEBUG Tran -  Wait...
02/26/25 07:45:01.769 [139402623845952] DEBUG Tran -  Wake...
02/26/25 07:45:01.769 [139402623845952] DEBUG Tran -  Prepare...
02/26/25 07:45:01.769 [139402623845952] DEBUG Tran -  Process...
02/26/25 07:45:01.843 [139402623845952] DEBUG Tran -  Store...
02/26/25 07:45:01.843 [139402623845952] DEBUG Tran -  Done...


02/26/25 07:45:01.843 [139402623845952] DEBUG Tran -  Wait...
02/26/25 07:45:01.843 [139402623845952] DEBUG Tran -  Wake...
02/26/25 07:45:01.843 [139402623845952] DEBUG Tran -  Prepare...
02/26/25 07:45:01.843 [139402623845952] DEBUG Tran -  Process...
02/26/25 07:45:01.905 [139402623845952] DEBUG Tran -  Store...
02/26/25 07:45:01.905 [139402623845952] DEBUG Tran -  Done...


02/26/25 07:45:01.905 [139402623845952] DEBUG Tran -  Wait...
02/26/25 07:45:01.905 [139402623845952] DEBUG Tran -  Wake...
02/26/25 07:45:01.905 [139402623845952] DEBUG Tran -  Prepare...
02/26/25 07:45:01.905 [139402623845952] DEBUG Tran -  Process...
02/26/25 07:45:01.965 [139402623845952] DEBUG Tran -  Store...
02/26/25 07:45:01.965 [139402623845952] DEBUG Tran -  Done...


02/26/25 07:45:01.965 [139402623845952] DEBUG Tran -  Wait...
02/26/25 07:45:01.965 [139402623845952] DEBUG Tran -  Wake...
02/26/25 07:45:01.965 [139402623845952] DEBUG Tran -  Prepare...
02/26/25 07:45:01.965 [139402623845952] DEBUG Tran -  Process...
02/26/25 07:45:02.025 [139402623845952] DEBUG Tran -  Store...
02/26/25 07:45:02.026 [139402623845952] DEBUG Tran -  Done...


02/26/25 07:45:02.026 [139402623845952] DEBUG Tran -  Wait...
02/26/25 07:45:02.026 [139402623845952] DEBUG Tran -  Wake...
02/26/25 07:45:02.026 [139402623845952] DEBUG Tran -  Prepare...
02/26/25 07:45:02.026 [139402623845952] DEBUG Tran -  Process...
02/26/25 07:45:02.087 [139402623845952] DEBUG Tran -  Store...
02/26/25 07:45:02.087 [139402623845952] DEBUG Tran -  Done...


02/26/25 07:45:02.087 [139402623845952] DEBUG Tran -  Wait...
02/26/25 07:45:02.087 [139402623845952] DEBUG Tran -  Wake...
02/26/25 07:45:02.087 [139402623845952] DEBUG Tran -  Prepare...
02/26/25 07:45:02.087 [139402623845952] DEBUG Tran -  Process...
02/26/25 07:45:02.150 [139402623845952] DEBUG Tran -  Store...
02/26/25 07:45:02.150 [139402623845952] DEBUG Tran -  Done...


02/26/25 07:45:02.150 [139402623845952] DEBUG Tran -  Wait...
02/26/25 07:45:02.150 [139402623845952] DEBUG Tran -  Wake...
02/26/25 07:45:02.150 [139402623845952] DEBUG Tran -  Prepare...
02/26/25 07:45:02.150 [139402623845952] DEBUG Tran -  Process...
02/26/25 07:45:02.215 [139402623845952] DEBUG Tran -  Store...
02/26/25 07:45:02.216 [139402623845952] DEBUG Tran -  Done...


02/26/25 07:45:02.216 [139402623845952] DEBUG Tran -  Wait...
02/26/25 07:45:02.216 [139402623845952] DEBUG Tran -  Wake...
02/26/25 07:45:02.216 [139402623845952] DEBUG Tran -  Prepare...
02/26/25 07:45:02.216 [139402623845952] DEBUG Tran -  Process...
02/26/25 07:45:02.277 [139402623845952] DEBUG Tran -  Store...
02/26/25 07:45:02.277 [139402623845952] DEBUG Tran -  Done...


02/26/25 07:45:02.277 [139402623845952] DEBUG Tran -  Wait...
02/26/25 07:45:02.277 [139402623845952] DEBUG Tran -  Wake...
02/26/25 07:45:02.277 [139402623845952] DEBUG Tran -  Prepare...
02/26/25 07:45:02.277 [139402623845952] DEBUG Tran -  Process...
02/26/25 07:45:02.417 [139402623845952] DEBUG Tran -  Store...
02/26/25 07:45:02.417 [139402623845952] DEBUG Tran -  Done...


02/26/25 07:45:02.417 [139402623845952] DEBUG Tran -  Wait...
02/26/25 07:45:02.417 [139402623845952] DEBUG Tran -  Wake...
02/26/25 07:45:02.417 [139402623845952] DEBUG Tran -  Prepare...
02/26/25 07:45:02.417 [139402623845952] DEBUG Tran -  Process...
02/26/25 07:45:02.555 [139402623845952] DEBUG Tran -  Store...
02/26/25 07:45:02.556 [139402623845952] DEBUG Tran -  Done...


02/26/25 07:45:02.556 [139402623845952] DEBUG Tran -  Wait...
02/26/25 07:45:02.556 [139402623845952] DEBUG Tran -  Wake...
02/26/25 07:45:02.556 [139402623845952] DEBUG Tran -  Prepare...
02/26/25 07:45:02.556 [139402623845952] DEBUG Tran -  Process...
02/26/25 07:45:02.621 [139402623845952] DEBUG Tran -  Store...
02/26/25 07:45:02.621 [139402623845952] DEBUG Tran -  Done...


02/26/25 07:45:02.621 [139402623845952] DEBUG Tran -  Wait...
02/26/25 07:45:02.621 [139402623845952] DEBUG Tran -  Wake...
02/26/25 07:45:02.621 [139402623845952] DEBUG Tran -  Prepare...
02/26/25 07:45:02.621 [139402623845952] DEBUG Tran -  Process...
02/26/25 07:45:02.768 [139402623845952] DEBUG Tran -  Store...
02/26/25 07:45:02.768 [139402623845952] DEBUG Tran -  Done...


02/26/25 07:45:02.768 [139402623845952] DEBUG Tran -  Wait...
02/26/25 07:45:02.768 [139402623845952] DEBUG Tran -  Wake...
02/26/25 07:45:02.768 [139402623845952] DEBUG Tran -  Prepare...
02/26/25 07:45:02.768 [139402623845952] DEBUG Tran -  Process...
