12/14/24 09:55:16.495 [132821794424384] DEBUG Ex -  Wait...
12/14/24 09:55:16.605 [132821794424384] DEBUG Ex -  Wake...
12/14/24 09:55:16.605 [132821794424384] DEBUG Ex -  Prepare...
12/14/24 09:55:16.605 [132821794424384] DEBUG Ex -  Process...
12/14/24 09:55:16.856 [132821794424384] DEBUG Ex -  Store...
12/14/24 09:55:16.857 [132821794424384] DEBUG Ex -  Done...


12/14/24 09:55:16.857 [132821794424384] DEBUG Ex -  Wait...
12/14/24 09:55:16.857 [132821794424384] DEBUG Ex -  Wake...
12/14/24 09:55:16.857 [132821794424384] DEBUG Ex -  Prepare...
12/14/24 09:55:16.857 [132821794424384] DEBUG Ex -  Process...
12/14/24 09:55:17.054 [132821794424384] DEBUG Ex -  Store...
12/14/24 09:55:17.054 [132821794424384] DEBUG Ex -  Done...


12/14/24 09:55:17.054 [132821794424384] DEBUG Ex -  Wait...
12/14/24 09:55:17.054 [132821794424384] DEBUG Ex -  Wake...
12/14/24 09:55:17.054 [132821794424384] DEBUG Ex -  Prepare...
12/14/24 09:55:17.054 [132821794424384] DEBUG Ex -  Process...
12/14/24 09:55:17.131 [132821794424384] DEBUG Ex -  Store...
12/14/24 09:55:17.131 [132821794424384] DEBUG Ex -  Done...


12/14/24 09:55:17.131 [132821794424384] DEBUG Ex -  Wait...
12/14/24 09:55:17.131 [132821794424384] DEBUG Ex -  Wake...
12/14/24 09:55:17.131 [132821794424384] DEBUG Ex -  Prepare...
12/14/24 09:55:17.131 [132821794424384] DEBUG Ex -  Process...
12/14/24 09:55:17.286 [132821794424384] DEBUG Ex -  Store...
12/14/24 09:55:17.286 [132821794424384] DEBUG Ex -  Done...


12/14/24 09:55:17.286 [132821794424384] DEBUG Ex -  Wait...
12/14/24 09:55:17.286 [132821794424384] DEBUG Ex -  Wake...
12/14/24 09:55:17.286 [132821794424384] DEBUG Ex -  Prepare...
12/14/24 09:55:17.286 [132821794424384] DEBUG Ex -  Process...
12/14/24 09:55:17.354 [132821794424384] DEBUG Ex -  Store...
12/14/24 09:55:17.354 [132821794424384] DEBUG Ex -  Done...


12/14/24 09:55:17.354 [132821794424384] DEBUG Ex -  Wait...
12/14/24 09:55:17.354 [132821794424384] DEBUG Ex -  Wake...
12/14/24 09:55:17.354 [132821794424384] DEBUG Ex -  Prepare...
12/14/24 09:55:17.354 [132821794424384] DEBUG Ex -  Process...
12/14/24 09:55:17.532 [132821794424384] DEBUG Ex -  Store...
12/14/24 09:55:17.532 [132821794424384] DEBUG Ex -  Done...


12/14/24 09:55:17.532 [132821794424384] DEBUG Ex -  Wait...
12/14/24 09:55:17.532 [132821794424384] DEBUG Ex -  Wake...
12/14/24 09:55:17.532 [132821794424384] DEBUG Ex -  Prepare...
12/14/24 09:55:17.532 [132821794424384] DEBUG Ex -  Process...
12/14/24 09:55:17.727 [132821794424384] DEBUG Ex -  Store...
12/14/24 09:55:17.727 [132821794424384] DEBUG Ex -  Done...


12/14/24 09:55:17.727 [132821794424384] DEBUG Ex -  Wait...
12/14/24 09:55:17.727 [132821794424384] DEBUG Ex -  Wake...
12/14/24 09:55:17.727 [132821794424384] DEBUG Ex -  Prepare...
12/14/24 09:55:17.727 [132821794424384] DEBUG Ex -  Process...
12/14/24 09:55:17.809 [132821794424384] DEBUG Ex -  Store...
12/14/24 09:55:17.809 [132821794424384] DEBUG Ex -  Done...


12/14/24 09:55:17.809 [132821794424384] DEBUG Ex -  Wait...
12/14/24 09:55:17.809 [132821794424384] DEBUG Ex -  Wake...
12/14/24 09:55:17.809 [132821794424384] DEBUG Ex -  Prepare...
12/14/24 09:55:17.809 [132821794424384] DEBUG Ex -  Process...
12/14/24 09:55:17.882 [132821794424384] DEBUG Ex -  Store...
12/14/24 09:55:17.883 [132821794424384] DEBUG Ex -  Done...


12/14/24 09:55:17.883 [132821794424384] DEBUG Ex -  Wait...
12/14/24 09:55:17.941 [132821794424384] DEBUG Ex -  Wake...
12/14/24 09:55:17.941 [132821794424384] DEBUG Ex -  Prepare...
12/14/24 09:55:17.941 [132821794424384] DEBUG Ex -  Process...
12/14/24 09:55:18.120 [132821794424384] DEBUG Ex -  Store...
12/14/24 09:55:18.121 [132821794424384] DEBUG Ex -  Done...


12/14/24 09:55:18.121 [132821794424384] DEBUG Ex -  Wait...
12/14/24 09:55:18.121 [132821794424384] DEBUG Ex -  Wake...
12/14/24 09:55:18.121 [132821794424384] DEBUG Ex -  Prepare...
12/14/24 09:55:18.121 [132821794424384] DEBUG Ex -  Process...
12/14/24 09:55:18.303 [132821794424384] DEBUG Ex -  Store...
12/14/24 09:55:18.303 [132821794424384] DEBUG Ex -  Done...


12/14/24 09:55:18.303 [132821794424384] DEBUG Ex -  Wait...
12/14/24 09:55:18.303 [132821794424384] DEBUG Ex -  Wake...
12/14/24 09:55:18.303 [132821794424384] DEBUG Ex -  Prepare...
12/14/24 09:55:18.303 [132821794424384] DEBUG Ex -  Process...
12/14/24 09:55:18.468 [132821794424384] DEBUG Ex -  Store...
12/14/24 09:55:18.468 [132821794424384] DEBUG Ex -  Done...


12/14/24 09:55:18.468 [132821794424384] DEBUG Ex -  Wait...
12/14/24 09:55:18.469 [132821794424384] DEBUG Ex -  Wake...
12/14/24 09:55:18.469 [132821794424384] DEBUG Ex -  Prepare...
12/14/24 09:55:18.469 [132821794424384] DEBUG Ex -  Process...
12/14/24 09:55:18.538 [132821794424384] DEBUG Ex -  Store...
12/14/24 09:55:18.538 [132821794424384] DEBUG Ex -  Done...


12/14/24 09:55:18.538 [132821794424384] DEBUG Ex -  Wait...
12/14/24 09:55:18.538 [132821794424384] DEBUG Ex -  Wake...
12/14/24 09:55:18.538 [132821794424384] DEBUG Ex -  Prepare...
12/14/24 09:55:18.538 [132821794424384] DEBUG Ex -  Process...
12/14/24 09:55:18.611 [132821794424384] DEBUG Ex -  Store...
12/14/24 09:55:18.611 [132821794424384] DEBUG Ex -  Done...


12/14/24 09:55:18.611 [132821794424384] DEBUG Ex -  Wait...
12/14/24 09:55:18.624 [132821794424384] DEBUG Ex -  Wake...
12/14/24 09:55:18.624 [132821794424384] DEBUG Ex -  Prepare...
12/14/24 09:55:18.624 [132821794424384] DEBUG Ex -  Process...
12/14/24 09:55:18.812 [132821794424384] DEBUG Ex -  Store...
12/14/24 09:55:18.812 [132821794424384] DEBUG Ex -  Done...


12/14/24 09:55:18.812 [132821794424384] DEBUG Ex -  Wait...
12/14/24 09:55:18.812 [132821794424384] DEBUG Ex -  Wake...
12/14/24 09:55:18.812 [132821794424384] DEBUG Ex -  Prepare...
12/14/24 09:55:18.812 [132821794424384] DEBUG Ex -  Process...
12/14/24 09:55:18.876 [132821794424384] DEBUG Ex -  Store...
12/14/24 09:55:18.876 [132821794424384] DEBUG Ex -  Done...


12/14/24 09:55:18.876 [132821794424384] DEBUG Ex -  Wait...
12/14/24 09:55:18.908 [132821794424384] DEBUG Ex -  Wake...
12/14/24 09:55:18.908 [132821794424384] DEBUG Ex -  Prepare...
12/14/24 09:55:18.908 [132821794424384] DEBUG Ex -  Process...
12/14/24 09:55:19.079 [132821794424384] DEBUG Ex -  Store...
12/14/24 09:55:19.079 [132821794424384] DEBUG Ex -  Done...


12/14/24 09:55:19.079 [132821794424384] DEBUG Ex -  Wait...
12/14/24 09:55:19.079 [132821794424384] DEBUG Ex -  Wake...
12/14/24 09:55:19.079 [132821794424384] DEBUG Ex -  Prepare...
12/14/24 09:55:19.079 [132821794424384] DEBUG Ex -  Process...
12/14/24 09:55:19.261 [132821794424384] DEBUG Ex -  Store...
12/14/24 09:55:19.261 [132821794424384] DEBUG Ex -  Done...


12/14/24 09:55:19.261 [132821794424384] DEBUG Ex -  Wait...
12/14/24 09:55:19.261 [132821794424384] DEBUG Ex -  Wake...
12/14/24 09:55:19.261 [132821794424384] DEBUG Ex -  Prepare...
12/14/24 09:55:19.261 [132821794424384] DEBUG Ex -  Process...
12/14/24 09:55:19.333 [132821794424384] DEBUG Ex -  Store...
12/14/24 09:55:19.333 [132821794424384] DEBUG Ex -  Done...


12/14/24 09:55:19.333 [132821794424384] DEBUG Ex -  Wait...
12/14/24 09:55:19.333 [132821794424384] DEBUG Ex -  Wake...
12/14/24 09:55:19.333 [132821794424384] DEBUG Ex -  Prepare...
12/14/24 09:55:19.333 [132821794424384] DEBUG Ex -  Process...
