12/14/24 09:55:16.222 [132821960099392] DEBUG Tran -  Wait...
12/14/24 09:55:16.222 [132821960099392] DEBUG Tran -  Wake...
12/14/24 09:55:16.222 [132821960099392] DEBUG Tran -  Prepare...
12/14/24 09:55:16.223 [132821960099392] DEBUG Tran -  Process...
12/14/24 09:55:16.494 [132821960099392] DEBUG Tran -  Store...
12/14/24 09:55:16.495 [132821960099392] DEBUG Tran -  Done...


12/14/24 09:55:16.495 [132821960099392] DEBUG Tran -  Wait...
12/14/24 09:55:16.495 [132821960099392] DEBUG Tran -  Wake...
12/14/24 09:55:16.495 [132821960099392] DEBUG Tran -  Prepare...
12/14/24 09:55:16.495 [132821960099392] DEBUG Tran -  Process...
12/14/24 09:55:16.605 [132821960099392] DEBUG Tran -  Store...
12/14/24 09:55:16.605 [132821960099392] DEBUG Tran -  Done...


12/14/24 09:55:16.605 [132821960099392] DEBUG Tran -  Wait...
12/14/24 09:55:16.605 [132821960099392] DEBUG Tran -  Wake...
12/14/24 09:55:16.605 [132821960099392] DEBUG Tran -  Prepare...
12/14/24 09:55:16.605 [132821960099392] DEBUG Tran -  Process...
12/14/24 09:55:16.765 [132821960099392] DEBUG Tran -  Store...
12/14/24 09:55:16.765 [132821960099392] DEBUG Tran -  Done...


12/14/24 09:55:16.765 [132821960099392] DEBUG Tran -  Wait...
12/14/24 09:55:16.765 [132821960099392] DEBUG Tran -  Wake...
12/14/24 09:55:16.765 [132821960099392] DEBUG Tran -  Prepare...
12/14/24 09:55:16.765 [132821960099392] DEBUG Tran -  Process...
12/14/24 09:55:16.858 [132821960099392] DEBUG Tran -  Store...
12/14/24 09:55:16.860 [132821960099392] DEBUG Tran -  Done...


12/14/24 09:55:16.860 [132821960099392] DEBUG Tran -  Wait...
12/14/24 09:55:16.860 [132821960099392] DEBUG Tran -  Wake...
12/14/24 09:55:16.860 [132821960099392] DEBUG Tran -  Prepare...
12/14/24 09:55:16.860 [132821960099392] DEBUG Tran -  Process...
12/14/24 09:55:16.998 [132821960099392] DEBUG Tran -  Store...
12/14/24 09:55:16.998 [132821960099392] DEBUG Tran -  Done...


12/14/24 09:55:16.998 [132821960099392] DEBUG Tran -  Wait...
12/14/24 09:55:16.998 [132821960099392] DEBUG Tran -  Wake...
12/14/24 09:55:16.998 [132821960099392] DEBUG Tran -  Prepare...
12/14/24 09:55:16.998 [132821960099392] DEBUG Tran -  Process...
12/14/24 09:55:17.100 [132821960099392] DEBUG Tran -  Store...
12/14/24 09:55:17.100 [132821960099392] DEBUG Tran -  Done...


12/14/24 09:55:17.100 [132821960099392] DEBUG Tran -  Wait...
12/14/24 09:55:17.100 [132821960099392] DEBUG Tran -  Wake...
12/14/24 09:55:17.100 [132821960099392] DEBUG Tran -  Prepare...
12/14/24 09:55:17.100 [132821960099392] DEBUG Tran -  Process...
12/14/24 09:55:17.246 [132821960099392] DEBUG Tran -  Store...
12/14/24 09:55:17.247 [132821960099392] DEBUG Tran -  Done...


12/14/24 09:55:17.247 [132821960099392] DEBUG Tran -  Wait...
12/14/24 09:55:17.247 [132821960099392] DEBUG Tran -  Wake...
12/14/24 09:55:17.247 [132821960099392] DEBUG Tran -  Prepare...
12/14/24 09:55:17.247 [132821960099392] DEBUG Tran -  Process...
12/14/24 09:55:17.353 [132821960099392] DEBUG Tran -  Store...
12/14/24 09:55:17.353 [132821960099392] DEBUG Tran -  Done...


12/14/24 09:55:17.353 [132821960099392] DEBUG Tran -  Wait...
12/14/24 09:55:17.353 [132821960099392] DEBUG Tran -  Wake...
12/14/24 09:55:17.353 [132821960099392] DEBUG Tran -  Prepare...
12/14/24 09:55:17.353 [132821960099392] DEBUG Tran -  Process...
12/14/24 09:55:17.500 [132821960099392] DEBUG Tran -  Store...
12/14/24 09:55:17.500 [132821960099392] DEBUG Tran -  Done...


12/14/24 09:55:17.500 [132821960099392] DEBUG Tran -  Wait...
12/14/24 09:55:17.500 [132821960099392] DEBUG Tran -  Wake...
12/14/24 09:55:17.500 [132821960099392] DEBUG Tran -  Prepare...
12/14/24 09:55:17.500 [132821960099392] DEBUG Tran -  Process...
12/14/24 09:55:17.642 [132821960099392] DEBUG Tran -  Store...
12/14/24 09:55:17.642 [132821960099392] DEBUG Tran -  Done...


12/14/24 09:55:17.642 [132821960099392] DEBUG Tran -  Wait...
12/14/24 09:55:17.642 [132821960099392] DEBUG Tran -  Wake...
12/14/24 09:55:17.642 [132821960099392] DEBUG Tran -  Prepare...
12/14/24 09:55:17.642 [132821960099392] DEBUG Tran -  Process...
12/14/24 09:55:17.794 [132821960099392] DEBUG Tran -  Store...
12/14/24 09:55:17.794 [132821960099392] DEBUG Tran -  Done...


12/14/24 09:55:17.794 [132821960099392] DEBUG Tran -  Wait...
12/14/24 09:55:17.794 [132821960099392] DEBUG Tran -  Wake...
12/14/24 09:55:17.794 [132821960099392] DEBUG Tran -  Prepare...
12/14/24 09:55:17.794 [132821960099392] DEBUG Tran -  Process...
12/14/24 09:55:17.941 [132821960099392] DEBUG Tran -  Store...
12/14/24 09:55:17.941 [132821960099392] DEBUG Tran -  Done...


12/14/24 09:55:17.941 [132821960099392] DEBUG Tran -  Wait...
12/14/24 09:55:17.941 [132821960099392] DEBUG Tran -  Wake...
12/14/24 09:55:17.941 [132821960099392] DEBUG Tran -  Prepare...
12/14/24 09:55:17.941 [132821960099392] DEBUG Tran -  Process...
12/14/24 09:55:18.060 [132821960099392] DEBUG Tran -  Store...
12/14/24 09:55:18.061 [132821960099392] DEBUG Tran -  Done...


12/14/24 09:55:18.061 [132821960099392] DEBUG Tran -  Wait...
12/14/24 09:55:18.061 [132821960099392] DEBUG Tran -  Wake...
12/14/24 09:55:18.061 [132821960099392] DEBUG Tran -  Prepare...
12/14/24 09:55:18.061 [132821960099392] DEBUG Tran -  Process...
12/14/24 09:55:18.238 [132821960099392] DEBUG Tran -  Store...
12/14/24 09:55:18.238 [132821960099392] DEBUG Tran -  Done...


12/14/24 09:55:18.239 [132821960099392] DEBUG Tran -  Wait...
12/14/24 09:55:18.239 [132821960099392] DEBUG Tran -  Wake...
12/14/24 09:55:18.239 [132821960099392] DEBUG Tran -  Prepare...
12/14/24 09:55:18.239 [132821960099392] DEBUG Tran -  Process...
12/14/24 09:55:18.421 [132821960099392] DEBUG Tran -  Store...
12/14/24 09:55:18.421 [132821960099392] DEBUG Tran -  Done...


12/14/24 09:55:18.421 [132821960099392] DEBUG Tran -  Wait...
12/14/24 09:55:18.421 [132821960099392] DEBUG Tran -  Wake...
12/14/24 09:55:18.421 [132821960099392] DEBUG Tran -  Prepare...
12/14/24 09:55:18.421 [132821960099392] DEBUG Tran -  Process...
12/14/24 09:55:18.520 [132821960099392] DEBUG Tran -  Store...
12/14/24 09:55:18.520 [132821960099392] DEBUG Tran -  Done...


12/14/24 09:55:18.520 [132821960099392] DEBUG Tran -  Wait...
12/14/24 09:55:18.520 [132821960099392] DEBUG Tran -  Wake...
12/14/24 09:55:18.520 [132821960099392] DEBUG Tran -  Prepare...
12/14/24 09:55:18.520 [132821960099392] DEBUG Tran -  Process...
12/14/24 09:55:18.624 [132821960099392] DEBUG Tran -  Store...
12/14/24 09:55:18.624 [132821960099392] DEBUG Tran -  Done...


12/14/24 09:55:18.624 [132821960099392] DEBUG Tran -  Wait...
12/14/24 09:55:18.624 [132821960099392] DEBUG Tran -  Wake...
12/14/24 09:55:18.624 [132821960099392] DEBUG Tran -  Prepare...
12/14/24 09:55:18.624 [132821960099392] DEBUG Tran -  Process...
12/14/24 09:55:18.746 [132821960099392] DEBUG Tran -  Store...
12/14/24 09:55:18.746 [132821960099392] DEBUG Tran -  Done...


12/14/24 09:55:18.746 [132821960099392] DEBUG Tran -  Wait...
12/14/24 09:55:18.746 [132821960099392] DEBUG Tran -  Wake...
12/14/24 09:55:18.746 [132821960099392] DEBUG Tran -  Prepare...
12/14/24 09:55:18.746 [132821960099392] DEBUG Tran -  Process...
12/14/24 09:55:18.908 [132821960099392] DEBUG Tran -  Store...
12/14/24 09:55:18.908 [132821960099392] DEBUG Tran -  Done...


12/14/24 09:55:18.908 [132821960099392] DEBUG Tran -  Wait...
12/14/24 09:55:18.908 [132821960099392] DEBUG Tran -  Wake...
12/14/24 09:55:18.908 [132821960099392] DEBUG Tran -  Prepare...
12/14/24 09:55:18.908 [132821960099392] DEBUG Tran -  Process...
12/14/24 09:55:19.026 [132821960099392] DEBUG Tran -  Store...
12/14/24 09:55:19.026 [132821960099392] DEBUG Tran -  Done...


12/14/24 09:55:19.026 [132821960099392] DEBUG Tran -  Wait...
12/14/24 09:55:19.026 [132821960099392] DEBUG Tran -  Wake...
12/14/24 09:55:19.026 [132821960099392] DEBUG Tran -  Prepare...
12/14/24 09:55:19.026 [132821960099392] DEBUG Tran -  Process...
12/14/24 09:55:19.202 [132821960099392] DEBUG Tran -  Store...
12/14/24 09:55:19.202 [132821960099392] DEBUG Tran -  Done...


12/14/24 09:55:19.202 [132821960099392] DEBUG Tran -  Wait...
12/14/24 09:55:19.203 [132821960099392] DEBUG Tran -  Wake...
12/14/24 09:55:19.203 [132821960099392] DEBUG Tran -  Prepare...
12/14/24 09:55:19.203 [132821960099392] DEBUG Tran -  Process...
12/14/24 09:55:19.300 [132821960099392] DEBUG Tran -  Store...
12/14/24 09:55:19.300 [132821960099392] DEBUG Tran -  Done...


12/14/24 09:55:19.300 [132821960099392] DEBUG Tran -  Wait...
12/14/24 09:55:19.300 [132821960099392] DEBUG Tran -  Wake...
12/14/24 09:55:19.300 [132821960099392] DEBUG Tran -  Prepare...
12/14/24 09:55:19.300 [132821960099392] DEBUG Tran -  Process...
